CRITICAL - 2022-07-25 07:44:37 --> Undefined variable $errors
in APPPATH\Views\administracao\form_filme_v.php on line 28.
 1 APPPATH\Views\administracao\form_filme_v.php(28): CodeIgniter\Debug\Exceptions->errorHandler(2, 'Undefined variable $errors', 'APPPATH\\Views\\administracao\\form_filme_v.php', 28)
 2 SYSTEMPATH\View\View.php(213): include('APPPATH\\Views\\administracao\\form_filme_v.php')
 3 SYSTEMPATH\View\View.php(216): CodeIgniter\View\View->CodeIgniter\View\{closure}()
 4 SYSTEMPATH\Common.php(1135): CodeIgniter\View\View->render('administracao/form_filme_v', [], true)
 5 APPPATH\Controllers\Filme.php(37): view('administracao/form_filme_v', [...])
 6 SYSTEMPATH\CodeIgniter.php(896): App\Controllers\Filme->novo_filme()
 7 SYSTEMPATH\CodeIgniter.php(466): CodeIgniter\CodeIgniter->runController(Object(App\Controllers\Filme))
 8 SYSTEMPATH\CodeIgniter.php(349): CodeIgniter\CodeIgniter->handleRequest(null, Object(Config\Cache), false)
 9 FCPATH\index.php(55): CodeIgniter\CodeIgniter->run()
CRITICAL - 2022-07-25 07:47:40 --> syntax error, unexpected token "return"
in APPPATH\Controllers\Filme.php on line 42.
 1 SYSTEMPATH\Router\Router.php(499): CodeIgniter\Router\AutoRouter->getRoute('filme/index')
 2 SYSTEMPATH\Router\Router.php(205): CodeIgniter\Router\Router->autoRoute('filme/index')
 3 SYSTEMPATH\CodeIgniter.php(771): CodeIgniter\Router\Router->handle('filme/index')
 4 SYSTEMPATH\CodeIgniter.php(415): CodeIgniter\CodeIgniter->tryToRouteIt(Object(CodeIgniter\Router\RouteCollection))
 5 SYSTEMPATH\CodeIgniter.php(349): CodeIgniter\CodeIgniter->handleRequest(null, Object(Config\Cache), false)
 6 FCPATH\index.php(55): CodeIgniter\CodeIgniter->run()
CRITICAL - 2022-07-25 07:49:58 --> Undefined variable $errors
in APPPATH\Views\administracao\form_filme_v.php on line 28.
 1 APPPATH\Views\administracao\form_filme_v.php(28): CodeIgniter\Debug\Exceptions->errorHandler(2, 'Undefined variable $errors', 'APPPATH\\Views\\administracao\\form_filme_v.php', 28)
 2 SYSTEMPATH\View\View.php(213): include('APPPATH\\Views\\administracao\\form_filme_v.php')
 3 SYSTEMPATH\View\View.php(216): CodeIgniter\View\View->CodeIgniter\View\{closure}()
 4 SYSTEMPATH\Common.php(1135): CodeIgniter\View\View->render('administracao/form_filme_v', [], true)
 5 APPPATH\Controllers\Filme.php(38): view('administracao/form_filme_v', [...])
 6 SYSTEMPATH\CodeIgniter.php(896): App\Controllers\Filme->novo_filme()
 7 SYSTEMPATH\CodeIgniter.php(466): CodeIgniter\CodeIgniter->runController(Object(App\Controllers\Filme))
 8 SYSTEMPATH\CodeIgniter.php(349): CodeIgniter\CodeIgniter->handleRequest(null, Object(Config\Cache), false)
 9 FCPATH\index.php(55): CodeIgniter\CodeIgniter->run()
CRITICAL - 2022-07-25 07:50:49 --> Illegal offset type
in APPPATH\Controllers\Filme.php on line 40.
 1 [internal function]: CodeIgniter\Debug\Exceptions->shutdownHandler()
CRITICAL - 2022-07-25 07:51:05 --> Illegal offset type
in APPPATH\Controllers\Filme.php on line 40.
 1 [internal function]: CodeIgniter\Debug\Exceptions->shutdownHandler()
CRITICAL - 2022-07-25 07:52:39 --> Undefined variable $erros
in APPPATH\Views\administracao\form_filme_v.php on line 28.
 1 APPPATH\Views\administracao\form_filme_v.php(28): CodeIgniter\Debug\Exceptions->errorHandler(2, 'Undefined variable $erros', 'APPPATH\\Views\\administracao\\form_filme_v.php', 28)
 2 SYSTEMPATH\View\View.php(213): include('APPPATH\\Views\\administracao\\form_filme_v.php')
 3 SYSTEMPATH\View\View.php(216): CodeIgniter\View\View->CodeIgniter\View\{closure}()
 4 SYSTEMPATH\Common.php(1135): CodeIgniter\View\View->render('administracao/form_filme_v', [], true)
 5 APPPATH\Controllers\Filme.php(38): view('administracao/form_filme_v', [...])
 6 SYSTEMPATH\CodeIgniter.php(896): App\Controllers\Filme->novo_filme()
 7 SYSTEMPATH\CodeIgniter.php(466): CodeIgniter\CodeIgniter->runController(Object(App\Controllers\Filme))
 8 SYSTEMPATH\CodeIgniter.php(349): CodeIgniter\CodeIgniter->handleRequest(null, Object(Config\Cache), false)
 9 FCPATH\index.php(55): CodeIgniter\CodeIgniter->run()
CRITICAL - 2022-07-25 07:54:32 --> syntax error, unexpected token "}"
in APPPATH\Views\administracao\form_filme_v.php on line 32.
 1 SYSTEMPATH\View\View.php(216): CodeIgniter\View\View->CodeIgniter\View\{closure}()
 2 SYSTEMPATH\Common.php(1135): CodeIgniter\View\View->render('administracao/form_filme_v', [], true)
 3 APPPATH\Controllers\Filme.php(38): view('administracao/form_filme_v', [...])
 4 SYSTEMPATH\CodeIgniter.php(896): App\Controllers\Filme->novo_filme()
 5 SYSTEMPATH\CodeIgniter.php(466): CodeIgniter\CodeIgniter->runController(Object(App\Controllers\Filme))
 6 SYSTEMPATH\CodeIgniter.php(349): CodeIgniter\CodeIgniter->handleRequest(null, Object(Config\Cache), false)
 7 FCPATH\index.php(55): CodeIgniter\CodeIgniter->run()
CRITICAL - 2022-07-25 07:59:33 --> There is no data to insert.
in SYSTEMPATH\BaseModel.php on line 718.
 1 SYSTEMPATH\BaseModel.php(718): CodeIgniter\Database\Exceptions\DataException::forEmptyDataset('insert')
 2 SYSTEMPATH\Model.php(666): CodeIgniter\BaseModel->insert([], false)
 3 SYSTEMPATH\BaseModel.php(658): CodeIgniter\Model->insert([...], false)
 4 APPPATH\Controllers\Usuario.php(115): CodeIgniter\BaseModel->save([...])
 5 SYSTEMPATH\CodeIgniter.php(896): App\Controllers\Usuario->salvar()
 6 SYSTEMPATH\CodeIgniter.php(466): CodeIgniter\CodeIgniter->runController(Object(App\Controllers\Usuario))
 7 SYSTEMPATH\CodeIgniter.php(349): CodeIgniter\CodeIgniter->handleRequest(null, Object(Config\Cache), false)
 8 FCPATH\index.php(55): CodeIgniter\CodeIgniter->run()
CRITICAL - 2022-07-25 08:03:26 --> There is no data to insert.
in SYSTEMPATH\BaseModel.php on line 718.
 1 SYSTEMPATH\BaseModel.php(718): CodeIgniter\Database\Exceptions\DataException::forEmptyDataset('insert')
 2 SYSTEMPATH\Model.php(666): CodeIgniter\BaseModel->insert([], false)
 3 SYSTEMPATH\BaseModel.php(658): CodeIgniter\Model->insert([...], false)
 4 APPPATH\Controllers\Usuario.php(115): CodeIgniter\BaseModel->save([...])
 5 SYSTEMPATH\CodeIgniter.php(896): App\Controllers\Usuario->salvar()
 6 SYSTEMPATH\CodeIgniter.php(466): CodeIgniter\CodeIgniter->runController(Object(App\Controllers\Usuario))
 7 SYSTEMPATH\CodeIgniter.php(349): CodeIgniter\CodeIgniter->handleRequest(null, Object(Config\Cache), false)
 8 FCPATH\index.php(55): CodeIgniter\CodeIgniter->run()
CRITICAL - 2022-07-25 08:05:47 --> There is no data to insert.
in SYSTEMPATH\BaseModel.php on line 718.
 1 SYSTEMPATH\BaseModel.php(718): CodeIgniter\Database\Exceptions\DataException::forEmptyDataset('insert')
 2 SYSTEMPATH\Model.php(666): CodeIgniter\BaseModel->insert([], false)
 3 SYSTEMPATH\BaseModel.php(658): CodeIgniter\Model->insert([...], false)
 4 APPPATH\Controllers\Usuario.php(115): CodeIgniter\BaseModel->save([...])
 5 SYSTEMPATH\CodeIgniter.php(896): App\Controllers\Usuario->salvar()
 6 SYSTEMPATH\CodeIgniter.php(466): CodeIgniter\CodeIgniter->runController(Object(App\Controllers\Usuario))
 7 SYSTEMPATH\CodeIgniter.php(349): CodeIgniter\CodeIgniter->handleRequest(null, Object(Config\Cache), false)
 8 FCPATH\index.php(55): CodeIgniter\CodeIgniter->run()
CRITICAL - 2022-07-25 08:17:10 --> There is no data to insert.
in SYSTEMPATH\BaseModel.php on line 718.
 1 SYSTEMPATH\BaseModel.php(718): CodeIgniter\Database\Exceptions\DataException::forEmptyDataset('insert')
 2 SYSTEMPATH\Model.php(666): CodeIgniter\BaseModel->insert([], false)
 3 SYSTEMPATH\BaseModel.php(658): CodeIgniter\Model->insert([...], false)
 4 APPPATH\Controllers\Usuario.php(115): CodeIgniter\BaseModel->save([...])
 5 SYSTEMPATH\CodeIgniter.php(896): App\Controllers\Usuario->salvar()
 6 SYSTEMPATH\CodeIgniter.php(466): CodeIgniter\CodeIgniter->runController(Object(App\Controllers\Usuario))
 7 SYSTEMPATH\CodeIgniter.php(349): CodeIgniter\CodeIgniter->handleRequest(null, Object(Config\Cache), false)
 8 FCPATH\index.php(55): CodeIgniter\CodeIgniter->run()
CRITICAL - 2022-07-25 08:18:10 --> There is no data to insert.
in SYSTEMPATH\BaseModel.php on line 718.
 1 SYSTEMPATH\BaseModel.php(718): CodeIgniter\Database\Exceptions\DataException::forEmptyDataset('insert')
 2 SYSTEMPATH\Model.php(666): CodeIgniter\BaseModel->insert([], false)
 3 SYSTEMPATH\BaseModel.php(658): CodeIgniter\Model->insert([...], false)
 4 APPPATH\Controllers\Usuario.php(115): CodeIgniter\BaseModel->save([...])
 5 SYSTEMPATH\CodeIgniter.php(896): App\Controllers\Usuario->salvar()
 6 SYSTEMPATH\CodeIgniter.php(466): CodeIgniter\CodeIgniter->runController(Object(App\Controllers\Usuario))
 7 SYSTEMPATH\CodeIgniter.php(349): CodeIgniter\CodeIgniter->handleRequest(null, Object(Config\Cache), false)
 8 FCPATH\index.php(55): CodeIgniter\CodeIgniter->run()
CRITICAL - 2022-07-25 08:20:35 --> There is no data to insert.
in SYSTEMPATH\BaseModel.php on line 718.
 1 SYSTEMPATH\BaseModel.php(718): CodeIgniter\Database\Exceptions\DataException::forEmptyDataset('insert')
 2 SYSTEMPATH\Model.php(666): CodeIgniter\BaseModel->insert([], false)
 3 SYSTEMPATH\BaseModel.php(658): CodeIgniter\Model->insert([...], false)
 4 APPPATH\Controllers\Usuario.php(115): CodeIgniter\BaseModel->save([...])
 5 SYSTEMPATH\CodeIgniter.php(896): App\Controllers\Usuario->salvar()
 6 SYSTEMPATH\CodeIgniter.php(466): CodeIgniter\CodeIgniter->runController(Object(App\Controllers\Usuario))
 7 SYSTEMPATH\CodeIgniter.php(349): CodeIgniter\CodeIgniter->handleRequest(null, Object(Config\Cache), false)
 8 FCPATH\index.php(55): CodeIgniter\CodeIgniter->run()
CRITICAL - 2022-07-25 08:23:05 --> There is no data to insert.
in SYSTEMPATH\BaseModel.php on line 718.
 1 SYSTEMPATH\BaseModel.php(718): CodeIgniter\Database\Exceptions\DataException::forEmptyDataset('insert')
 2 SYSTEMPATH\Model.php(666): CodeIgniter\BaseModel->insert([], false)
 3 SYSTEMPATH\BaseModel.php(658): CodeIgniter\Model->insert([...], false)
 4 APPPATH\Controllers\Usuario.php(115): CodeIgniter\BaseModel->save([...])
 5 SYSTEMPATH\CodeIgniter.php(896): App\Controllers\Usuario->salvar()
 6 SYSTEMPATH\CodeIgniter.php(466): CodeIgniter\CodeIgniter->runController(Object(App\Controllers\Usuario))
 7 SYSTEMPATH\CodeIgniter.php(349): CodeIgniter\CodeIgniter->handleRequest(null, Object(Config\Cache), false)
 8 FCPATH\index.php(55): CodeIgniter\CodeIgniter->run()
CRITICAL - 2022-07-25 08:24:02 --> Call to a member function hasMoved() on null
in APPPATH\Controllers\Filme.php on line 80.
 1 APPPATH\Controllers\Filme.php(53): App\Controllers\Filme->upload()
 2 SYSTEMPATH\CodeIgniter.php(896): App\Controllers\Filme->salvar()
 3 SYSTEMPATH\CodeIgniter.php(466): CodeIgniter\CodeIgniter->runController(Object(App\Controllers\Filme))
 4 SYSTEMPATH\CodeIgniter.php(349): CodeIgniter\CodeIgniter->handleRequest(null, Object(Config\Cache), false)
 5 FCPATH\index.php(55): CodeIgniter\CodeIgniter->run()
CRITICAL - 2022-07-25 08:28:20 --> Call to a member function move() on null
in APPPATH\Controllers\Filme.php on line 84.
 1 APPPATH\Controllers\Filme.php(53): App\Controllers\Filme->upload()
 2 SYSTEMPATH\CodeIgniter.php(896): App\Controllers\Filme->salvar()
 3 SYSTEMPATH\CodeIgniter.php(466): CodeIgniter\CodeIgniter->runController(Object(App\Controllers\Filme))
 4 SYSTEMPATH\CodeIgniter.php(349): CodeIgniter\CodeIgniter->handleRequest(null, Object(Config\Cache), false)
 5 FCPATH\index.php(55): CodeIgniter\CodeIgniter->run()
CRITICAL - 2022-07-25 09:11:00 --> Undefined variable $img
in APPPATH\Controllers\Filme.php on line 105.
 1 APPPATH\Controllers\Filme.php(105): CodeIgniter\Debug\Exceptions->errorHandler(2, 'Undefined variable $img', 'APPPATH\\Controllers\\Filme.php', 105)
 2 APPPATH\Controllers\Filme.php(54): App\Controllers\Filme->mover_img()
 3 SYSTEMPATH\CodeIgniter.php(896): App\Controllers\Filme->salvar()
 4 SYSTEMPATH\CodeIgniter.php(466): CodeIgniter\CodeIgniter->runController(Object(App\Controllers\Filme))
 5 SYSTEMPATH\CodeIgniter.php(349): CodeIgniter\CodeIgniter->handleRequest(null, Object(Config\Cache), false)
 6 FCPATH\index.php(55): CodeIgniter\CodeIgniter->run()
CRITICAL - 2022-07-25 09:17:18 --> Undefined variable $img
in APPPATH\Controllers\Filme.php on line 105.
 1 APPPATH\Controllers\Filme.php(105): CodeIgniter\Debug\Exceptions->errorHandler(2, 'Undefined variable $img', 'APPPATH\\Controllers\\Filme.php', 105)
 2 APPPATH\Controllers\Filme.php(54): App\Controllers\Filme->mover_img(Object(CodeIgniter\HTTP\Files\UploadedFile))
 3 SYSTEMPATH\CodeIgniter.php(896): App\Controllers\Filme->salvar()
 4 SYSTEMPATH\CodeIgniter.php(466): CodeIgniter\CodeIgniter->runController(Object(App\Controllers\Filme))
 5 SYSTEMPATH\CodeIgniter.php(349): CodeIgniter\CodeIgniter->handleRequest(null, Object(Config\Cache), false)
 6 FCPATH\index.php(55): CodeIgniter\CodeIgniter->run()
CRITICAL - 2022-07-25 09:17:47 --> The uploaded file has already been moved.
in SYSTEMPATH\HTTP\Files\UploadedFile.php on line 133.
 1 SYSTEMPATH\HTTP\Files\UploadedFile.php(133): CodeIgniter\HTTP\Exceptions\HTTPException::forAlreadyMoved()
 2 APPPATH\Controllers\Filme.php(105): CodeIgniter\HTTP\Files\UploadedFile->move('FCPATH\\assets\\filmes', '123456.jpg')
 3 APPPATH\Controllers\Filme.php(54): App\Controllers\Filme->mover_img(Object(CodeIgniter\HTTP\Files\UploadedFile))
 4 SYSTEMPATH\CodeIgniter.php(896): App\Controllers\Filme->salvar()
 5 SYSTEMPATH\CodeIgniter.php(466): CodeIgniter\CodeIgniter->runController(Object(App\Controllers\Filme))
 6 SYSTEMPATH\CodeIgniter.php(349): CodeIgniter\CodeIgniter->handleRequest(null, Object(Config\Cache), false)
 7 FCPATH\index.php(55): CodeIgniter\CodeIgniter->run()
CRITICAL - 2022-07-25 09:19:03 --> Call to a member function move() on string
in APPPATH\Controllers\Filme.php on line 106.
 1 APPPATH\Controllers\Filme.php(54): App\Controllers\Filme->mover_img('ROOTPATH\\writable\\uploads/imagens/20220725/1658758743_9fe56505e2981dce07e9.jpeg')
 2 SYSTEMPATH\CodeIgniter.php(896): App\Controllers\Filme->salvar()
 3 SYSTEMPATH\CodeIgniter.php(466): CodeIgniter\CodeIgniter->runController(Object(App\Controllers\Filme))
 4 SYSTEMPATH\CodeIgniter.php(349): CodeIgniter\CodeIgniter->handleRequest(null, Object(Config\Cache), false)
 5 FCPATH\index.php(55): CodeIgniter\CodeIgniter->run()
CRITICAL - 2022-07-25 09:21:10 --> The uploaded file has already been moved.
in SYSTEMPATH\HTTP\Files\UploadedFile.php on line 133.
 1 SYSTEMPATH\HTTP\Files\UploadedFile.php(133): CodeIgniter\HTTP\Exceptions\HTTPException::forAlreadyMoved()
 2 APPPATH\Controllers\Filme.php(106): CodeIgniter\HTTP\Files\UploadedFile->move('FCPATH\\assets\\filmes', '123456.jpg')
 3 APPPATH\Controllers\Filme.php(54): App\Controllers\Filme->mover_img(Object(CodeIgniter\HTTP\Files\UploadedFile))
 4 SYSTEMPATH\CodeIgniter.php(896): App\Controllers\Filme->salvar()
 5 SYSTEMPATH\CodeIgniter.php(466): CodeIgniter\CodeIgniter->runController(Object(App\Controllers\Filme))
 6 SYSTEMPATH\CodeIgniter.php(349): CodeIgniter\CodeIgniter->handleRequest(null, Object(Config\Cache), false)
 7 FCPATH\index.php(55): CodeIgniter\CodeIgniter->run()
CRITICAL - 2022-07-25 09:22:18 --> The uploaded file has already been moved.
in SYSTEMPATH\HTTP\Files\UploadedFile.php on line 133.
 1 SYSTEMPATH\HTTP\Files\UploadedFile.php(133): CodeIgniter\HTTP\Exceptions\HTTPException::forAlreadyMoved()
 2 APPPATH\Controllers\Filme.php(107): CodeIgniter\HTTP\Files\UploadedFile->move('FCPATH\\assets\\filmes', '123456.jpg')
 3 APPPATH\Controllers\Filme.php(54): App\Controllers\Filme->mover_img(Object(CodeIgniter\HTTP\Files\UploadedFile))
 4 SYSTEMPATH\CodeIgniter.php(896): App\Controllers\Filme->salvar()
 5 SYSTEMPATH\CodeIgniter.php(466): CodeIgniter\CodeIgniter->runController(Object(App\Controllers\Filme))
 6 SYSTEMPATH\CodeIgniter.php(349): CodeIgniter\CodeIgniter->handleRequest(null, Object(Config\Cache), false)
 7 FCPATH\index.php(55): CodeIgniter\CodeIgniter->run()
CRITICAL - 2022-07-25 09:28:05 --> Call to a member function hasMoved() on null
in APPPATH\Controllers\Filme.php on line 84.
 1 APPPATH\Controllers\Filme.php(56): App\Controllers\Filme->upload(null)
 2 SYSTEMPATH\CodeIgniter.php(896): App\Controllers\Filme->salvar()
 3 SYSTEMPATH\CodeIgniter.php(466): CodeIgniter\CodeIgniter->runController(Object(App\Controllers\Filme))
 4 SYSTEMPATH\CodeIgniter.php(349): CodeIgniter\CodeIgniter->handleRequest(null, Object(Config\Cache), false)
 5 FCPATH\index.php(55): CodeIgniter\CodeIgniter->run()
CRITICAL - 2022-07-25 09:38:16 --> Call to undefined function App\Controllers\getInsertID()
in APPPATH\Controllers\Filme.php on line 56.
 1 SYSTEMPATH\CodeIgniter.php(896): App\Controllers\Filme->salvar()
 2 SYSTEMPATH\CodeIgniter.php(466): CodeIgniter\CodeIgniter->runController(Object(App\Controllers\Filme))
 3 SYSTEMPATH\CodeIgniter.php(349): CodeIgniter\CodeIgniter->handleRequest(null, Object(Config\Cache), false)
 4 FCPATH\index.php(55): CodeIgniter\CodeIgniter->run()
CRITICAL - 2022-07-25 09:45:06 --> Call to a member function hasMoved() on null
in APPPATH\Controllers\Filme.php on line 85.
 1 APPPATH\Controllers\Filme.php(57): App\Controllers\Filme->upload(null, 0)
 2 SYSTEMPATH\CodeIgniter.php(896): App\Controllers\Filme->salvar()
 3 SYSTEMPATH\CodeIgniter.php(466): CodeIgniter\CodeIgniter->runController(Object(App\Controllers\Filme))
 4 SYSTEMPATH\CodeIgniter.php(349): CodeIgniter\CodeIgniter->handleRequest(null, Object(Config\Cache), false)
 5 FCPATH\index.php(55): CodeIgniter\CodeIgniter->run()
CRITICAL - 2022-07-25 09:46:05 --> Call to a member function hasMoved() on null
in APPPATH\Controllers\Filme.php on line 85.
 1 APPPATH\Controllers\Filme.php(57): App\Controllers\Filme->upload(null, 0)
 2 SYSTEMPATH\CodeIgniter.php(896): App\Controllers\Filme->salvar()
 3 SYSTEMPATH\CodeIgniter.php(466): CodeIgniter\CodeIgniter->runController(Object(App\Controllers\Filme))
 4 SYSTEMPATH\CodeIgniter.php(349): CodeIgniter\CodeIgniter->handleRequest(null, Object(Config\Cache), false)
 5 FCPATH\index.php(55): CodeIgniter\CodeIgniter->run()
CRITICAL - 2022-07-25 09:52:36 --> Undefined variable $filmeModel
in APPPATH\Controllers\Filme.php on line 58.
 1 APPPATH\Controllers\Filme.php(58): CodeIgniter\Debug\Exceptions->errorHandler(2, 'Undefined variable $filmeModel', 'APPPATH\\Controllers\\Filme.php', 58)
 2 SYSTEMPATH\CodeIgniter.php(896): App\Controllers\Filme->salvar()
 3 SYSTEMPATH\CodeIgniter.php(466): CodeIgniter\CodeIgniter->runController(Object(App\Controllers\Filme))
 4 SYSTEMPATH\CodeIgniter.php(349): CodeIgniter\CodeIgniter->handleRequest(null, Object(Config\Cache), false)
 5 FCPATH\index.php(55): CodeIgniter\CodeIgniter->run()
CRITICAL - 2022-07-25 09:53:56 --> Undefined variable $filmeModel
in APPPATH\Controllers\Filme.php on line 58.
 1 APPPATH\Controllers\Filme.php(58): CodeIgniter\Debug\Exceptions->errorHandler(2, 'Undefined variable $filmeModel', 'APPPATH\\Controllers\\Filme.php', 58)
 2 SYSTEMPATH\CodeIgniter.php(896): App\Controllers\Filme->salvar()
 3 SYSTEMPATH\CodeIgniter.php(466): CodeIgniter\CodeIgniter->runController(Object(App\Controllers\Filme))
 4 SYSTEMPATH\CodeIgniter.php(349): CodeIgniter\CodeIgniter->handleRequest(null, Object(Config\Cache), false)
 5 FCPATH\index.php(55): CodeIgniter\CodeIgniter->run()
CRITICAL - 2022-07-25 09:57:06 --> whereIn() expects $values to be of type array or closure
in SYSTEMPATH\Database\BaseBuilder.php on line 907.
 1 SYSTEMPATH\Database\BaseBuilder.php(789): CodeIgniter\Database\BaseBuilder->_whereIn('id_filme', 0, false, 'AND ', null)
 2 SYSTEMPATH\Model.php(771): CodeIgniter\Database\BaseBuilder->whereIn('id_filme', 0)
 3 APPPATH\Controllers\Filme.php(58): CodeIgniter\Model->__call('whereIn', [...])
 4 SYSTEMPATH\CodeIgniter.php(896): App\Controllers\Filme->salvar()
 5 SYSTEMPATH\CodeIgniter.php(466): CodeIgniter\CodeIgniter->runController(Object(App\Controllers\Filme))
 6 SYSTEMPATH\CodeIgniter.php(349): CodeIgniter\CodeIgniter->handleRequest(null, Object(Config\Cache), false)
 7 FCPATH\index.php(55): CodeIgniter\CodeIgniter->run()
CRITICAL - 2022-07-25 09:58:40 --> Call to a member function hasMoved() on null
in APPPATH\Controllers\Filme.php on line 89.
 1 APPPATH\Controllers\Filme.php(61): App\Controllers\Filme->upload(null, '0jpg')
 2 SYSTEMPATH\CodeIgniter.php(896): App\Controllers\Filme->salvar()
 3 SYSTEMPATH\CodeIgniter.php(466): CodeIgniter\CodeIgniter->runController(Object(App\Controllers\Filme))
 4 SYSTEMPATH\CodeIgniter.php(349): CodeIgniter\CodeIgniter->handleRequest(null, Object(Config\Cache), false)
 5 FCPATH\index.php(55): CodeIgniter\CodeIgniter->run()
CRITICAL - 2022-07-25 09:59:17 --> Call to a member function hasMoved() on null
in APPPATH\Controllers\Filme.php on line 89.
 1 APPPATH\Controllers\Filme.php(61): App\Controllers\Filme->upload(null, '0jpg')
 2 SYSTEMPATH\CodeIgniter.php(896): App\Controllers\Filme->salvar()
 3 SYSTEMPATH\CodeIgniter.php(466): CodeIgniter\CodeIgniter->runController(Object(App\Controllers\Filme))
 4 SYSTEMPATH\CodeIgniter.php(349): CodeIgniter\CodeIgniter->handleRequest(null, Object(Config\Cache), false)
 5 FCPATH\index.php(55): CodeIgniter\CodeIgniter->run()
CRITICAL - 2022-07-25 10:10:56 --> Call to a member function hasMoved() on null
in APPPATH\Controllers\Filme.php on line 89.
 1 APPPATH\Controllers\Filme.php(61): App\Controllers\Filme->upload(null, '0.jpg')
 2 SYSTEMPATH\CodeIgniter.php(896): App\Controllers\Filme->salvar()
 3 SYSTEMPATH\CodeIgniter.php(466): CodeIgniter\CodeIgniter->runController(Object(App\Controllers\Filme))
 4 SYSTEMPATH\CodeIgniter.php(349): CodeIgniter\CodeIgniter->handleRequest(null, Object(Config\Cache), false)
 5 FCPATH\index.php(55): CodeIgniter\CodeIgniter->run()
CRITICAL - 2022-07-25 10:11:04 --> Call to a member function hasMoved() on null
in APPPATH\Controllers\Filme.php on line 89.
 1 APPPATH\Controllers\Filme.php(61): App\Controllers\Filme->upload(null, '0.jpg')
 2 SYSTEMPATH\CodeIgniter.php(896): App\Controllers\Filme->salvar()
 3 SYSTEMPATH\CodeIgniter.php(466): CodeIgniter\CodeIgniter->runController(Object(App\Controllers\Filme))
 4 SYSTEMPATH\CodeIgniter.php(349): CodeIgniter\CodeIgniter->handleRequest(null, Object(Config\Cache), false)
 5 FCPATH\index.php(55): CodeIgniter\CodeIgniter->run()
CRITICAL - 2022-07-25 10:14:58 --> syntax error, unexpected token "=>", expecting ")"
in APPPATH\Controllers\Filme.php on line 59.
 1 SYSTEMPATH\Router\Router.php(499): CodeIgniter\Router\AutoRouter->getRoute('filme/index')
 2 SYSTEMPATH\Router\Router.php(205): CodeIgniter\Router\Router->autoRoute('filme/index')
 3 SYSTEMPATH\CodeIgniter.php(771): CodeIgniter\Router\Router->handle('filme/index')
 4 SYSTEMPATH\CodeIgniter.php(415): CodeIgniter\CodeIgniter->tryToRouteIt(Object(CodeIgniter\Router\RouteCollection))
 5 SYSTEMPATH\CodeIgniter.php(349): CodeIgniter\CodeIgniter->handleRequest(null, Object(Config\Cache), false)
 6 FCPATH\index.php(55): CodeIgniter\CodeIgniter->run()
CRITICAL - 2022-07-25 10:15:23 --> syntax error, unexpected token "=", expecting ")"
in APPPATH\Controllers\Filme.php on line 59.
 1 SYSTEMPATH\Router\Router.php(499): CodeIgniter\Router\AutoRouter->getRoute('filme/index')
 2 SYSTEMPATH\Router\Router.php(205): CodeIgniter\Router\Router->autoRoute('filme/index')
 3 SYSTEMPATH\CodeIgniter.php(771): CodeIgniter\Router\Router->handle('filme/index')
 4 SYSTEMPATH\CodeIgniter.php(415): CodeIgniter\CodeIgniter->tryToRouteIt(Object(CodeIgniter\Router\RouteCollection))
 5 SYSTEMPATH\CodeIgniter.php(349): CodeIgniter\CodeIgniter->handleRequest(null, Object(Config\Cache), false)
 6 FCPATH\index.php(55): CodeIgniter\CodeIgniter->run()
CRITICAL - 2022-07-25 10:16:06 --> Call to a member function hasMoved() on null
in APPPATH\Controllers\Filme.php on line 89.
 1 APPPATH\Controllers\Filme.php(61): App\Controllers\Filme->upload(null, '0.jpg')
 2 SYSTEMPATH\CodeIgniter.php(896): App\Controllers\Filme->salvar()
 3 SYSTEMPATH\CodeIgniter.php(466): CodeIgniter\CodeIgniter->runController(Object(App\Controllers\Filme))
 4 SYSTEMPATH\CodeIgniter.php(349): CodeIgniter\CodeIgniter->handleRequest(null, Object(Config\Cache), false)
 5 FCPATH\index.php(55): CodeIgniter\CodeIgniter->run()
CRITICAL - 2022-07-25 10:19:46 --> Call to a member function hasMoved() on null
in APPPATH\Controllers\Filme.php on line 90.
 1 APPPATH\Controllers\Filme.php(62): App\Controllers\Filme->upload(null, '0.jpg')
 2 SYSTEMPATH\CodeIgniter.php(896): App\Controllers\Filme->salvar()
 3 SYSTEMPATH\CodeIgniter.php(466): CodeIgniter\CodeIgniter->runController(Object(App\Controllers\Filme))
 4 SYSTEMPATH\CodeIgniter.php(349): CodeIgniter\CodeIgniter->handleRequest(null, Object(Config\Cache), false)
 5 FCPATH\index.php(55): CodeIgniter\CodeIgniter->run()
CRITICAL - 2022-07-25 10:25:13 --> Call to a member function hasMoved() on null
in APPPATH\Controllers\Filme.php on line 90.
 1 APPPATH\Controllers\Filme.php(62): App\Controllers\Filme->upload(null, '0.jpg')
 2 SYSTEMPATH\CodeIgniter.php(896): App\Controllers\Filme->salvar()
 3 SYSTEMPATH\CodeIgniter.php(466): CodeIgniter\CodeIgniter->runController(Object(App\Controllers\Filme))
 4 SYSTEMPATH\CodeIgniter.php(349): CodeIgniter\CodeIgniter->handleRequest(null, Object(Config\Cache), false)
 5 FCPATH\index.php(55): CodeIgniter\CodeIgniter->run()
CRITICAL - 2022-07-25 10:25:28 --> Call to a member function hasMoved() on null
in APPPATH\Controllers\Filme.php on line 90.
 1 APPPATH\Controllers\Filme.php(62): App\Controllers\Filme->upload(null, '0.jpg')
 2 SYSTEMPATH\CodeIgniter.php(896): App\Controllers\Filme->salvar()
 3 SYSTEMPATH\CodeIgniter.php(466): CodeIgniter\CodeIgniter->runController(Object(App\Controllers\Filme))
 4 SYSTEMPATH\CodeIgniter.php(349): CodeIgniter\CodeIgniter->handleRequest(null, Object(Config\Cache), false)
 5 FCPATH\index.php(55): CodeIgniter\CodeIgniter->run()
CRITICAL - 2022-07-25 10:31:47 --> syntax error, unexpected token "public"
in APPPATH\Controllers\Filme.php on line 113.
 1 SYSTEMPATH\Router\Router.php(499): CodeIgniter\Router\AutoRouter->getRoute('filme/index')
 2 SYSTEMPATH\Router\Router.php(205): CodeIgniter\Router\Router->autoRoute('filme/index')
 3 SYSTEMPATH\CodeIgniter.php(771): CodeIgniter\Router\Router->handle('filme/index')
 4 SYSTEMPATH\CodeIgniter.php(415): CodeIgniter\CodeIgniter->tryToRouteIt(Object(CodeIgniter\Router\RouteCollection))
 5 SYSTEMPATH\CodeIgniter.php(349): CodeIgniter\CodeIgniter->handleRequest(null, Object(Config\Cache), false)
 6 FCPATH\index.php(55): CodeIgniter\CodeIgniter->run()
CRITICAL - 2022-07-25 10:32:08 --> syntax error, unexpected token "public"
in APPPATH\Controllers\Filme.php on line 113.
 1 SYSTEMPATH\Router\Router.php(499): CodeIgniter\Router\AutoRouter->getRoute('filme/index')
 2 SYSTEMPATH\Router\Router.php(205): CodeIgniter\Router\Router->autoRoute('filme/index')
 3 SYSTEMPATH\CodeIgniter.php(771): CodeIgniter\Router\Router->handle('filme/index')
 4 SYSTEMPATH\CodeIgniter.php(415): CodeIgniter\CodeIgniter->tryToRouteIt(Object(CodeIgniter\Router\RouteCollection))
 5 SYSTEMPATH\CodeIgniter.php(349): CodeIgniter\CodeIgniter->handleRequest(null, Object(Config\Cache), false)
 6 FCPATH\index.php(55): CodeIgniter\CodeIgniter->run()
CRITICAL - 2022-07-25 10:41:21 --> syntax error, unexpected variable "$id"
in APPPATH\Controllers\Filme.php on line 57.
 1 SYSTEMPATH\Router\Router.php(499): CodeIgniter\Router\AutoRouter->getRoute('filme/index')
 2 SYSTEMPATH\Router\Router.php(205): CodeIgniter\Router\Router->autoRoute('filme/index')
 3 SYSTEMPATH\CodeIgniter.php(771): CodeIgniter\Router\Router->handle('filme/index')
 4 SYSTEMPATH\CodeIgniter.php(415): CodeIgniter\CodeIgniter->tryToRouteIt(Object(CodeIgniter\Router\RouteCollection))
 5 SYSTEMPATH\CodeIgniter.php(349): CodeIgniter\CodeIgniter->handleRequest(null, Object(Config\Cache), false)
 6 FCPATH\index.php(55): CodeIgniter\CodeIgniter->run()
CRITICAL - 2022-07-25 10:41:23 --> syntax error, unexpected variable "$id"
in APPPATH\Controllers\Filme.php on line 57.
 1 SYSTEMPATH\Router\Router.php(499): CodeIgniter\Router\AutoRouter->getRoute('filme/editar_filme/1')
 2 SYSTEMPATH\Router\Router.php(205): CodeIgniter\Router\Router->autoRoute('filme/editar_filme/1')
 3 SYSTEMPATH\CodeIgniter.php(771): CodeIgniter\Router\Router->handle('filme/editar_filme/1')
 4 SYSTEMPATH\CodeIgniter.php(415): CodeIgniter\CodeIgniter->tryToRouteIt(Object(CodeIgniter\Router\RouteCollection))
 5 SYSTEMPATH\CodeIgniter.php(349): CodeIgniter\CodeIgniter->handleRequest(null, Object(Config\Cache), false)
 6 FCPATH\index.php(55): CodeIgniter\CodeIgniter->run()
CRITICAL - 2022-07-25 10:41:40 --> syntax error, unexpected variable "$id"
in APPPATH\Controllers\Filme.php on line 57.
 1 SYSTEMPATH\Router\Router.php(499): CodeIgniter\Router\AutoRouter->getRoute('filme/index')
 2 SYSTEMPATH\Router\Router.php(205): CodeIgniter\Router\Router->autoRoute('filme/index')
 3 SYSTEMPATH\CodeIgniter.php(771): CodeIgniter\Router\Router->handle('filme/index')
 4 SYSTEMPATH\CodeIgniter.php(415): CodeIgniter\CodeIgniter->tryToRouteIt(Object(CodeIgniter\Router\RouteCollection))
 5 SYSTEMPATH\CodeIgniter.php(349): CodeIgniter\CodeIgniter->handleRequest(null, Object(Config\Cache), false)
 6 FCPATH\index.php(55): CodeIgniter\CodeIgniter->run()
CRITICAL - 2022-07-25 10:42:34 --> Undefined property: App\Controllers\Filme::$input
in APPPATH\Controllers\Filme.php on line 56.
 1 APPPATH\Controllers\Filme.php(56): CodeIgniter\Debug\Exceptions->errorHandler(2, 'Undefined property: App\\Controllers\\Filme::$input', 'APPPATH\\Controllers\\Filme.php', 56)
 2 SYSTEMPATH\CodeIgniter.php(896): App\Controllers\Filme->salvar()
 3 SYSTEMPATH\CodeIgniter.php(466): CodeIgniter\CodeIgniter->runController(Object(App\Controllers\Filme))
 4 SYSTEMPATH\CodeIgniter.php(349): CodeIgniter\CodeIgniter->handleRequest(null, Object(Config\Cache), false)
 5 FCPATH\index.php(55): CodeIgniter\CodeIgniter->run()
CRITICAL - 2022-07-25 10:43:49 --> Call to a member function getPost() on null
in APPPATH\Controllers\Filme.php on line 56.
 1 SYSTEMPATH\CodeIgniter.php(896): App\Controllers\Filme->salvar()
 2 SYSTEMPATH\CodeIgniter.php(466): CodeIgniter\CodeIgniter->runController(Object(App\Controllers\Filme))
 3 SYSTEMPATH\CodeIgniter.php(349): CodeIgniter\CodeIgniter->handleRequest(null, Object(Config\Cache), false)
 4 FCPATH\index.php(55): CodeIgniter\CodeIgniter->run()
CRITICAL - 2022-07-25 10:50:20 --> Call to a member function getPost() on null
in APPPATH\Controllers\Filme.php on line 56.
 1 SYSTEMPATH\CodeIgniter.php(896): App\Controllers\Filme->salvar()
 2 SYSTEMPATH\CodeIgniter.php(466): CodeIgniter\CodeIgniter->runController(Object(App\Controllers\Filme))
 3 SYSTEMPATH\CodeIgniter.php(349): CodeIgniter\CodeIgniter->handleRequest(null, Object(Config\Cache), false)
 4 FCPATH\index.php(55): CodeIgniter\CodeIgniter->run()
CRITICAL - 2022-07-25 10:53:07 --> Call to a member function hasMoved() on null
in APPPATH\Controllers\Filme.php on line 94.
 1 APPPATH\Controllers\Filme.php(66): App\Controllers\Filme->upload(null, '0.jpg')
 2 SYSTEMPATH\CodeIgniter.php(896): App\Controllers\Filme->salvar()
 3 SYSTEMPATH\CodeIgniter.php(466): CodeIgniter\CodeIgniter->runController(Object(App\Controllers\Filme))
 4 SYSTEMPATH\CodeIgniter.php(349): CodeIgniter\CodeIgniter->handleRequest(null, Object(Config\Cache), false)
 5 FCPATH\index.php(55): CodeIgniter\CodeIgniter->run()
CRITICAL - 2022-07-25 10:54:11 --> Call to a member function hasMoved() on null
in APPPATH\Controllers\Filme.php on line 94.
 1 APPPATH\Controllers\Filme.php(66): App\Controllers\Filme->upload(null, '0.jpg')
 2 SYSTEMPATH\CodeIgniter.php(896): App\Controllers\Filme->salvar()
 3 SYSTEMPATH\CodeIgniter.php(466): CodeIgniter\CodeIgniter->runController(Object(App\Controllers\Filme))
 4 SYSTEMPATH\CodeIgniter.php(349): CodeIgniter\CodeIgniter->handleRequest(null, Object(Config\Cache), false)
 5 FCPATH\index.php(55): CodeIgniter\CodeIgniter->run()
CRITICAL - 2022-07-25 10:54:27 --> Call to a member function hasMoved() on null
in APPPATH\Controllers\Filme.php on line 94.
 1 APPPATH\Controllers\Filme.php(66): App\Controllers\Filme->upload(null, '0.jpg')
 2 SYSTEMPATH\CodeIgniter.php(896): App\Controllers\Filme->salvar()
 3 SYSTEMPATH\CodeIgniter.php(466): CodeIgniter\CodeIgniter->runController(Object(App\Controllers\Filme))
 4 SYSTEMPATH\CodeIgniter.php(349): CodeIgniter\CodeIgniter->handleRequest(null, Object(Config\Cache), false)
 5 FCPATH\index.php(55): CodeIgniter\CodeIgniter->run()
CRITICAL - 2022-07-25 10:56:30 --> Call to a member function hasMoved() on null
in APPPATH\Controllers\Filme.php on line 94.
 1 APPPATH\Controllers\Filme.php(66): App\Controllers\Filme->upload(null, '0.jpg')
 2 SYSTEMPATH\CodeIgniter.php(896): App\Controllers\Filme->salvar()
 3 SYSTEMPATH\CodeIgniter.php(466): CodeIgniter\CodeIgniter->runController(Object(App\Controllers\Filme))
 4 SYSTEMPATH\CodeIgniter.php(349): CodeIgniter\CodeIgniter->handleRequest(null, Object(Config\Cache), false)
 5 FCPATH\index.php(55): CodeIgniter\CodeIgniter->run()
CRITICAL - 2022-07-25 12:14:18 --> syntax error, unexpected token ";"
in APPPATH\Views\administracao\form_filme_v.php on line 36.
 1 SYSTEMPATH\View\View.php(216): CodeIgniter\View\View->CodeIgniter\View\{closure}()
 2 SYSTEMPATH\Common.php(1135): CodeIgniter\View\View->render('administracao/form_filme_v', [], true)
 3 APPPATH\Controllers\Filme.php(44): view('administracao/form_filme_v', [...])
 4 SYSTEMPATH\CodeIgniter.php(896): App\Controllers\Filme->editar_filme('1')
 5 SYSTEMPATH\CodeIgniter.php(466): CodeIgniter\CodeIgniter->runController(Object(App\Controllers\Filme))
 6 SYSTEMPATH\CodeIgniter.php(349): CodeIgniter\CodeIgniter->handleRequest(null, Object(Config\Cache), false)
 7 FCPATH\index.php(55): CodeIgniter\CodeIgniter->run()
CRITICAL - 2022-07-25 12:15:15 --> Undefined variable $i
in APPPATH\Views\administracao\form_filme_v.php on line 36.
 1 APPPATH\Views\administracao\form_filme_v.php(36): CodeIgniter\Debug\Exceptions->errorHandler(2, 'Undefined variable $i', 'APPPATH\\Views\\administracao\\form_filme_v.php', 36)
 2 SYSTEMPATH\View\View.php(213): include('APPPATH\\Views\\administracao\\form_filme_v.php')
 3 SYSTEMPATH\View\View.php(216): CodeIgniter\View\View->CodeIgniter\View\{closure}()
 4 SYSTEMPATH\Common.php(1135): CodeIgniter\View\View->render('administracao/form_filme_v', [], true)
 5 APPPATH\Controllers\Filme.php(44): view('administracao/form_filme_v', [...])
 6 SYSTEMPATH\CodeIgniter.php(896): App\Controllers\Filme->editar_filme('1')
 7 SYSTEMPATH\CodeIgniter.php(466): CodeIgniter\CodeIgniter->runController(Object(App\Controllers\Filme))
 8 SYSTEMPATH\CodeIgniter.php(349): CodeIgniter\CodeIgniter->handleRequest(null, Object(Config\Cache), false)
 9 FCPATH\index.php(55): CodeIgniter\CodeIgniter->run()
CRITICAL - 2022-07-25 18:23:36 --> Undefined property: App\Controllers\Login::$filmeModel
in APPPATH\Controllers\Login.php on line 43.
 1 APPPATH\Controllers\Login.php(43): CodeIgniter\Debug\Exceptions->errorHandler(2, 'Undefined property: App\\Controllers\\Login::$filmeModel', 'APPPATH\\Controllers\\Login.php', 43)
 2 SYSTEMPATH\CodeIgniter.php(896): App\Controllers\Login->inicio_usuario()
 3 SYSTEMPATH\CodeIgniter.php(466): CodeIgniter\CodeIgniter->runController(Object(App\Controllers\Login))
 4 SYSTEMPATH\CodeIgniter.php(349): CodeIgniter\CodeIgniter->handleRequest(null, Object(Config\Cache), false)
 5 FCPATH\index.php(55): CodeIgniter\CodeIgniter->run()
CRITICAL - 2022-07-25 18:29:16 --> syntax error, unexpected token ",", expecting "{"
in APPPATH\Controllers\Login.php on line 15.
 1 SYSTEMPATH\Router\Router.php(499): CodeIgniter\Router\AutoRouter->getRoute('C:\\')
 2 SYSTEMPATH\Router\Router.php(205): CodeIgniter\Router\Router->autoRoute('C:\\')
 3 SYSTEMPATH\CodeIgniter.php(771): CodeIgniter\Router\Router->handle('C:\\')
 4 SYSTEMPATH\CodeIgniter.php(415): CodeIgniter\CodeIgniter->tryToRouteIt(Object(CodeIgniter\Router\RouteCollection))
 5 SYSTEMPATH\CodeIgniter.php(349): CodeIgniter\CodeIgniter->handleRequest(null, Object(Config\Cache), false)
 6 FCPATH\index.php(55): CodeIgniter\CodeIgniter->run()
CRITICAL - 2022-07-25 18:29:24 --> syntax error, unexpected token ",", expecting "{"
in APPPATH\Controllers\Login.php on line 15.
 1 SYSTEMPATH\Router\Router.php(499): CodeIgniter\Router\AutoRouter->getRoute('C:\\')
 2 SYSTEMPATH\Router\Router.php(205): CodeIgniter\Router\Router->autoRoute('C:\\')
 3 SYSTEMPATH\CodeIgniter.php(771): CodeIgniter\Router\Router->handle('C:\\')
 4 SYSTEMPATH\CodeIgniter.php(415): CodeIgniter\CodeIgniter->tryToRouteIt(Object(CodeIgniter\Router\RouteCollection))
 5 SYSTEMPATH\CodeIgniter.php(349): CodeIgniter\CodeIgniter->handleRequest(null, Object(Config\Cache), false)
 6 FCPATH\index.php(55): CodeIgniter\CodeIgniter->run()
CRITICAL - 2022-07-25 18:31:06 --> Call to undefined function App\Controllers\filmes_lancamentos()
in APPPATH\Controllers\Login.php on line 46.
 1 SYSTEMPATH\CodeIgniter.php(896): App\Controllers\Login->inicio_usuario()
 2 SYSTEMPATH\CodeIgniter.php(466): CodeIgniter\CodeIgniter->runController(Object(App\Controllers\Login))
 3 SYSTEMPATH\CodeIgniter.php(349): CodeIgniter\CodeIgniter->handleRequest(null, Object(Config\Cache), false)
 4 FCPATH\index.php(55): CodeIgniter\CodeIgniter->run()
CRITICAL - 2022-07-25 18:35:27 --> Undefined variable $usuario
in APPPATH\Controllers\Login.php on line 46.
 1 APPPATH\Controllers\Login.php(46): CodeIgniter\Debug\Exceptions->errorHandler(2, 'Undefined variable $usuario', 'APPPATH\\Controllers\\Login.php', 46)
 2 SYSTEMPATH\CodeIgniter.php(896): App\Controllers\Login->inicio_usuario()
 3 SYSTEMPATH\CodeIgniter.php(466): CodeIgniter\CodeIgniter->runController(Object(App\Controllers\Login))
 4 SYSTEMPATH\CodeIgniter.php(349): CodeIgniter\CodeIgniter->handleRequest(null, Object(Config\Cache), false)
 5 FCPATH\index.php(55): CodeIgniter\CodeIgniter->run()
CRITICAL - 2022-07-25 18:35:40 --> Undefined variable $Usuario
in APPPATH\Controllers\Login.php on line 46.
 1 APPPATH\Controllers\Login.php(46): CodeIgniter\Debug\Exceptions->errorHandler(2, 'Undefined variable $Usuario', 'APPPATH\\Controllers\\Login.php', 46)
 2 SYSTEMPATH\CodeIgniter.php(896): App\Controllers\Login->inicio_usuario()
 3 SYSTEMPATH\CodeIgniter.php(466): CodeIgniter\CodeIgniter->runController(Object(App\Controllers\Login))
 4 SYSTEMPATH\CodeIgniter.php(349): CodeIgniter\CodeIgniter->handleRequest(null, Object(Config\Cache), false)
 5 FCPATH\index.php(55): CodeIgniter\CodeIgniter->run()
CRITICAL - 2022-07-25 18:36:18 --> syntax error, unexpected token "::", expecting "{"
in APPPATH\Controllers\Login.php on line 15.
 1 SYSTEMPATH\Router\Router.php(499): CodeIgniter\Router\AutoRouter->getRoute('login/inicio_usuario')
 2 SYSTEMPATH\Router\Router.php(205): CodeIgniter\Router\Router->autoRoute('login/inicio_usuario')
 3 SYSTEMPATH\CodeIgniter.php(771): CodeIgniter\Router\Router->handle('login/inicio_usuario')
 4 SYSTEMPATH\CodeIgniter.php(415): CodeIgniter\CodeIgniter->tryToRouteIt(Object(CodeIgniter\Router\RouteCollection))
 5 SYSTEMPATH\CodeIgniter.php(349): CodeIgniter\CodeIgniter->handleRequest(null, Object(Config\Cache), false)
 6 FCPATH\index.php(55): CodeIgniter\CodeIgniter->run()
CRITICAL - 2022-07-25 18:36:30 --> syntax error, unexpected token ":", expecting "{"
in APPPATH\Controllers\Login.php on line 15.
 1 SYSTEMPATH\Router\Router.php(499): CodeIgniter\Router\AutoRouter->getRoute('login/inicio_usuario')
 2 SYSTEMPATH\Router\Router.php(205): CodeIgniter\Router\Router->autoRoute('login/inicio_usuario')
 3 SYSTEMPATH\CodeIgniter.php(771): CodeIgniter\Router\Router->handle('login/inicio_usuario')
 4 SYSTEMPATH\CodeIgniter.php(415): CodeIgniter\CodeIgniter->tryToRouteIt(Object(CodeIgniter\Router\RouteCollection))
 5 SYSTEMPATH\CodeIgniter.php(349): CodeIgniter\CodeIgniter->handleRequest(null, Object(Config\Cache), false)
 6 FCPATH\index.php(55): CodeIgniter\CodeIgniter->run()
CRITICAL - 2022-07-25 18:36:45 --> syntax error, unexpected token ",", expecting "{"
in APPPATH\Controllers\Login.php on line 15.
 1 SYSTEMPATH\Router\Router.php(499): CodeIgniter\Router\AutoRouter->getRoute('login/inicio_usuario')
 2 SYSTEMPATH\Router\Router.php(205): CodeIgniter\Router\Router->autoRoute('login/inicio_usuario')
 3 SYSTEMPATH\CodeIgniter.php(771): CodeIgniter\Router\Router->handle('login/inicio_usuario')
 4 SYSTEMPATH\CodeIgniter.php(415): CodeIgniter\CodeIgniter->tryToRouteIt(Object(CodeIgniter\Router\RouteCollection))
 5 SYSTEMPATH\CodeIgniter.php(349): CodeIgniter\CodeIgniter->handleRequest(null, Object(Config\Cache), false)
 6 FCPATH\index.php(55): CodeIgniter\CodeIgniter->run()
CRITICAL - 2022-07-25 18:37:02 --> syntax error, unexpected token "("
in APPPATH\Controllers\Login.php on line 15.
 1 SYSTEMPATH\Router\Router.php(499): CodeIgniter\Router\AutoRouter->getRoute('login/inicio_usuario')
 2 SYSTEMPATH\Router\Router.php(205): CodeIgniter\Router\Router->autoRoute('login/inicio_usuario')
 3 SYSTEMPATH\CodeIgniter.php(771): CodeIgniter\Router\Router->handle('login/inicio_usuario')
 4 SYSTEMPATH\CodeIgniter.php(415): CodeIgniter\CodeIgniter->tryToRouteIt(Object(CodeIgniter\Router\RouteCollection))
 5 SYSTEMPATH\CodeIgniter.php(349): CodeIgniter\CodeIgniter->handleRequest(null, Object(Config\Cache), false)
 6 FCPATH\index.php(55): CodeIgniter\CodeIgniter->run()
CRITICAL - 2022-07-25 18:37:17 --> syntax error, unexpected token "["
in APPPATH\Controllers\Login.php on line 15.
 1 SYSTEMPATH\Router\Router.php(499): CodeIgniter\Router\AutoRouter->getRoute('login/inicio_usuario')
 2 SYSTEMPATH\Router\Router.php(205): CodeIgniter\Router\Router->autoRoute('login/inicio_usuario')
 3 SYSTEMPATH\CodeIgniter.php(771): CodeIgniter\Router\Router->handle('login/inicio_usuario')
 4 SYSTEMPATH\CodeIgniter.php(415): CodeIgniter\CodeIgniter->tryToRouteIt(Object(CodeIgniter\Router\RouteCollection))
 5 SYSTEMPATH\CodeIgniter.php(349): CodeIgniter\CodeIgniter->handleRequest(null, Object(Config\Cache), false)
 6 FCPATH\index.php(55): CodeIgniter\CodeIgniter->run()
CRITICAL - 2022-07-25 18:37:34 --> syntax error, unexpected token "{"
in APPPATH\Controllers\Login.php on line 15.
 1 SYSTEMPATH\Router\Router.php(499): CodeIgniter\Router\AutoRouter->getRoute('login/inicio_usuario')
 2 SYSTEMPATH\Router\Router.php(205): CodeIgniter\Router\Router->autoRoute('login/inicio_usuario')
 3 SYSTEMPATH\CodeIgniter.php(771): CodeIgniter\Router\Router->handle('login/inicio_usuario')
 4 SYSTEMPATH\CodeIgniter.php(415): CodeIgniter\CodeIgniter->tryToRouteIt(Object(CodeIgniter\Router\RouteCollection))
 5 SYSTEMPATH\CodeIgniter.php(349): CodeIgniter\CodeIgniter->handleRequest(null, Object(Config\Cache), false)
 6 FCPATH\index.php(55): CodeIgniter\CodeIgniter->run()
CRITICAL - 2022-07-25 18:43:14 --> syntax error, unexpected token ",", expecting "{"
in APPPATH\Controllers\Login.php on line 15.
 1 SYSTEMPATH\Router\Router.php(499): CodeIgniter\Router\AutoRouter->getRoute('login/inicio_usuario')
 2 SYSTEMPATH\Router\Router.php(205): CodeIgniter\Router\Router->autoRoute('login/inicio_usuario')
 3 SYSTEMPATH\CodeIgniter.php(771): CodeIgniter\Router\Router->handle('login/inicio_usuario')
 4 SYSTEMPATH\CodeIgniter.php(415): CodeIgniter\CodeIgniter->tryToRouteIt(Object(CodeIgniter\Router\RouteCollection))
 5 SYSTEMPATH\CodeIgniter.php(349): CodeIgniter\CodeIgniter->handleRequest(null, Object(Config\Cache), false)
 6 FCPATH\index.php(55): CodeIgniter\CodeIgniter->run()
CRITICAL - 2022-07-25 18:43:30 --> Undefined variable $filmeModel
in APPPATH\Controllers\Login.php on line 47.
 1 APPPATH\Controllers\Login.php(47): CodeIgniter\Debug\Exceptions->errorHandler(2, 'Undefined variable $filmeModel', 'APPPATH\\Controllers\\Login.php', 47)
 2 SYSTEMPATH\CodeIgniter.php(896): App\Controllers\Login->inicio_usuario()
 3 SYSTEMPATH\CodeIgniter.php(466): CodeIgniter\CodeIgniter->runController(Object(App\Controllers\Login))
 4 SYSTEMPATH\CodeIgniter.php(349): CodeIgniter\CodeIgniter->handleRequest(null, Object(Config\Cache), false)
 5 FCPATH\index.php(55): CodeIgniter\CodeIgniter->run()
CRITICAL - 2022-07-25 18:44:02 --> Undefined variable $filmeModel
in APPPATH\Controllers\Login.php on line 47.
 1 APPPATH\Controllers\Login.php(47): CodeIgniter\Debug\Exceptions->errorHandler(2, 'Undefined variable $filmeModel', 'APPPATH\\Controllers\\Login.php', 47)
 2 SYSTEMPATH\CodeIgniter.php(896): App\Controllers\Login->inicio_usuario()
 3 SYSTEMPATH\CodeIgniter.php(466): CodeIgniter\CodeIgniter->runController(Object(App\Controllers\Login))
 4 SYSTEMPATH\CodeIgniter.php(349): CodeIgniter\CodeIgniter->handleRequest(null, Object(Config\Cache), false)
 5 FCPATH\index.php(55): CodeIgniter\CodeIgniter->run()
CRITICAL - 2022-07-25 18:44:44 --> Undefined variable $filmeModel
in APPPATH\Controllers\Login.php on line 48.
 1 APPPATH\Controllers\Login.php(48): CodeIgniter\Debug\Exceptions->errorHandler(2, 'Undefined variable $filmeModel', 'APPPATH\\Controllers\\Login.php', 48)
 2 SYSTEMPATH\CodeIgniter.php(896): App\Controllers\Login->inicio_usuario()
 3 SYSTEMPATH\CodeIgniter.php(466): CodeIgniter\CodeIgniter->runController(Object(App\Controllers\Login))
 4 SYSTEMPATH\CodeIgniter.php(349): CodeIgniter\CodeIgniter->handleRequest(null, Object(Config\Cache), false)
 5 FCPATH\index.php(55): CodeIgniter\CodeIgniter->run()
CRITICAL - 2022-07-25 18:45:01 --> Undefined variable $filmeModel
in APPPATH\Controllers\Login.php on line 48.
 1 APPPATH\Controllers\Login.php(48): CodeIgniter\Debug\Exceptions->errorHandler(2, 'Undefined variable $filmeModel', 'APPPATH\\Controllers\\Login.php', 48)
 2 SYSTEMPATH\CodeIgniter.php(896): App\Controllers\Login->inicio_usuario()
 3 SYSTEMPATH\CodeIgniter.php(466): CodeIgniter\CodeIgniter->runController(Object(App\Controllers\Login))
 4 SYSTEMPATH\CodeIgniter.php(349): CodeIgniter\CodeIgniter->handleRequest(null, Object(Config\Cache), false)
 5 FCPATH\index.php(55): CodeIgniter\CodeIgniter->run()
CRITICAL - 2022-07-25 18:47:15 --> Undefined constant "App\Controllers\limit"
in APPPATH\Controllers\Login.php on line 51.
 1 SYSTEMPATH\CodeIgniter.php(896): App\Controllers\Login->inicio_usuario()
 2 SYSTEMPATH\CodeIgniter.php(466): CodeIgniter\CodeIgniter->runController(Object(App\Controllers\Login))
 3 SYSTEMPATH\CodeIgniter.php(349): CodeIgniter\CodeIgniter->handleRequest(null, Object(Config\Cache), false)
 4 FCPATH\index.php(55): CodeIgniter\CodeIgniter->run()
CRITICAL - 2022-07-25 18:47:30 --> CodeIgniter\BaseModel::findAll(): Argument #1 ($limit) must be of type int, string given, called in C:\xampp\htdocs\creathus\app\Controllers\Login.php on line 51
in SYSTEMPATH\BaseModel.php on line 567.
 1 APPPATH\Controllers\Login.php(51): CodeIgniter\BaseModel->findAll('limit', 10)
 2 SYSTEMPATH\CodeIgniter.php(896): App\Controllers\Login->inicio_usuario()
 3 SYSTEMPATH\CodeIgniter.php(466): CodeIgniter\CodeIgniter->runController(Object(App\Controllers\Login))
 4 SYSTEMPATH\CodeIgniter.php(349): CodeIgniter\CodeIgniter->handleRequest(null, Object(Config\Cache), false)
 5 FCPATH\index.php(55): CodeIgniter\CodeIgniter->run()
CRITICAL - 2022-07-25 18:52:55 --> Invalid file: layout.php
in SYSTEMPATH\Exceptions\FrameworkException.php on line 33.
 1 SYSTEMPATH\View\View.php(201): CodeIgniter\Exceptions\FrameworkException::forInvalidFile('layout.php')
 2 SYSTEMPATH\Common.php(1135): CodeIgniter\View\View->render('layout', [], true)
 3 APPPATH\Controllers\Login.php(54): view('layout', [...])
 4 SYSTEMPATH\CodeIgniter.php(896): App\Controllers\Login->inicio_usuario()
 5 SYSTEMPATH\CodeIgniter.php(466): CodeIgniter\CodeIgniter->runController(Object(App\Controllers\Login))
 6 SYSTEMPATH\CodeIgniter.php(349): CodeIgniter\CodeIgniter->handleRequest(null, Object(Config\Cache), false)
 7 FCPATH\index.php(55): CodeIgniter\CodeIgniter->run()
CRITICAL - 2022-07-25 18:53:08 --> Invalid file: layout.php
in SYSTEMPATH\Exceptions\FrameworkException.php on line 33.
 1 SYSTEMPATH\View\View.php(201): CodeIgniter\Exceptions\FrameworkException::forInvalidFile('layout.php')
 2 SYSTEMPATH\Common.php(1135): CodeIgniter\View\View->render('layout', [], true)
 3 APPPATH\Controllers\Login.php(54): view('layout', [...])
 4 SYSTEMPATH\CodeIgniter.php(896): App\Controllers\Login->inicio_usuario()
 5 SYSTEMPATH\CodeIgniter.php(466): CodeIgniter\CodeIgniter->runController(Object(App\Controllers\Login))
 6 SYSTEMPATH\CodeIgniter.php(349): CodeIgniter\CodeIgniter->handleRequest(null, Object(Config\Cache), false)
 7 FCPATH\index.php(55): CodeIgniter\CodeIgniter->run()
CRITICAL - 2022-07-25 18:53:45 --> Invalid file: layout.php
in SYSTEMPATH\Exceptions\FrameworkException.php on line 33.
 1 SYSTEMPATH\View\View.php(201): CodeIgniter\Exceptions\FrameworkException::forInvalidFile('layout.php')
 2 SYSTEMPATH\Common.php(1135): CodeIgniter\View\View->render('layout', [], true)
 3 APPPATH\Controllers\Login.php(54): view('layout', [...])
 4 SYSTEMPATH\CodeIgniter.php(896): App\Controllers\Login->inicio_usuario()
 5 SYSTEMPATH\CodeIgniter.php(466): CodeIgniter\CodeIgniter->runController(Object(App\Controllers\Login))
 6 SYSTEMPATH\CodeIgniter.php(349): CodeIgniter\CodeIgniter->handleRequest(null, Object(Config\Cache), false)
 7 FCPATH\index.php(55): CodeIgniter\CodeIgniter->run()
CRITICAL - 2022-07-25 19:09:47 --> Call to a member function hasMoved() on null
in APPPATH\Controllers\Filme.php on line 94.
 1 APPPATH\Controllers\Filme.php(66): App\Controllers\Filme->upload(null, '0.jpg')
 2 SYSTEMPATH\CodeIgniter.php(896): App\Controllers\Filme->salvar()
 3 SYSTEMPATH\CodeIgniter.php(466): CodeIgniter\CodeIgniter->runController(Object(App\Controllers\Filme))
 4 SYSTEMPATH\CodeIgniter.php(349): CodeIgniter\CodeIgniter->handleRequest(null, Object(Config\Cache), false)
 5 FCPATH\index.php(55): CodeIgniter\CodeIgniter->run()
CRITICAL - 2022-07-25 19:10:56 --> Call to a member function hasMoved() on null
in APPPATH\Controllers\Filme.php on line 94.
 1 APPPATH\Controllers\Filme.php(66): App\Controllers\Filme->upload(null, '0.jpg')
 2 SYSTEMPATH\CodeIgniter.php(896): App\Controllers\Filme->salvar()
 3 SYSTEMPATH\CodeIgniter.php(466): CodeIgniter\CodeIgniter->runController(Object(App\Controllers\Filme))
 4 SYSTEMPATH\CodeIgniter.php(349): CodeIgniter\CodeIgniter->handleRequest(null, Object(Config\Cache), false)
 5 FCPATH\index.php(55): CodeIgniter\CodeIgniter->run()
CRITICAL - 2022-07-25 19:11:12 --> Call to a member function hasMoved() on null
in APPPATH\Controllers\Filme.php on line 94.
 1 APPPATH\Controllers\Filme.php(66): App\Controllers\Filme->upload(null, '0.jpg')
 2 SYSTEMPATH\CodeIgniter.php(896): App\Controllers\Filme->salvar()
 3 SYSTEMPATH\CodeIgniter.php(466): CodeIgniter\CodeIgniter->runController(Object(App\Controllers\Filme))
 4 SYSTEMPATH\CodeIgniter.php(349): CodeIgniter\CodeIgniter->handleRequest(null, Object(Config\Cache), false)
 5 FCPATH\index.php(55): CodeIgniter\CodeIgniter->run()
CRITICAL - 2022-07-25 19:13:25 --> Call to a member function hasMoved() on null
in APPPATH\Controllers\Filme.php on line 94.
 1 APPPATH\Controllers\Filme.php(66): App\Controllers\Filme->upload(null, '0.jpg')
 2 SYSTEMPATH\CodeIgniter.php(896): App\Controllers\Filme->salvar()
 3 SYSTEMPATH\CodeIgniter.php(466): CodeIgniter\CodeIgniter->runController(Object(App\Controllers\Filme))
 4 SYSTEMPATH\CodeIgniter.php(349): CodeIgniter\CodeIgniter->handleRequest(null, Object(Config\Cache), false)
 5 FCPATH\index.php(55): CodeIgniter\CodeIgniter->run()
CRITICAL - 2022-07-25 19:15:15 --> Call to a member function hasMoved() on null
in APPPATH\Controllers\Filme.php on line 94.
 1 APPPATH\Controllers\Filme.php(66): App\Controllers\Filme->upload(null, '0.jpg')
 2 SYSTEMPATH\CodeIgniter.php(896): App\Controllers\Filme->salvar()
 3 SYSTEMPATH\CodeIgniter.php(466): CodeIgniter\CodeIgniter->runController(Object(App\Controllers\Filme))
 4 SYSTEMPATH\CodeIgniter.php(349): CodeIgniter\CodeIgniter->handleRequest(null, Object(Config\Cache), false)
 5 FCPATH\index.php(55): CodeIgniter\CodeIgniter->run()
CRITICAL - 2022-07-25 19:17:12 --> Call to a member function hasMoved() on null
in APPPATH\Controllers\Filme.php on line 94.
 1 APPPATH\Controllers\Filme.php(66): App\Controllers\Filme->upload(null, '0.jpg')
 2 SYSTEMPATH\CodeIgniter.php(896): App\Controllers\Filme->salvar()
 3 SYSTEMPATH\CodeIgniter.php(466): CodeIgniter\CodeIgniter->runController(Object(App\Controllers\Filme))
 4 SYSTEMPATH\CodeIgniter.php(349): CodeIgniter\CodeIgniter->handleRequest(null, Object(Config\Cache), false)
 5 FCPATH\index.php(55): CodeIgniter\CodeIgniter->run()
CRITICAL - 2022-07-25 19:17:26 --> Call to a member function hasMoved() on null
in APPPATH\Controllers\Filme.php on line 94.
 1 APPPATH\Controllers\Filme.php(66): App\Controllers\Filme->upload(null, '0.jpg')
 2 SYSTEMPATH\CodeIgniter.php(896): App\Controllers\Filme->salvar()
 3 SYSTEMPATH\CodeIgniter.php(466): CodeIgniter\CodeIgniter->runController(Object(App\Controllers\Filme))
 4 SYSTEMPATH\CodeIgniter.php(349): CodeIgniter\CodeIgniter->handleRequest(null, Object(Config\Cache), false)
 5 FCPATH\index.php(55): CodeIgniter\CodeIgniter->run()
CRITICAL - 2022-07-25 19:21:31 --> Call to a member function hasMoved() on null
in APPPATH\Controllers\Filme.php on line 94.
 1 APPPATH\Controllers\Filme.php(66): App\Controllers\Filme->upload(null, '0.jpg')
 2 SYSTEMPATH\CodeIgniter.php(896): App\Controllers\Filme->salvar()
 3 SYSTEMPATH\CodeIgniter.php(466): CodeIgniter\CodeIgniter->runController(Object(App\Controllers\Filme))
 4 SYSTEMPATH\CodeIgniter.php(349): CodeIgniter\CodeIgniter->handleRequest(null, Object(Config\Cache), false)
 5 FCPATH\index.php(55): CodeIgniter\CodeIgniter->run()
CRITICAL - 2022-07-25 19:22:46 --> Call to a member function hasMoved() on null
in APPPATH\Controllers\Filme.php on line 94.
 1 APPPATH\Controllers\Filme.php(66): App\Controllers\Filme->upload(null, '0.jpg')
 2 SYSTEMPATH\CodeIgniter.php(896): App\Controllers\Filme->salvar()
 3 SYSTEMPATH\CodeIgniter.php(466): CodeIgniter\CodeIgniter->runController(Object(App\Controllers\Filme))
 4 SYSTEMPATH\CodeIgniter.php(349): CodeIgniter\CodeIgniter->handleRequest(null, Object(Config\Cache), false)
 5 FCPATH\index.php(55): CodeIgniter\CodeIgniter->run()
CRITICAL - 2022-07-25 19:24:56 --> Call to a member function hasMoved() on null
in APPPATH\Controllers\Filme.php on line 94.
 1 APPPATH\Controllers\Filme.php(66): App\Controllers\Filme->upload(null, '0.jpg')
 2 SYSTEMPATH\CodeIgniter.php(896): App\Controllers\Filme->salvar()
 3 SYSTEMPATH\CodeIgniter.php(466): CodeIgniter\CodeIgniter->runController(Object(App\Controllers\Filme))
 4 SYSTEMPATH\CodeIgniter.php(349): CodeIgniter\CodeIgniter->handleRequest(null, Object(Config\Cache), false)
 5 FCPATH\index.php(55): CodeIgniter\CodeIgniter->run()
CRITICAL - 2022-07-25 19:27:52 --> Call to a member function hasMoved() on null
in APPPATH\Controllers\Filme.php on line 94.
 1 APPPATH\Controllers\Filme.php(66): App\Controllers\Filme->upload(null, '0.jpg')
 2 SYSTEMPATH\CodeIgniter.php(896): App\Controllers\Filme->salvar()
 3 SYSTEMPATH\CodeIgniter.php(466): CodeIgniter\CodeIgniter->runController(Object(App\Controllers\Filme))
 4 SYSTEMPATH\CodeIgniter.php(349): CodeIgniter\CodeIgniter->handleRequest(null, Object(Config\Cache), false)
 5 FCPATH\index.php(55): CodeIgniter\CodeIgniter->run()
CRITICAL - 2022-07-25 19:30:56 --> Call to a member function hasMoved() on null
in APPPATH\Controllers\Filme.php on line 94.
 1 APPPATH\Controllers\Filme.php(66): App\Controllers\Filme->upload(null, '0.jpg')
 2 SYSTEMPATH\CodeIgniter.php(896): App\Controllers\Filme->salvar()
 3 SYSTEMPATH\CodeIgniter.php(466): CodeIgniter\CodeIgniter->runController(Object(App\Controllers\Filme))
 4 SYSTEMPATH\CodeIgniter.php(349): CodeIgniter\CodeIgniter->handleRequest(null, Object(Config\Cache), false)
 5 FCPATH\index.php(55): CodeIgniter\CodeIgniter->run()
CRITICAL - 2022-07-25 19:32:58 --> Call to a member function hasMoved() on null
in APPPATH\Controllers\Filme.php on line 94.
 1 APPPATH\Controllers\Filme.php(66): App\Controllers\Filme->upload(null, '0.jpg')
 2 SYSTEMPATH\CodeIgniter.php(896): App\Controllers\Filme->salvar()
 3 SYSTEMPATH\CodeIgniter.php(466): CodeIgniter\CodeIgniter->runController(Object(App\Controllers\Filme))
 4 SYSTEMPATH\CodeIgniter.php(349): CodeIgniter\CodeIgniter->handleRequest(null, Object(Config\Cache), false)
 5 FCPATH\index.php(55): CodeIgniter\CodeIgniter->run()
CRITICAL - 2022-07-25 19:49:34 --> Undefined variable $destaque
in APPPATH\Views\usuario\layout.php on line 181.
 1 APPPATH\Views\usuario\layout.php(181): CodeIgniter\Debug\Exceptions->errorHandler(2, 'Undefined variable $destaque', 'APPPATH\\Views\\usuario\\layout.php', 181)
 2 SYSTEMPATH\View\View.php(213): include('APPPATH\\Views\\usuario\\layout.php')
 3 SYSTEMPATH\View\View.php(216): CodeIgniter\View\View->CodeIgniter\View\{closure}()
 4 SYSTEMPATH\Common.php(1135): CodeIgniter\View\View->render('usuario/layout', [], true)
 5 APPPATH\Controllers\Login.php(59): view('usuario/layout', [...])
 6 SYSTEMPATH\CodeIgniter.php(896): App\Controllers\Login->inicio_usuario()
 7 SYSTEMPATH\CodeIgniter.php(466): CodeIgniter\CodeIgniter->runController(Object(App\Controllers\Login))
 8 SYSTEMPATH\CodeIgniter.php(349): CodeIgniter\CodeIgniter->handleRequest(null, Object(Config\Cache), false)
 9 FCPATH\index.php(55): CodeIgniter\CodeIgniter->run()
CRITICAL - 2022-07-25 19:51:23 --> Undefined variable $filme
in APPPATH\Views\usuario\layout.php on line 176.
 1 APPPATH\Views\usuario\layout.php(176): CodeIgniter\Debug\Exceptions->errorHandler(2, 'Undefined variable $filme', 'APPPATH\\Views\\usuario\\layout.php', 176)
 2 SYSTEMPATH\View\View.php(213): include('APPPATH\\Views\\usuario\\layout.php')
 3 SYSTEMPATH\View\View.php(216): CodeIgniter\View\View->CodeIgniter\View\{closure}()
 4 SYSTEMPATH\Common.php(1135): CodeIgniter\View\View->render('usuario/layout', [], true)
 5 APPPATH\Controllers\Login.php(59): view('usuario/layout', [...])
 6 SYSTEMPATH\CodeIgniter.php(896): App\Controllers\Login->inicio_usuario()
 7 SYSTEMPATH\CodeIgniter.php(466): CodeIgniter\CodeIgniter->runController(Object(App\Controllers\Login))
 8 SYSTEMPATH\CodeIgniter.php(349): CodeIgniter\CodeIgniter->handleRequest(null, Object(Config\Cache), false)
 9 FCPATH\index.php(55): CodeIgniter\CodeIgniter->run()
CRITICAL - 2022-07-25 19:51:43 --> Undefined variable $filme
in APPPATH\Views\usuario\layout.php on line 176.
 1 APPPATH\Views\usuario\layout.php(176): CodeIgniter\Debug\Exceptions->errorHandler(2, 'Undefined variable $filme', 'APPPATH\\Views\\usuario\\layout.php', 176)
 2 SYSTEMPATH\View\View.php(213): include('APPPATH\\Views\\usuario\\layout.php')
 3 SYSTEMPATH\View\View.php(216): CodeIgniter\View\View->CodeIgniter\View\{closure}()
 4 SYSTEMPATH\Common.php(1135): CodeIgniter\View\View->render('usuario/layout', [], true)
 5 APPPATH\Controllers\Login.php(59): view('usuario/layout', [...])
 6 SYSTEMPATH\CodeIgniter.php(896): App\Controllers\Login->inicio_usuario()
 7 SYSTEMPATH\CodeIgniter.php(466): CodeIgniter\CodeIgniter->runController(Object(App\Controllers\Login))
 8 SYSTEMPATH\CodeIgniter.php(349): CodeIgniter\CodeIgniter->handleRequest(null, Object(Config\Cache), false)
 9 FCPATH\index.php(55): CodeIgniter\CodeIgniter->run()
CRITICAL - 2022-07-25 21:48:34 --> The original file is not a valid file.
in SYSTEMPATH\HTTP\Files\UploadedFile.php on line 137.
 1 SYSTEMPATH\HTTP\Files\UploadedFile.php(137): CodeIgniter\HTTP\Exceptions\HTTPException::forInvalidFile()
 2 APPPATH\Controllers\Filme.php(96): CodeIgniter\HTTP\Files\UploadedFile->move('FCPATH\\assets\\filmes', '1.jpg')
 3 APPPATH\Controllers\Filme.php(66): App\Controllers\Filme->upload(Object(CodeIgniter\HTTP\Files\UploadedFile), '1.jpg')
 4 SYSTEMPATH\CodeIgniter.php(896): App\Controllers\Filme->salvar()
 5 SYSTEMPATH\CodeIgniter.php(466): CodeIgniter\CodeIgniter->runController(Object(App\Controllers\Filme))
 6 SYSTEMPATH\CodeIgniter.php(349): CodeIgniter\CodeIgniter->handleRequest(null, Object(Config\Cache), false)
 7 FCPATH\index.php(55): CodeIgniter\CodeIgniter->run()
CRITICAL - 2022-07-25 21:50:56 --> The original file is not a valid file.
in SYSTEMPATH\HTTP\Files\UploadedFile.php on line 137.
 1 SYSTEMPATH\HTTP\Files\UploadedFile.php(137): CodeIgniter\HTTP\Exceptions\HTTPException::forInvalidFile()
 2 APPPATH\Controllers\Filme.php(96): CodeIgniter\HTTP\Files\UploadedFile->move('FCPATH\\assets\\filmes', '1.jpg')
 3 APPPATH\Controllers\Filme.php(66): App\Controllers\Filme->upload(Object(CodeIgniter\HTTP\Files\UploadedFile), '1.jpg')
 4 SYSTEMPATH\CodeIgniter.php(896): App\Controllers\Filme->salvar()
 5 SYSTEMPATH\CodeIgniter.php(466): CodeIgniter\CodeIgniter->runController(Object(App\Controllers\Filme))
 6 SYSTEMPATH\CodeIgniter.php(349): CodeIgniter\CodeIgniter->handleRequest(null, Object(Config\Cache), false)
 7 FCPATH\index.php(55): CodeIgniter\CodeIgniter->run()
CRITICAL - 2022-07-25 21:54:17 --> The original file is not a valid file.
in SYSTEMPATH\HTTP\Files\UploadedFile.php on line 137.
 1 SYSTEMPATH\HTTP\Files\UploadedFile.php(137): CodeIgniter\HTTP\Exceptions\HTTPException::forInvalidFile()
 2 APPPATH\Controllers\Filme.php(80): CodeIgniter\HTTP\Files\UploadedFile->move('FCPATH\\assets\\filmes', '2.jpg')
 3 APPPATH\Controllers\Filme.php(65): App\Controllers\Filme->upload(Object(CodeIgniter\HTTP\Files\UploadedFile), '2.jpg')
 4 SYSTEMPATH\CodeIgniter.php(896): App\Controllers\Filme->salvar()
 5 SYSTEMPATH\CodeIgniter.php(466): CodeIgniter\CodeIgniter->runController(Object(App\Controllers\Filme))
 6 SYSTEMPATH\CodeIgniter.php(349): CodeIgniter\CodeIgniter->handleRequest(null, Object(Config\Cache), false)
 7 FCPATH\index.php(55): CodeIgniter\CodeIgniter->run()
CRITICAL - 2022-07-25 21:57:13 --> syntax error, unexpected identifier "is"
in APPPATH\Controllers\Filme.php on line 76.
 1 SYSTEMPATH\Router\Router.php(499): CodeIgniter\Router\AutoRouter->getRoute('filme/salvar')
 2 SYSTEMPATH\Router\Router.php(205): CodeIgniter\Router\Router->autoRoute('filme/salvar')
 3 SYSTEMPATH\CodeIgniter.php(771): CodeIgniter\Router\Router->handle('filme/salvar')
 4 SYSTEMPATH\CodeIgniter.php(415): CodeIgniter\CodeIgniter->tryToRouteIt(Object(CodeIgniter\Router\RouteCollection))
 5 SYSTEMPATH\CodeIgniter.php(349): CodeIgniter\CodeIgniter->handleRequest(null, Object(Config\Cache), false)
 6 FCPATH\index.php(55): CodeIgniter\CodeIgniter->run()
CRITICAL - 2022-07-25 22:06:48 --> syntax error, unexpected token ","
in APPPATH\Controllers\Filme.php on line 79.
 1 SYSTEMPATH\Router\Router.php(499): CodeIgniter\Router\AutoRouter->getRoute('filme/index')
 2 SYSTEMPATH\Router\Router.php(205): CodeIgniter\Router\Router->autoRoute('filme/index')
 3 SYSTEMPATH\CodeIgniter.php(771): CodeIgniter\Router\Router->handle('filme/index')
 4 SYSTEMPATH\CodeIgniter.php(415): CodeIgniter\CodeIgniter->tryToRouteIt(Object(CodeIgniter\Router\RouteCollection))
 5 SYSTEMPATH\CodeIgniter.php(349): CodeIgniter\CodeIgniter->handleRequest(null, Object(Config\Cache), false)
 6 FCPATH\index.php(55): CodeIgniter\CodeIgniter->run()
CRITICAL - 2022-07-25 22:12:09 --> The original file is not a valid file.
in SYSTEMPATH\HTTP\Files\UploadedFile.php on line 137.
 1 SYSTEMPATH\HTTP\Files\UploadedFile.php(137): CodeIgniter\HTTP\Exceptions\HTTPException::forInvalidFile()
 2 APPPATH\Controllers\Filme.php(86): CodeIgniter\HTTP\Files\UploadedFile->move('FCPATH\\assets\\filmes', '1.jpg')
 3 APPPATH\Controllers\Filme.php(65): App\Controllers\Filme->upload(Object(CodeIgniter\HTTP\Files\UploadedFile), '1.jpg')
 4 SYSTEMPATH\CodeIgniter.php(896): App\Controllers\Filme->salvar()
 5 SYSTEMPATH\CodeIgniter.php(466): CodeIgniter\CodeIgniter->runController(Object(App\Controllers\Filme))
 6 SYSTEMPATH\CodeIgniter.php(349): CodeIgniter\CodeIgniter->handleRequest(null, Object(Config\Cache), false)
 7 FCPATH\index.php(55): CodeIgniter\CodeIgniter->run()
CRITICAL - 2022-07-25 22:36:50 --> syntax error, unexpected variable "$id", expecting "," or ";"
in APPPATH\Controllers\Filme.php on line 58.
 1 SYSTEMPATH\Router\Router.php(499): CodeIgniter\Router\AutoRouter->getRoute('filme/salvar')
 2 SYSTEMPATH\Router\Router.php(205): CodeIgniter\Router\Router->autoRoute('filme/salvar')
 3 SYSTEMPATH\CodeIgniter.php(771): CodeIgniter\Router\Router->handle('filme/salvar')
 4 SYSTEMPATH\CodeIgniter.php(415): CodeIgniter\CodeIgniter->tryToRouteIt(Object(CodeIgniter\Router\RouteCollection))
 5 SYSTEMPATH\CodeIgniter.php(349): CodeIgniter\CodeIgniter->handleRequest(null, Object(Config\Cache), false)
 6 FCPATH\index.php(55): CodeIgniter\CodeIgniter->run()
CRITICAL - 2022-07-25 22:36:58 --> syntax error, unexpected variable "$id", expecting "," or ";"
in APPPATH\Controllers\Filme.php on line 58.
 1 SYSTEMPATH\Router\Router.php(499): CodeIgniter\Router\AutoRouter->getRoute('filme/novo_filme')
 2 SYSTEMPATH\Router\Router.php(205): CodeIgniter\Router\Router->autoRoute('filme/novo_filme')
 3 SYSTEMPATH\CodeIgniter.php(771): CodeIgniter\Router\Router->handle('filme/novo_filme')
 4 SYSTEMPATH\CodeIgniter.php(415): CodeIgniter\CodeIgniter->tryToRouteIt(Object(CodeIgniter\Router\RouteCollection))
 5 SYSTEMPATH\CodeIgniter.php(349): CodeIgniter\CodeIgniter->handleRequest(null, Object(Config\Cache), false)
 6 FCPATH\index.php(55): CodeIgniter\CodeIgniter->run()
CRITICAL - 2022-07-25 22:37:01 --> syntax error, unexpected variable "$id", expecting "," or ";"
in APPPATH\Controllers\Filme.php on line 58.
 1 SYSTEMPATH\Router\Router.php(499): CodeIgniter\Router\AutoRouter->getRoute('filme/index')
 2 SYSTEMPATH\Router\Router.php(205): CodeIgniter\Router\Router->autoRoute('filme/index')
 3 SYSTEMPATH\CodeIgniter.php(771): CodeIgniter\Router\Router->handle('filme/index')
 4 SYSTEMPATH\CodeIgniter.php(415): CodeIgniter\CodeIgniter->tryToRouteIt(Object(CodeIgniter\Router\RouteCollection))
 5 SYSTEMPATH\CodeIgniter.php(349): CodeIgniter\CodeIgniter->handleRequest(null, Object(Config\Cache), false)
 6 FCPATH\index.php(55): CodeIgniter\CodeIgniter->run()
CRITICAL - 2022-07-25 22:37:04 --> syntax error, unexpected variable "$id", expecting "," or ";"
in APPPATH\Controllers\Filme.php on line 58.
 1 SYSTEMPATH\Router\Router.php(499): CodeIgniter\Router\AutoRouter->getRoute('filme/index')
 2 SYSTEMPATH\Router\Router.php(205): CodeIgniter\Router\Router->autoRoute('filme/index')
 3 SYSTEMPATH\CodeIgniter.php(771): CodeIgniter\Router\Router->handle('filme/index')
 4 SYSTEMPATH\CodeIgniter.php(415): CodeIgniter\CodeIgniter->tryToRouteIt(Object(CodeIgniter\Router\RouteCollection))
 5 SYSTEMPATH\CodeIgniter.php(349): CodeIgniter\CodeIgniter->handleRequest(null, Object(Config\Cache), false)
 6 FCPATH\index.php(55): CodeIgniter\CodeIgniter->run()
CRITICAL - 2022-07-25 22:37:06 --> syntax error, unexpected variable "$id", expecting "," or ";"
in APPPATH\Controllers\Filme.php on line 58.
 1 SYSTEMPATH\Router\Router.php(499): CodeIgniter\Router\AutoRouter->getRoute('filme/index')
 2 SYSTEMPATH\Router\Router.php(205): CodeIgniter\Router\Router->autoRoute('filme/index')
 3 SYSTEMPATH\CodeIgniter.php(771): CodeIgniter\Router\Router->handle('filme/index')
 4 SYSTEMPATH\CodeIgniter.php(415): CodeIgniter\CodeIgniter->tryToRouteIt(Object(CodeIgniter\Router\RouteCollection))
 5 SYSTEMPATH\CodeIgniter.php(349): CodeIgniter\CodeIgniter->handleRequest(null, Object(Config\Cache), false)
 6 FCPATH\index.php(55): CodeIgniter\CodeIgniter->run()
CRITICAL - 2022-07-25 22:40:53 --> syntax error, unexpected token "isset", expecting "("
in APPPATH\Controllers\Filme.php on line 59.
 1 SYSTEMPATH\Router\Router.php(499): CodeIgniter\Router\AutoRouter->getRoute('filme/salvar')
 2 SYSTEMPATH\Router\Router.php(205): CodeIgniter\Router\Router->autoRoute('filme/salvar')
 3 SYSTEMPATH\CodeIgniter.php(771): CodeIgniter\Router\Router->handle('filme/salvar')
 4 SYSTEMPATH\CodeIgniter.php(415): CodeIgniter\CodeIgniter->tryToRouteIt(Object(CodeIgniter\Router\RouteCollection))
 5 SYSTEMPATH\CodeIgniter.php(349): CodeIgniter\CodeIgniter->handleRequest(null, Object(Config\Cache), false)
 6 FCPATH\index.php(55): CodeIgniter\CodeIgniter->run()
CRITICAL - 2022-07-25 22:50:03 --> Undefined array key "cpf"
in APPPATH\Views\administracao\usuario_v.php on line 47.
 1 APPPATH\Views\administracao\usuario_v.php(47): CodeIgniter\Debug\Exceptions->errorHandler(2, 'Undefined array key "cpf"', 'APPPATH\\Views\\administracao\\usuario_v.php', 47)
 2 SYSTEMPATH\View\View.php(213): include('APPPATH\\Views\\administracao\\usuario_v.php')
 3 SYSTEMPATH\View\View.php(216): CodeIgniter\View\View->CodeIgniter\View\{closure}()
 4 SYSTEMPATH\Common.php(1135): CodeIgniter\View\View->render('administracao/usuario_v', [], true)
 5 APPPATH\Controllers\Usuario.php(28): view('administracao/usuario_v', [...])
 6 SYSTEMPATH\CodeIgniter.php(896): App\Controllers\Usuario->index()
 7 SYSTEMPATH\CodeIgniter.php(466): CodeIgniter\CodeIgniter->runController(Object(App\Controllers\Usuario))
 8 SYSTEMPATH\CodeIgniter.php(349): CodeIgniter\CodeIgniter->handleRequest(null, Object(Config\Cache), false)
 9 FCPATH\index.php(55): CodeIgniter\CodeIgniter->run()
CRITICAL - 2022-07-25 22:50:25 --> Undefined array key "cpf"
in APPPATH\Views\administracao\usuario_v.php on line 47.
 1 APPPATH\Views\administracao\usuario_v.php(47): CodeIgniter\Debug\Exceptions->errorHandler(2, 'Undefined array key "cpf"', 'APPPATH\\Views\\administracao\\usuario_v.php', 47)
 2 SYSTEMPATH\View\View.php(213): include('APPPATH\\Views\\administracao\\usuario_v.php')
 3 SYSTEMPATH\View\View.php(216): CodeIgniter\View\View->CodeIgniter\View\{closure}()
 4 SYSTEMPATH\Common.php(1135): CodeIgniter\View\View->render('administracao/usuario_v', [], true)
 5 APPPATH\Controllers\Usuario.php(28): view('administracao/usuario_v', [...])
 6 SYSTEMPATH\CodeIgniter.php(896): App\Controllers\Usuario->index()
 7 SYSTEMPATH\CodeIgniter.php(466): CodeIgniter\CodeIgniter->runController(Object(App\Controllers\Usuario))
 8 SYSTEMPATH\CodeIgniter.php(349): CodeIgniter\CodeIgniter->handleRequest(null, Object(Config\Cache), false)
 9 FCPATH\index.php(55): CodeIgniter\CodeIgniter->run()
CRITICAL - 2022-07-25 22:50:31 --> Undefined array key "cpf"
in APPPATH\Views\administracao\usuario_v.php on line 47.
 1 APPPATH\Views\administracao\usuario_v.php(47): CodeIgniter\Debug\Exceptions->errorHandler(2, 'Undefined array key "cpf"', 'APPPATH\\Views\\administracao\\usuario_v.php', 47)
 2 SYSTEMPATH\View\View.php(213): include('APPPATH\\Views\\administracao\\usuario_v.php')
 3 SYSTEMPATH\View\View.php(216): CodeIgniter\View\View->CodeIgniter\View\{closure}()
 4 SYSTEMPATH\Common.php(1135): CodeIgniter\View\View->render('administracao/usuario_v', [], true)
 5 APPPATH\Controllers\Usuario.php(28): view('administracao/usuario_v', [...])
 6 SYSTEMPATH\CodeIgniter.php(896): App\Controllers\Usuario->index()
 7 SYSTEMPATH\CodeIgniter.php(466): CodeIgniter\CodeIgniter->runController(Object(App\Controllers\Usuario))
 8 SYSTEMPATH\CodeIgniter.php(349): CodeIgniter\CodeIgniter->handleRequest(null, Object(Config\Cache), false)
 9 FCPATH\index.php(55): CodeIgniter\CodeIgniter->run()
CRITICAL - 2022-07-25 22:57:19 --> Too few arguments to function App\Controllers\Login::visualizar_filme(), 0 passed in C:\xampp\htdocs\creathusmonica\system\CodeIgniter.php on line 896 and exactly 1 expected
in APPPATH\Controllers\Login.php on line 62.
 1 SYSTEMPATH\CodeIgniter.php(896): App\Controllers\Login->visualizar_filme()
 2 SYSTEMPATH\CodeIgniter.php(466): CodeIgniter\CodeIgniter->runController(Object(App\Controllers\Login))
 3 SYSTEMPATH\CodeIgniter.php(349): CodeIgniter\CodeIgniter->handleRequest(null, Object(Config\Cache), false)
 4 FCPATH\index.php(55): CodeIgniter\CodeIgniter->run()
