CRITICAL - 2022-07-22 00:24:56 --> Invalid file: filme_v.php
in SYSTEMPATH\Exceptions\FrameworkException.php on line 33.
 1 SYSTEMPATH\View\View.php(201): CodeIgniter\Exceptions\FrameworkException::forInvalidFile('filme_v.php')
 2 SYSTEMPATH\Common.php(1135): CodeIgniter\View\View->render('filme_v', [], true)
 3 APPPATH\Controllers\Filme.php(31): view('filme_v', [...])
 4 SYSTEMPATH\CodeIgniter.php(896): App\Controllers\Filme->index()
 5 SYSTEMPATH\CodeIgniter.php(466): CodeIgniter\CodeIgniter->runController(Object(App\Controllers\Filme))
 6 SYSTEMPATH\CodeIgniter.php(349): CodeIgniter\CodeIgniter->handleRequest(null, Object(Config\Cache), false)
 7 FCPATH\index.php(55): CodeIgniter\CodeIgniter->run()
CRITICAL - 2022-07-22 16:19:41 --> Too few arguments to function CodeIgniter\Router\RouteCollection::setAutoRoute(), 0 passed in C:\xampp\htdocs\ci4\app\Config\Routes.php on line 24 and exactly 1 expected
in SYSTEMPATH\Router\RouteCollection.php on line 326.
 1 APPPATH\Config\Routes.php(24): CodeIgniter\Router\RouteCollection->setAutoRoute()
 2 SYSTEMPATH\CodeIgniter.php(758): require('APPPATH\\Config\\Routes.php')
 3 SYSTEMPATH\CodeIgniter.php(415): CodeIgniter\CodeIgniter->tryToRouteIt(Object(CodeIgniter\Router\RouteCollection))
 4 SYSTEMPATH\CodeIgniter.php(349): CodeIgniter\CodeIgniter->handleRequest(null, Object(Config\Cache), false)
 5 FCPATH\index.php(55): CodeIgniter\CodeIgniter->run()
CRITICAL - 2022-07-22 16:19:42 --> Too few arguments to function CodeIgniter\Router\RouteCollection::setAutoRoute(), 0 passed in C:\xampp\htdocs\ci4\app\Config\Routes.php on line 24 and exactly 1 expected
in SYSTEMPATH\Router\RouteCollection.php on line 326.
 1 APPPATH\Config\Routes.php(24): CodeIgniter\Router\RouteCollection->setAutoRoute()
 2 SYSTEMPATH\CodeIgniter.php(758): require('APPPATH\\Config\\Routes.php')
 3 SYSTEMPATH\CodeIgniter.php(415): CodeIgniter\CodeIgniter->tryToRouteIt(Object(CodeIgniter\Router\RouteCollection))
 4 SYSTEMPATH\CodeIgniter.php(349): CodeIgniter\CodeIgniter->handleRequest(null, Object(Config\Cache), false)
 5 FCPATH\index.php(55): CodeIgniter\CodeIgniter->run()
CRITICAL - 2022-07-22 16:19:50 --> Too few arguments to function CodeIgniter\Router\RouteCollection::setAutoRoute(), 0 passed in C:\xampp\htdocs\ci4\app\Config\Routes.php on line 24 and exactly 1 expected
in SYSTEMPATH\Router\RouteCollection.php on line 326.
 1 APPPATH\Config\Routes.php(24): CodeIgniter\Router\RouteCollection->setAutoRoute()
 2 SYSTEMPATH\CodeIgniter.php(758): require('APPPATH\\Config\\Routes.php')
 3 SYSTEMPATH\CodeIgniter.php(415): CodeIgniter\CodeIgniter->tryToRouteIt(Object(CodeIgniter\Router\RouteCollection))
 4 SYSTEMPATH\CodeIgniter.php(349): CodeIgniter\CodeIgniter->handleRequest(null, Object(Config\Cache), false)
 5 FCPATH\index.php(55): CodeIgniter\CodeIgniter->run()
CRITICAL - 2022-07-22 22:50:43 --> Invalid file: administracaol_v.php
in SYSTEMPATH\Exceptions\FrameworkException.php on line 33.
 1 SYSTEMPATH\View\View.php(201): CodeIgniter\Exceptions\FrameworkException::forInvalidFile('administracaol_v.php')
 2 SYSTEMPATH\Common.php(1135): CodeIgniter\View\View->render('administracaol_v', [], true)
 3 APPPATH\Controllers\Filme.php(31): view('administracaol_v')
 4 SYSTEMPATH\CodeIgniter.php(896): App\Controllers\Filme->index()
 5 SYSTEMPATH\CodeIgniter.php(466): CodeIgniter\CodeIgniter->runController(Object(App\Controllers\Filme))
 6 SYSTEMPATH\CodeIgniter.php(349): CodeIgniter\CodeIgniter->handleRequest(null, Object(Config\Cache), false)
 7 FCPATH\index.php(55): CodeIgniter\CodeIgniter->run()
CRITICAL - 2022-07-22 23:44:55 --> View themes, no current section.
in SYSTEMPATH\View\View.php on line 392.
 1 APPPATH\Views\filme_v.php(78): CodeIgniter\View\View->endSection()
 2 SYSTEMPATH\View\View.php(213): include('APPPATH\\Views\\filme_v.php')
 3 SYSTEMPATH\View\View.php(216): CodeIgniter\View\View->CodeIgniter\View\{closure}()
 4 SYSTEMPATH\Common.php(1135): CodeIgniter\View\View->render('filme_v', [], true)
 5 APPPATH\Controllers\Filme.php(28): view('filme_v', [...])
 6 SYSTEMPATH\CodeIgniter.php(896): App\Controllers\Filme->index()
 7 SYSTEMPATH\CodeIgniter.php(466): CodeIgniter\CodeIgniter->runController(Object(App\Controllers\Filme))
 8 SYSTEMPATH\CodeIgniter.php(349): CodeIgniter\CodeIgniter->handleRequest(null, Object(Config\Cache), false)
 9 FCPATH\index.php(55): CodeIgniter\CodeIgniter->run()
