CRITICAL - 2022-07-20 10:54:06 --> Call to a member function findAll() on null
in APPPATH\Controllers\Usuario.php on line 20.
 1 SYSTEMPATH\CodeIgniter.php(896): App\Controllers\Usuario->index()
 2 SYSTEMPATH\CodeIgniter.php(466): CodeIgniter\CodeIgniter->runController(Object(App\Controllers\Usuario))
 3 SYSTEMPATH\CodeIgniter.php(349): CodeIgniter\CodeIgniter->handleRequest(null, Object(Config\Cache), false)
 4 FCPATH\index.php(55): CodeIgniter\CodeIgniter->run()
CRITICAL - 2022-07-20 10:55:02 --> Invalid file: usuario_v.php
in SYSTEMPATH\Exceptions\FrameworkException.php on line 33.
 1 SYSTEMPATH\View\View.php(201): CodeIgniter\Exceptions\FrameworkException::forInvalidFile('usuario_v.php')
 2 SYSTEMPATH\Common.php(1135): CodeIgniter\View\View->render('usuario_v', [], true)
 3 APPPATH\Controllers\Usuario.php(24): view('usuario_v', [...])
 4 SYSTEMPATH\CodeIgniter.php(896): App\Controllers\Usuario->index()
 5 SYSTEMPATH\CodeIgniter.php(466): CodeIgniter\CodeIgniter->runController(Object(App\Controllers\Usuario))
 6 SYSTEMPATH\CodeIgniter.php(349): CodeIgniter\CodeIgniter->handleRequest(null, Object(Config\Cache), false)
 7 FCPATH\index.php(55): CodeIgniter\CodeIgniter->run()
CRITICAL - 2022-07-20 10:55:33 --> Undefined variable $usuarios
in APPPATH\Views\usuarios_v.php on line 23.
 1 APPPATH\Views\usuarios_v.php(23): CodeIgniter\Debug\Exceptions->errorHandler(2, 'Undefined variable $usuarios', 'APPPATH\\Views\\usuarios_v.php', 23)
 2 SYSTEMPATH\View\View.php(213): include('APPPATH\\Views\\usuarios_v.php')
 3 SYSTEMPATH\View\View.php(216): CodeIgniter\View\View->CodeIgniter\View\{closure}()
 4 SYSTEMPATH\Common.php(1135): CodeIgniter\View\View->render('usuarios_v', [], true)
 5 APPPATH\Controllers\Usuario.php(24): view('usuarios_v', [...])
 6 SYSTEMPATH\CodeIgniter.php(896): App\Controllers\Usuario->index()
 7 SYSTEMPATH\CodeIgniter.php(466): CodeIgniter\CodeIgniter->runController(Object(App\Controllers\Usuario))
 8 SYSTEMPATH\CodeIgniter.php(349): CodeIgniter\CodeIgniter->handleRequest(null, Object(Config\Cache), false)
 9 FCPATH\index.php(55): CodeIgniter\CodeIgniter->run()
CRITICAL - 2022-07-20 10:55:53 --> Call to a member function findAll() on null
in APPPATH\Controllers\Usuario.php on line 20.
 1 SYSTEMPATH\CodeIgniter.php(896): App\Controllers\Usuario->index()
 2 SYSTEMPATH\CodeIgniter.php(466): CodeIgniter\CodeIgniter->runController(Object(App\Controllers\Usuario))
 3 SYSTEMPATH\CodeIgniter.php(349): CodeIgniter\CodeIgniter->handleRequest(null, Object(Config\Cache), false)
 4 FCPATH\index.php(55): CodeIgniter\CodeIgniter->run()
CRITICAL - 2022-07-20 10:58:14 --> Call to a member function findAll() on null
in APPPATH\Controllers\Usuario.php on line 20.
 1 SYSTEMPATH\CodeIgniter.php(896): App\Controllers\Usuario->index()
 2 SYSTEMPATH\CodeIgniter.php(466): CodeIgniter\CodeIgniter->runController(Object(App\Controllers\Usuario))
 3 SYSTEMPATH\CodeIgniter.php(349): CodeIgniter\CodeIgniter->handleRequest(null, Object(Config\Cache), false)
 4 FCPATH\index.php(55): CodeIgniter\CodeIgniter->run()
CRITICAL - 2022-07-20 10:58:15 --> Call to a member function findAll() on null
in APPPATH\Controllers\Usuario.php on line 20.
 1 SYSTEMPATH\CodeIgniter.php(896): App\Controllers\Usuario->index()
 2 SYSTEMPATH\CodeIgniter.php(466): CodeIgniter\CodeIgniter->runController(Object(App\Controllers\Usuario))
 3 SYSTEMPATH\CodeIgniter.php(349): CodeIgniter\CodeIgniter->handleRequest(null, Object(Config\Cache), false)
 4 FCPATH\index.php(55): CodeIgniter\CodeIgniter->run()
CRITICAL - 2022-07-20 14:59:21 --> Call to a member function findAll() on null
in APPPATH\Controllers\Usuario.php on line 20.
 1 SYSTEMPATH\CodeIgniter.php(896): App\Controllers\Usuario->index()
 2 SYSTEMPATH\CodeIgniter.php(466): CodeIgniter\CodeIgniter->runController(Object(App\Controllers\Usuario))
 3 SYSTEMPATH\CodeIgniter.php(349): CodeIgniter\CodeIgniter->handleRequest(null, Object(Config\Cache), false)
 4 FCPATH\index.php(55): CodeIgniter\CodeIgniter->run()
CRITICAL - 2022-07-20 15:02:36 --> Undefined variable $db
in APPPATH\Controllers\Usuario.php on line 19.
 1 APPPATH\Controllers\Usuario.php(19): CodeIgniter\Debug\Exceptions->errorHandler(2, 'Undefined variable $db', 'APPPATH\\Controllers\\Usuario.php', 19)
 2 SYSTEMPATH\CodeIgniter.php(896): App\Controllers\Usuario->index()
 3 SYSTEMPATH\CodeIgniter.php(466): CodeIgniter\CodeIgniter->runController(Object(App\Controllers\Usuario))
 4 SYSTEMPATH\CodeIgniter.php(349): CodeIgniter\CodeIgniter->handleRequest(null, Object(Config\Cache), false)
 5 FCPATH\index.php(55): CodeIgniter\CodeIgniter->run()
CRITICAL - 2022-07-20 15:03:31 --> syntax error, unexpected variable "$db", expecting "function" or "const"
in APPPATH\Controllers\Usuario.php on line 9.
 1 SYSTEMPATH\Autoloader\Autoloader.php(261): CodeIgniter\Autoloader\Autoloader->includeFile('APPPATH\\Controllers\\Usuario.php')
 2 SYSTEMPATH\Autoloader\Autoloader.php(239): CodeIgniter\Autoloader\Autoloader->loadInNamespace('App\\Controllers\\Usuario')
 3 [internal function]: CodeIgniter\Autoloader\Autoloader->loadClass('App\\Controllers\\Usuario')
 4 SYSTEMPATH\CodeIgniter.php(846): class_exists('\\App\\Controllers\\Usuario', true)
 5 SYSTEMPATH\CodeIgniter.php(453): CodeIgniter\CodeIgniter->startController()
 6 SYSTEMPATH\CodeIgniter.php(349): CodeIgniter\CodeIgniter->handleRequest(null, Object(Config\Cache), false)
 7 FCPATH\index.php(55): CodeIgniter\CodeIgniter->run()
CRITICAL - 2022-07-20 15:13:59 --> syntax error, unexpected variable "$db", expecting "function" or "const"
in APPPATH\Controllers\Usuario.php on line 9.
 1 SYSTEMPATH\Autoloader\Autoloader.php(261): CodeIgniter\Autoloader\Autoloader->includeFile('APPPATH\\Controllers\\Usuario.php')
 2 SYSTEMPATH\Autoloader\Autoloader.php(239): CodeIgniter\Autoloader\Autoloader->loadInNamespace('App\\Controllers\\Usuario')
 3 [internal function]: CodeIgniter\Autoloader\Autoloader->loadClass('App\\Controllers\\Usuario')
 4 SYSTEMPATH\CodeIgniter.php(846): class_exists('\\App\\Controllers\\Usuario', true)
 5 SYSTEMPATH\CodeIgniter.php(453): CodeIgniter\CodeIgniter->startController()
 6 SYSTEMPATH\CodeIgniter.php(349): CodeIgniter\CodeIgniter->handleRequest(null, Object(Config\Cache), false)
 7 FCPATH\index.php(55): CodeIgniter\CodeIgniter->run()
CRITICAL - 2022-07-20 15:14:12 --> syntax error, unexpected variable "$db", expecting "function" or "const"
in APPPATH\Controllers\Usuario.php on line 9.
 1 SYSTEMPATH\Autoloader\Autoloader.php(261): CodeIgniter\Autoloader\Autoloader->includeFile('APPPATH\\Controllers\\Usuario.php')
 2 SYSTEMPATH\Autoloader\Autoloader.php(239): CodeIgniter\Autoloader\Autoloader->loadInNamespace('App\\Controllers\\Usuario')
 3 [internal function]: CodeIgniter\Autoloader\Autoloader->loadClass('App\\Controllers\\Usuario')
 4 SYSTEMPATH\CodeIgniter.php(846): class_exists('\\App\\Controllers\\Usuario', true)
 5 SYSTEMPATH\CodeIgniter.php(453): CodeIgniter\CodeIgniter->startController()
 6 SYSTEMPATH\CodeIgniter.php(349): CodeIgniter\CodeIgniter->handleRequest(null, Object(Config\Cache), false)
 7 FCPATH\index.php(55): CodeIgniter\CodeIgniter->run()
CRITICAL - 2022-07-20 15:14:27 --> syntax error, unexpected identifier "foi", expecting ")"
in APPPATH\Controllers\Usuario.php on line 24.
 1 SYSTEMPATH\Autoloader\Autoloader.php(261): CodeIgniter\Autoloader\Autoloader->includeFile('APPPATH\\Controllers\\Usuario.php')
 2 SYSTEMPATH\Autoloader\Autoloader.php(239): CodeIgniter\Autoloader\Autoloader->loadInNamespace('App\\Controllers\\Usuario')
 3 [internal function]: CodeIgniter\Autoloader\Autoloader->loadClass('App\\Controllers\\Usuario')
 4 SYSTEMPATH\CodeIgniter.php(846): class_exists('\\App\\Controllers\\Usuario', true)
 5 SYSTEMPATH\CodeIgniter.php(453): CodeIgniter\CodeIgniter->startController()
 6 SYSTEMPATH\CodeIgniter.php(349): CodeIgniter\CodeIgniter->handleRequest(null, Object(Config\Cache), false)
 7 FCPATH\index.php(55): CodeIgniter\CodeIgniter->run()
CRITICAL - 2022-07-20 15:21:08 --> syntax error, unexpected identifier "foi", expecting ")"
in APPPATH\Controllers\Usuario.php on line 24.
 1 SYSTEMPATH\Autoloader\Autoloader.php(261): CodeIgniter\Autoloader\Autoloader->includeFile('APPPATH\\Controllers\\Usuario.php')
 2 SYSTEMPATH\Autoloader\Autoloader.php(239): CodeIgniter\Autoloader\Autoloader->loadInNamespace('App\\Controllers\\Usuario')
 3 [internal function]: CodeIgniter\Autoloader\Autoloader->loadClass('App\\Controllers\\Usuario')
 4 SYSTEMPATH\CodeIgniter.php(846): class_exists('\\App\\Controllers\\Usuario', true)
 5 SYSTEMPATH\CodeIgniter.php(453): CodeIgniter\CodeIgniter->startController()
 6 SYSTEMPATH\CodeIgniter.php(349): CodeIgniter\CodeIgniter->handleRequest(null, Object(Config\Cache), false)
 7 FCPATH\index.php(55): CodeIgniter\CodeIgniter->run()
CRITICAL - 2022-07-20 15:21:53 --> Call to undefined function App\Controllers\mysql_connect()
in APPPATH\Controllers\Usuario.php on line 24.
 1 SYSTEMPATH\CodeIgniter.php(896): App\Controllers\Usuario->index()
 2 SYSTEMPATH\CodeIgniter.php(466): CodeIgniter\CodeIgniter->runController(Object(App\Controllers\Usuario))
 3 SYSTEMPATH\CodeIgniter.php(349): CodeIgniter\CodeIgniter->handleRequest(null, Object(Config\Cache), false)
 4 FCPATH\index.php(55): CodeIgniter\CodeIgniter->run()
CRITICAL - 2022-07-20 15:22:29 --> Call to undefined function App\Controllers\mysql_connect()
in APPPATH\Controllers\Usuario.php on line 24.
 1 SYSTEMPATH\CodeIgniter.php(896): App\Controllers\Usuario->index()
 2 SYSTEMPATH\CodeIgniter.php(466): CodeIgniter\CodeIgniter->runController(Object(App\Controllers\Usuario))
 3 SYSTEMPATH\CodeIgniter.php(349): CodeIgniter\CodeIgniter->handleRequest(null, Object(Config\Cache), false)
 4 FCPATH\index.php(55): CodeIgniter\CodeIgniter->run()
CRITICAL - 2022-07-20 15:25:20 --> Call to a member function findAll() on null
in APPPATH\Controllers\Usuario.php on line 24.
 1 SYSTEMPATH\CodeIgniter.php(896): App\Controllers\Usuario->index()
 2 SYSTEMPATH\CodeIgniter.php(466): CodeIgniter\CodeIgniter->runController(Object(App\Controllers\Usuario))
 3 SYSTEMPATH\CodeIgniter.php(349): CodeIgniter\CodeIgniter->handleRequest(null, Object(Config\Cache), false)
 4 FCPATH\index.php(55): CodeIgniter\CodeIgniter->run()
CRITICAL - 2022-07-20 15:25:22 --> Call to a member function findAll() on null
in APPPATH\Controllers\Usuario.php on line 24.
 1 SYSTEMPATH\CodeIgniter.php(896): App\Controllers\Usuario->index()
 2 SYSTEMPATH\CodeIgniter.php(466): CodeIgniter\CodeIgniter->runController(Object(App\Controllers\Usuario))
 3 SYSTEMPATH\CodeIgniter.php(349): CodeIgniter\CodeIgniter->handleRequest(null, Object(Config\Cache), false)
 4 FCPATH\index.php(55): CodeIgniter\CodeIgniter->run()
CRITICAL - 2022-07-20 15:26:33 --> Call to a member function findAll() on null
in APPPATH\Controllers\Usuario.php on line 24.
 1 SYSTEMPATH\CodeIgniter.php(896): App\Controllers\Usuario->index()
 2 SYSTEMPATH\CodeIgniter.php(466): CodeIgniter\CodeIgniter->runController(Object(App\Controllers\Usuario))
 3 SYSTEMPATH\CodeIgniter.php(349): CodeIgniter\CodeIgniter->handleRequest(null, Object(Config\Cache), false)
 4 FCPATH\index.php(55): CodeIgniter\CodeIgniter->run()
CRITICAL - 2022-07-20 15:26:41 --> Call to a member function findAll() on null
in APPPATH\Controllers\Usuario.php on line 24.
 1 SYSTEMPATH\CodeIgniter.php(896): App\Controllers\Usuario->index()
 2 SYSTEMPATH\CodeIgniter.php(466): CodeIgniter\CodeIgniter->runController(Object(App\Controllers\Usuario))
 3 SYSTEMPATH\CodeIgniter.php(349): CodeIgniter\CodeIgniter->handleRequest(null, Object(Config\Cache), false)
 4 FCPATH\index.php(55): CodeIgniter\CodeIgniter->run()
CRITICAL - 2022-07-20 16:13:17 --> Call to a member function findAll() on null
in APPPATH\Controllers\Usuario.php on line 24.
 1 SYSTEMPATH\CodeIgniter.php(896): App\Controllers\Usuario->index()
 2 SYSTEMPATH\CodeIgniter.php(466): CodeIgniter\CodeIgniter->runController(Object(App\Controllers\Usuario))
 3 SYSTEMPATH\CodeIgniter.php(349): CodeIgniter\CodeIgniter->handleRequest(null, Object(Config\Cache), false)
 4 FCPATH\index.php(55): CodeIgniter\CodeIgniter->run()
CRITICAL - 2022-07-20 16:13:30 --> Call to a member function findAll() on null
in APPPATH\Controllers\Usuario.php on line 24.
 1 SYSTEMPATH\CodeIgniter.php(896): App\Controllers\Usuario->index()
 2 SYSTEMPATH\CodeIgniter.php(466): CodeIgniter\CodeIgniter->runController(Object(App\Controllers\Usuario))
 3 SYSTEMPATH\CodeIgniter.php(349): CodeIgniter\CodeIgniter->handleRequest(null, Object(Config\Cache), false)
 4 FCPATH\index.php(55): CodeIgniter\CodeIgniter->run()
CRITICAL - 2022-07-20 16:19:05 --> Undefined variable $usuarioModel
in APPPATH\Controllers\Usuario.php on line 24.
 1 APPPATH\Controllers\Usuario.php(24): CodeIgniter\Debug\Exceptions->errorHandler(2, 'Undefined variable $usuarioModel', 'APPPATH\\Controllers\\Usuario.php', 24)
 2 SYSTEMPATH\CodeIgniter.php(896): App\Controllers\Usuario->index()
 3 SYSTEMPATH\CodeIgniter.php(466): CodeIgniter\CodeIgniter->runController(Object(App\Controllers\Usuario))
 4 SYSTEMPATH\CodeIgniter.php(349): CodeIgniter\CodeIgniter->handleRequest(null, Object(Config\Cache), false)
 5 FCPATH\index.php(55): CodeIgniter\CodeIgniter->run()
CRITICAL - 2022-07-20 16:20:36 --> Class "App\Controllers\t3lib_div" not found
in APPPATH\Controllers\Usuario.php on line 19.
 1 SYSTEMPATH\CodeIgniter.php(896): App\Controllers\Usuario->index()
 2 SYSTEMPATH\CodeIgniter.php(466): CodeIgniter\CodeIgniter->runController(Object(App\Controllers\Usuario))
 3 SYSTEMPATH\CodeIgniter.php(349): CodeIgniter\CodeIgniter->handleRequest(null, Object(Config\Cache), false)
 4 FCPATH\index.php(55): CodeIgniter\CodeIgniter->run()
CRITICAL - 2022-07-20 16:25:20 --> Call to a member function findAll() on null
in APPPATH\Controllers\Usuario.php on line 19.
 1 SYSTEMPATH\CodeIgniter.php(896): App\Controllers\Usuario->index()
 2 SYSTEMPATH\CodeIgniter.php(466): CodeIgniter\CodeIgniter->runController(Object(App\Controllers\Usuario))
 3 SYSTEMPATH\CodeIgniter.php(349): CodeIgniter\CodeIgniter->handleRequest(null, Object(Config\Cache), false)
 4 FCPATH\index.php(55): CodeIgniter\CodeIgniter->run()
CRITICAL - 2022-07-20 16:25:35 --> Undefined variable $usuarioModel
in APPPATH\Controllers\Usuario.php on line 19.
 1 APPPATH\Controllers\Usuario.php(19): CodeIgniter\Debug\Exceptions->errorHandler(2, 'Undefined variable $usuarioModel', 'APPPATH\\Controllers\\Usuario.php', 19)
 2 SYSTEMPATH\CodeIgniter.php(896): App\Controllers\Usuario->index()
 3 SYSTEMPATH\CodeIgniter.php(466): CodeIgniter\CodeIgniter->runController(Object(App\Controllers\Usuario))
 4 SYSTEMPATH\CodeIgniter.php(349): CodeIgniter\CodeIgniter->handleRequest(null, Object(Config\Cache), false)
 5 FCPATH\index.php(55): CodeIgniter\CodeIgniter->run()
CRITICAL - 2022-07-20 16:25:49 --> Class "App\Controllers\Usuario_m" not found
in APPPATH\Controllers\Usuario.php on line 16.
 1 SYSTEMPATH\CodeIgniter.php(896): App\Controllers\Usuario->index()
 2 SYSTEMPATH\CodeIgniter.php(466): CodeIgniter\CodeIgniter->runController(Object(App\Controllers\Usuario))
 3 SYSTEMPATH\CodeIgniter.php(349): CodeIgniter\CodeIgniter->handleRequest(null, Object(Config\Cache), false)
 4 FCPATH\index.php(55): CodeIgniter\CodeIgniter->run()
CRITICAL - 2022-07-20 16:27:02 --> syntax error, unexpected token "use", expecting "{"
in APPPATH\Models\Usuario_m.php on line 5.
 1 SYSTEMPATH\Autoloader\Autoloader.php(261): CodeIgniter\Autoloader\Autoloader->includeFile('APPPATH\\Models\\Usuario_m.php')
 2 SYSTEMPATH\Autoloader\Autoloader.php(239): CodeIgniter\Autoloader\Autoloader->loadInNamespace('App\\Models\\Usuario_m')
 3 APPPATH\Controllers\Usuario.php(18): CodeIgniter\Autoloader\Autoloader->loadClass('App\\Models\\Usuario_m')
 4 SYSTEMPATH\CodeIgniter.php(896): App\Controllers\Usuario->index()
 5 SYSTEMPATH\CodeIgniter.php(466): CodeIgniter\CodeIgniter->runController(Object(App\Controllers\Usuario))
 6 SYSTEMPATH\CodeIgniter.php(349): CodeIgniter\CodeIgniter->handleRequest(null, Object(Config\Cache), false)
 7 FCPATH\index.php(55): CodeIgniter\CodeIgniter->run()
CRITICAL - 2022-07-20 16:27:29 --> syntax error, unexpected token "use", expecting "{"
in APPPATH\Models\Usuario_m.php on line 5.
 1 SYSTEMPATH\Autoloader\Autoloader.php(261): CodeIgniter\Autoloader\Autoloader->includeFile('APPPATH\\Models\\Usuario_m.php')
 2 SYSTEMPATH\Autoloader\Autoloader.php(239): CodeIgniter\Autoloader\Autoloader->loadInNamespace('App\\Models\\Usuario_m')
 3 APPPATH\Controllers\Usuario.php(18): CodeIgniter\Autoloader\Autoloader->loadClass('App\\Models\\Usuario_m')
 4 SYSTEMPATH\CodeIgniter.php(896): App\Controllers\Usuario->index()
 5 SYSTEMPATH\CodeIgniter.php(466): CodeIgniter\CodeIgniter->runController(Object(App\Controllers\Usuario))
 6 SYSTEMPATH\CodeIgniter.php(349): CodeIgniter\CodeIgniter->handleRequest(null, Object(Config\Cache), false)
 7 FCPATH\index.php(55): CodeIgniter\CodeIgniter->run()
CRITICAL - 2022-07-20 16:28:14 --> syntax error, unexpected token "class", expecting "{"
in APPPATH\Models\Usuario_m.php on line 5.
 1 SYSTEMPATH\Autoloader\Autoloader.php(261): CodeIgniter\Autoloader\Autoloader->includeFile('APPPATH\\Models\\Usuario_m.php')
 2 SYSTEMPATH\Autoloader\Autoloader.php(239): CodeIgniter\Autoloader\Autoloader->loadInNamespace('App\\Models\\Usuario_m')
 3 APPPATH\Controllers\Usuario.php(18): CodeIgniter\Autoloader\Autoloader->loadClass('App\\Models\\Usuario_m')
 4 SYSTEMPATH\CodeIgniter.php(896): App\Controllers\Usuario->index()
 5 SYSTEMPATH\CodeIgniter.php(466): CodeIgniter\CodeIgniter->runController(Object(App\Controllers\Usuario))
 6 SYSTEMPATH\CodeIgniter.php(349): CodeIgniter\CodeIgniter->handleRequest(null, Object(Config\Cache), false)
 7 FCPATH\index.php(55): CodeIgniter\CodeIgniter->run()
CRITICAL - 2022-07-20 16:28:29 --> Undefined variable $usuarioModel
in APPPATH\Controllers\Usuario.php on line 21.
 1 APPPATH\Controllers\Usuario.php(21): CodeIgniter\Debug\Exceptions->errorHandler(2, 'Undefined variable $usuarioModel', 'APPPATH\\Controllers\\Usuario.php', 21)
 2 SYSTEMPATH\CodeIgniter.php(896): App\Controllers\Usuario->index()
 3 SYSTEMPATH\CodeIgniter.php(466): CodeIgniter\CodeIgniter->runController(Object(App\Controllers\Usuario))
 4 SYSTEMPATH\CodeIgniter.php(349): CodeIgniter\CodeIgniter->handleRequest(null, Object(Config\Cache), false)
 5 FCPATH\index.php(55): CodeIgniter\CodeIgniter->run()
CRITICAL - 2022-07-20 16:28:58 --> Undefined variable $usuarioModel
in APPPATH\Controllers\Usuario.php on line 20.
 1 APPPATH\Controllers\Usuario.php(20): CodeIgniter\Debug\Exceptions->errorHandler(2, 'Undefined variable $usuarioModel', 'APPPATH\\Controllers\\Usuario.php', 20)
 2 SYSTEMPATH\CodeIgniter.php(896): App\Controllers\Usuario->index()
 3 SYSTEMPATH\CodeIgniter.php(466): CodeIgniter\CodeIgniter->runController(Object(App\Controllers\Usuario))
 4 SYSTEMPATH\CodeIgniter.php(349): CodeIgniter\CodeIgniter->handleRequest(null, Object(Config\Cache), false)
 5 FCPATH\index.php(55): CodeIgniter\CodeIgniter->run()
CRITICAL - 2022-07-20 16:29:34 --> Call to a member function findAll() on null
in APPPATH\Controllers\Usuario.php on line 20.
 1 SYSTEMPATH\CodeIgniter.php(896): App\Controllers\Usuario->index()
 2 SYSTEMPATH\CodeIgniter.php(466): CodeIgniter\CodeIgniter->runController(Object(App\Controllers\Usuario))
 3 SYSTEMPATH\CodeIgniter.php(349): CodeIgniter\CodeIgniter->handleRequest(null, Object(Config\Cache), false)
 4 FCPATH\index.php(55): CodeIgniter\CodeIgniter->run()
CRITICAL - 2022-07-20 16:31:22 --> Undefined variable $usuarioModel
in APPPATH\Controllers\Usuario.php on line 20.
 1 APPPATH\Controllers\Usuario.php(20): CodeIgniter\Debug\Exceptions->errorHandler(2, 'Undefined variable $usuarioModel', 'APPPATH\\Controllers\\Usuario.php', 20)
 2 SYSTEMPATH\CodeIgniter.php(896): App\Controllers\Usuario->index()
 3 SYSTEMPATH\CodeIgniter.php(466): CodeIgniter\CodeIgniter->runController(Object(App\Controllers\Usuario))
 4 SYSTEMPATH\CodeIgniter.php(349): CodeIgniter\CodeIgniter->handleRequest(null, Object(Config\Cache), false)
 5 FCPATH\index.php(55): CodeIgniter\CodeIgniter->run()
CRITICAL - 2022-07-20 16:31:37 --> Call to a member function findAll() on null
in APPPATH\Controllers\Usuario.php on line 20.
 1 SYSTEMPATH\CodeIgniter.php(896): App\Controllers\Usuario->index()
 2 SYSTEMPATH\CodeIgniter.php(466): CodeIgniter\CodeIgniter->runController(Object(App\Controllers\Usuario))
 3 SYSTEMPATH\CodeIgniter.php(349): CodeIgniter\CodeIgniter->handleRequest(null, Object(Config\Cache), false)
 4 FCPATH\index.php(55): CodeIgniter\CodeIgniter->run()
CRITICAL - 2022-07-20 16:31:55 --> Undefined variable $usuarioModel
in APPPATH\Controllers\Usuario.php on line 20.
 1 APPPATH\Controllers\Usuario.php(20): CodeIgniter\Debug\Exceptions->errorHandler(2, 'Undefined variable $usuarioModel', 'APPPATH\\Controllers\\Usuario.php', 20)
 2 SYSTEMPATH\CodeIgniter.php(896): App\Controllers\Usuario->index()
 3 SYSTEMPATH\CodeIgniter.php(466): CodeIgniter\CodeIgniter->runController(Object(App\Controllers\Usuario))
 4 SYSTEMPATH\CodeIgniter.php(349): CodeIgniter\CodeIgniter->handleRequest(null, Object(Config\Cache), false)
 5 FCPATH\index.php(55): CodeIgniter\CodeIgniter->run()
CRITICAL - 2022-07-20 16:32:34 --> syntax error, unexpected variable "$usuarioModel", expecting "function" or "const"
in APPPATH\Controllers\Usuario.php on line 11.
 1 SYSTEMPATH\Autoloader\Autoloader.php(261): CodeIgniter\Autoloader\Autoloader->includeFile('APPPATH\\Controllers\\Usuario.php')
 2 SYSTEMPATH\Autoloader\Autoloader.php(239): CodeIgniter\Autoloader\Autoloader->loadInNamespace('App\\Controllers\\Usuario')
 3 [internal function]: CodeIgniter\Autoloader\Autoloader->loadClass('App\\Controllers\\Usuario')
 4 SYSTEMPATH\CodeIgniter.php(846): class_exists('\\App\\Controllers\\Usuario', true)
 5 SYSTEMPATH\CodeIgniter.php(453): CodeIgniter\CodeIgniter->startController()
 6 SYSTEMPATH\CodeIgniter.php(349): CodeIgniter\CodeIgniter->handleRequest(null, Object(Config\Cache), false)
 7 FCPATH\index.php(55): CodeIgniter\CodeIgniter->run()
CRITICAL - 2022-07-20 16:33:42 --> Undefined variable $usuarioModel
in APPPATH\Controllers\Usuario.php on line 21.
 1 APPPATH\Controllers\Usuario.php(21): CodeIgniter\Debug\Exceptions->errorHandler(2, 'Undefined variable $usuarioModel', 'APPPATH\\Controllers\\Usuario.php', 21)
 2 SYSTEMPATH\CodeIgniter.php(896): App\Controllers\Usuario->index()
 3 SYSTEMPATH\CodeIgniter.php(466): CodeIgniter\CodeIgniter->runController(Object(App\Controllers\Usuario))
 4 SYSTEMPATH\CodeIgniter.php(349): CodeIgniter\CodeIgniter->handleRequest(null, Object(Config\Cache), false)
 5 FCPATH\index.php(55): CodeIgniter\CodeIgniter->run()
CRITICAL - 2022-07-20 16:42:09 --> Class "App\Controllers\Usuario_m" not found
in APPPATH\Controllers\Usuario.php on line 20.
 1 SYSTEMPATH\CodeIgniter.php(896): App\Controllers\Usuario->index()
 2 SYSTEMPATH\CodeIgniter.php(466): CodeIgniter\CodeIgniter->runController(Object(App\Controllers\Usuario))
 3 SYSTEMPATH\CodeIgniter.php(349): CodeIgniter\CodeIgniter->handleRequest(null, Object(Config\Cache), false)
 4 FCPATH\index.php(55): CodeIgniter\CodeIgniter->run()
CRITICAL - 2022-07-20 16:43:35 --> Class "App\Controllers\Usuario_m" not found
in APPPATH\Controllers\Usuario.php on line 22.
 1 SYSTEMPATH\CodeIgniter.php(896): App\Controllers\Usuario->index()
 2 SYSTEMPATH\CodeIgniter.php(466): CodeIgniter\CodeIgniter->runController(Object(App\Controllers\Usuario))
 3 SYSTEMPATH\CodeIgniter.php(349): CodeIgniter\CodeIgniter->handleRequest(null, Object(Config\Cache), false)
 4 FCPATH\index.php(55): CodeIgniter\CodeIgniter->run()
CRITICAL - 2022-07-20 16:43:37 --> Class "App\Controllers\Usuario_m" not found
in APPPATH\Controllers\Usuario.php on line 22.
 1 SYSTEMPATH\CodeIgniter.php(896): App\Controllers\Usuario->index()
 2 SYSTEMPATH\CodeIgniter.php(466): CodeIgniter\CodeIgniter->runController(Object(App\Controllers\Usuario))
 3 SYSTEMPATH\CodeIgniter.php(349): CodeIgniter\CodeIgniter->handleRequest(null, Object(Config\Cache), false)
 4 FCPATH\index.php(55): CodeIgniter\CodeIgniter->run()
CRITICAL - 2022-07-20 16:44:33 --> Undefined variable $usuarioModel
in APPPATH\Controllers\Usuario.php on line 23.
 1 APPPATH\Controllers\Usuario.php(23): CodeIgniter\Debug\Exceptions->errorHandler(2, 'Undefined variable $usuarioModel', 'APPPATH\\Controllers\\Usuario.php', 23)
 2 SYSTEMPATH\CodeIgniter.php(896): App\Controllers\Usuario->index()
 3 SYSTEMPATH\CodeIgniter.php(466): CodeIgniter\CodeIgniter->runController(Object(App\Controllers\Usuario))
 4 SYSTEMPATH\CodeIgniter.php(349): CodeIgniter\CodeIgniter->handleRequest(null, Object(Config\Cache), false)
 5 FCPATH\index.php(55): CodeIgniter\CodeIgniter->run()
CRITICAL - 2022-07-20 16:45:00 --> Call to a member function findAll() on null
in APPPATH\Controllers\Usuario.php on line 23.
 1 SYSTEMPATH\CodeIgniter.php(896): App\Controllers\Usuario->index()
 2 SYSTEMPATH\CodeIgniter.php(466): CodeIgniter\CodeIgniter->runController(Object(App\Controllers\Usuario))
 3 SYSTEMPATH\CodeIgniter.php(349): CodeIgniter\CodeIgniter->handleRequest(null, Object(Config\Cache), false)
 4 FCPATH\index.php(55): CodeIgniter\CodeIgniter->run()
CRITICAL - 2022-07-20 16:45:25 --> Call to a member function findAll() on null
in APPPATH\Controllers\Usuario.php on line 23.
 1 SYSTEMPATH\CodeIgniter.php(896): App\Controllers\Usuario->index()
 2 SYSTEMPATH\CodeIgniter.php(466): CodeIgniter\CodeIgniter->runController(Object(App\Controllers\Usuario))
 3 SYSTEMPATH\CodeIgniter.php(349): CodeIgniter\CodeIgniter->handleRequest(null, Object(Config\Cache), false)
 4 FCPATH\index.php(55): CodeIgniter\CodeIgniter->run()
CRITICAL - 2022-07-20 16:45:26 --> Call to a member function findAll() on null
in APPPATH\Controllers\Usuario.php on line 23.
 1 SYSTEMPATH\CodeIgniter.php(896): App\Controllers\Usuario->index()
 2 SYSTEMPATH\CodeIgniter.php(466): CodeIgniter\CodeIgniter->runController(Object(App\Controllers\Usuario))
 3 SYSTEMPATH\CodeIgniter.php(349): CodeIgniter\CodeIgniter->handleRequest(null, Object(Config\Cache), false)
 4 FCPATH\index.php(55): CodeIgniter\CodeIgniter->run()
CRITICAL - 2022-07-20 16:45:39 --> Call to a member function findAll() on null
in APPPATH\Controllers\Usuario.php on line 23.
 1 SYSTEMPATH\CodeIgniter.php(896): App\Controllers\Usuario->index()
 2 SYSTEMPATH\CodeIgniter.php(466): CodeIgniter\CodeIgniter->runController(Object(App\Controllers\Usuario))
 3 SYSTEMPATH\CodeIgniter.php(349): CodeIgniter\CodeIgniter->handleRequest(null, Object(Config\Cache), false)
 4 FCPATH\index.php(55): CodeIgniter\CodeIgniter->run()
CRITICAL - 2022-07-20 16:46:47 --> Undefined variable $usuarioModel
in APPPATH\Controllers\Usuario.php on line 23.
 1 APPPATH\Controllers\Usuario.php(23): CodeIgniter\Debug\Exceptions->errorHandler(2, 'Undefined variable $usuarioModel', 'APPPATH\\Controllers\\Usuario.php', 23)
 2 SYSTEMPATH\CodeIgniter.php(896): App\Controllers\Usuario->index()
 3 SYSTEMPATH\CodeIgniter.php(466): CodeIgniter\CodeIgniter->runController(Object(App\Controllers\Usuario))
 4 SYSTEMPATH\CodeIgniter.php(349): CodeIgniter\CodeIgniter->handleRequest(null, Object(Config\Cache), false)
 5 FCPATH\index.php(55): CodeIgniter\CodeIgniter->run()
CRITICAL - 2022-07-20 16:47:02 --> Call to a member function findAll() on null
in APPPATH\Controllers\Usuario.php on line 23.
 1 SYSTEMPATH\CodeIgniter.php(896): App\Controllers\Usuario->index()
 2 SYSTEMPATH\CodeIgniter.php(466): CodeIgniter\CodeIgniter->runController(Object(App\Controllers\Usuario))
 3 SYSTEMPATH\CodeIgniter.php(349): CodeIgniter\CodeIgniter->handleRequest(null, Object(Config\Cache), false)
 4 FCPATH\index.php(55): CodeIgniter\CodeIgniter->run()
CRITICAL - 2022-07-20 16:55:14 --> Undefined constant "usuario"
in APPPATH\Views\usuarios_v.php on line 29.
 1 SYSTEMPATH\View\View.php(213): include()
 2 SYSTEMPATH\View\View.php(216): CodeIgniter\View\View->CodeIgniter\View\{closure}()
 3 SYSTEMPATH\Common.php(1135): CodeIgniter\View\View->render('usuarios_v', [], true)
 4 APPPATH\Controllers\Usuario.php(25): view('usuarios_v', [...])
 5 SYSTEMPATH\CodeIgniter.php(896): App\Controllers\Usuario->index()
 6 SYSTEMPATH\CodeIgniter.php(466): CodeIgniter\CodeIgniter->runController(Object(App\Controllers\Usuario))
 7 SYSTEMPATH\CodeIgniter.php(349): CodeIgniter\CodeIgniter->handleRequest(null, Object(Config\Cache), false)
 8 FCPATH\index.php(55): CodeIgniter\CodeIgniter->run()
CRITICAL - 2022-07-20 17:12:40 --> syntax error, unexpected token "=>", expecting ")"
in APPPATH\Views\usuarios_v.php on line 39.
 1 SYSTEMPATH\View\View.php(216): CodeIgniter\View\View->CodeIgniter\View\{closure}()
 2 SYSTEMPATH\Common.php(1135): CodeIgniter\View\View->render('usuarios_v', [], true)
 3 APPPATH\Controllers\Usuario.php(25): view('usuarios_v', [...])
 4 SYSTEMPATH\CodeIgniter.php(896): App\Controllers\Usuario->index()
 5 SYSTEMPATH\CodeIgniter.php(466): CodeIgniter\CodeIgniter->runController(Object(App\Controllers\Usuario))
 6 SYSTEMPATH\CodeIgniter.php(349): CodeIgniter\CodeIgniter->handleRequest(null, Object(Config\Cache), false)
 7 FCPATH\index.php(55): CodeIgniter\CodeIgniter->run()
CRITICAL - 2022-07-20 17:13:33 --> syntax error, unexpected token "=>", expecting ")"
in APPPATH\Views\usuarios_v.php on line 39.
 1 SYSTEMPATH\View\View.php(216): CodeIgniter\View\View->CodeIgniter\View\{closure}()
 2 SYSTEMPATH\Common.php(1135): CodeIgniter\View\View->render('usuarios_v', [], true)
 3 APPPATH\Controllers\Usuario.php(25): view('usuarios_v', [...])
 4 SYSTEMPATH\CodeIgniter.php(896): App\Controllers\Usuario->index()
 5 SYSTEMPATH\CodeIgniter.php(466): CodeIgniter\CodeIgniter->runController(Object(App\Controllers\Usuario))
 6 SYSTEMPATH\CodeIgniter.php(349): CodeIgniter\CodeIgniter->handleRequest(null, Object(Config\Cache), false)
 7 FCPATH\index.php(55): CodeIgniter\CodeIgniter->run()
CRITICAL - 2022-07-20 17:29:45 --> Call to undefined function form_open()
in APPPATH\Views\login_v.php on line 113.
 1 SYSTEMPATH\View\View.php(213): include()
 2 SYSTEMPATH\View\View.php(216): CodeIgniter\View\View->CodeIgniter\View\{closure}()
 3 SYSTEMPATH\Common.php(1135): CodeIgniter\View\View->render('login_v', [], true)
 4 APPPATH\Controllers\Usuario.php(28): view('login_v', [...])
 5 SYSTEMPATH\CodeIgniter.php(896): App\Controllers\Usuario->index()
 6 SYSTEMPATH\CodeIgniter.php(466): CodeIgniter\CodeIgniter->runController(Object(App\Controllers\Usuario))
 7 SYSTEMPATH\CodeIgniter.php(349): CodeIgniter\CodeIgniter->handleRequest(null, Object(Config\Cache), false)
 8 FCPATH\index.php(55): CodeIgniter\CodeIgniter->run()
CRITICAL - 2022-07-20 17:30:58 --> Call to undefined function form_open()
in APPPATH\Views\login_v.php on line 113.
 1 SYSTEMPATH\View\View.php(213): include()
 2 SYSTEMPATH\View\View.php(216): CodeIgniter\View\View->CodeIgniter\View\{closure}()
 3 SYSTEMPATH\Common.php(1135): CodeIgniter\View\View->render('login_v', [], true)
 4 APPPATH\Controllers\Usuario.php(28): view('login_v', [...])
 5 SYSTEMPATH\CodeIgniter.php(896): App\Controllers\Usuario->index()
 6 SYSTEMPATH\CodeIgniter.php(466): CodeIgniter\CodeIgniter->runController(Object(App\Controllers\Usuario))
 7 SYSTEMPATH\CodeIgniter.php(349): CodeIgniter\CodeIgniter->handleRequest(null, Object(Config\Cache), false)
 8 FCPATH\index.php(55): CodeIgniter\CodeIgniter->run()
CRITICAL - 2022-07-20 17:35:27 --> Undefined constant "App\Controllers\form"
in SYSTEMPATH\CodeIgniter.php on line 858.
 1 SYSTEMPATH\CodeIgniter.php(457): CodeIgniter\CodeIgniter->createController()
 2 SYSTEMPATH\CodeIgniter.php(349): CodeIgniter\CodeIgniter->handleRequest(null, Object(Config\Cache), false)
 3 FCPATH\index.php(55): CodeIgniter\CodeIgniter->run()
CRITICAL - 2022-07-20 17:35:41 --> Undefined constant "App\Controllers\form"
in SYSTEMPATH\CodeIgniter.php on line 858.
 1 SYSTEMPATH\CodeIgniter.php(457): CodeIgniter\CodeIgniter->createController()
 2 SYSTEMPATH\CodeIgniter.php(349): CodeIgniter\CodeIgniter->handleRequest(null, Object(Config\Cache), false)
 3 FCPATH\index.php(55): CodeIgniter\CodeIgniter->run()
CRITICAL - 2022-07-20 20:06:03 --> Call to undefined method App\Controllers\Usuario::printSession()
in APPPATH\Controllers\Usuario.php on line 34.
 1 SYSTEMPATH\CodeIgniter.php(896): App\Controllers\Usuario->index()
 2 SYSTEMPATH\CodeIgniter.php(466): CodeIgniter\CodeIgniter->runController(Object(App\Controllers\Usuario))
 3 SYSTEMPATH\CodeIgniter.php(349): CodeIgniter\CodeIgniter->handleRequest(null, Object(Config\Cache), false)
 4 FCPATH\index.php(55): CodeIgniter\CodeIgniter->run()
CRITICAL - 2022-07-20 20:09:27 --> Call to undefined method App\Controllers\Usuario::printSession()
in APPPATH\Controllers\Usuario.php on line 36.
 1 SYSTEMPATH\CodeIgniter.php(896): App\Controllers\Usuario->index()
 2 SYSTEMPATH\CodeIgniter.php(466): CodeIgniter\CodeIgniter->runController(Object(App\Controllers\Usuario))
 3 SYSTEMPATH\CodeIgniter.php(349): CodeIgniter\CodeIgniter->handleRequest(null, Object(Config\Cache), false)
 4 FCPATH\index.php(55): CodeIgniter\CodeIgniter->run()
CRITICAL - 2022-07-20 20:13:25 --> Undefined variable $session
in APPPATH\Controllers\Usuario.php on line 37.
 1 APPPATH\Controllers\Usuario.php(37): CodeIgniter\Debug\Exceptions->errorHandler(2, 'Undefined variable $session', 'APPPATH\\Controllers\\Usuario.php', 37)
 2 SYSTEMPATH\CodeIgniter.php(896): App\Controllers\Usuario->index()
 3 SYSTEMPATH\CodeIgniter.php(466): CodeIgniter\CodeIgniter->runController(Object(App\Controllers\Usuario))
 4 SYSTEMPATH\CodeIgniter.php(349): CodeIgniter\CodeIgniter->handleRequest(null, Object(Config\Cache), false)
 5 FCPATH\index.php(55): CodeIgniter\CodeIgniter->run()
CRITICAL - 2022-07-20 20:13:31 --> Undefined variable $session
in APPPATH\Controllers\Usuario.php on line 37.
 1 APPPATH\Controllers\Usuario.php(37): CodeIgniter\Debug\Exceptions->errorHandler(2, 'Undefined variable $session', 'APPPATH\\Controllers\\Usuario.php', 37)
 2 SYSTEMPATH\CodeIgniter.php(896): App\Controllers\Usuario->index()
 3 SYSTEMPATH\CodeIgniter.php(466): CodeIgniter\CodeIgniter->runController(Object(App\Controllers\Usuario))
 4 SYSTEMPATH\CodeIgniter.php(349): CodeIgniter\CodeIgniter->handleRequest(null, Object(Config\Cache), false)
 5 FCPATH\index.php(55): CodeIgniter\CodeIgniter->run()
CRITICAL - 2022-07-20 20:49:22 --> Object of type CodeIgniter\Session\Session is not callable
in APPPATH\Controllers\Usuario.php on line 39.
 1 SYSTEMPATH\CodeIgniter.php(896): App\Controllers\Usuario->index()
 2 SYSTEMPATH\CodeIgniter.php(466): CodeIgniter\CodeIgniter->runController(Object(App\Controllers\Usuario))
 3 SYSTEMPATH\CodeIgniter.php(349): CodeIgniter\CodeIgniter->handleRequest(null, Object(Config\Cache), false)
 4 FCPATH\index.php(55): CodeIgniter\CodeIgniter->run()
