CRITICAL - 2022-07-24 14:50:33 --> Undefined variable $errors
in APPPATH\Views\login_v.php on line 110.
 1 APPPATH\Views\login_v.php(110): CodeIgniter\Debug\Exceptions->errorHandler(2, 'Undefined variable $errors', 'APPPATH\\Views\\login_v.php', 110)
 2 SYSTEMPATH\View\View.php(213): include('APPPATH\\Views\\login_v.php')
 3 SYSTEMPATH\View\View.php(216): CodeIgniter\View\View->CodeIgniter\View\{closure}()
 4 SYSTEMPATH\Common.php(1135): CodeIgniter\View\View->render('login_v', [], true)
 5 APPPATH\Controllers\Usuario.php(26): view('login_v', [...])
 6 SYSTEMPATH\CodeIgniter.php(896): App\Controllers\Usuario->index()
 7 SYSTEMPATH\CodeIgniter.php(466): CodeIgniter\CodeIgniter->runController(Object(App\Controllers\Usuario))
 8 SYSTEMPATH\CodeIgniter.php(349): CodeIgniter\CodeIgniter->handleRequest(null, Object(Config\Cache), false)
 9 FCPATH\index.php(55): CodeIgniter\CodeIgniter->run()
CRITICAL - 2022-07-24 14:52:27 --> Undefined variable $titulo
in APPPATH\Views\login_v.php on line 9.
 1 APPPATH\Views\login_v.php(9): CodeIgniter\Debug\Exceptions->errorHandler(2, 'Undefined variable $titulo', 'APPPATH\\Views\\login_v.php', 9)
 2 SYSTEMPATH\View\View.php(213): include('APPPATH\\Views\\login_v.php')
 3 SYSTEMPATH\View\View.php(216): CodeIgniter\View\View->CodeIgniter\View\{closure}()
 4 SYSTEMPATH\Common.php(1135): CodeIgniter\View\View->render('login_v', [], true)
 5 APPPATH\Controllers\Usuario.php(27): view('login_v', [...])
 6 SYSTEMPATH\CodeIgniter.php(896): App\Controllers\Usuario->index()
 7 SYSTEMPATH\CodeIgniter.php(466): CodeIgniter\CodeIgniter->runController(Object(App\Controllers\Usuario))
 8 SYSTEMPATH\CodeIgniter.php(349): CodeIgniter\CodeIgniter->handleRequest(null, Object(Config\Cache), false)
 9 FCPATH\index.php(55): CodeIgniter\CodeIgniter->run()
CRITICAL - 2022-07-24 14:52:50 --> syntax error, unexpected token ";"
in APPPATH\Views\login_v.php on line 9.
 1 SYSTEMPATH\View\View.php(216): CodeIgniter\View\View->CodeIgniter\View\{closure}()
 2 SYSTEMPATH\Common.php(1135): CodeIgniter\View\View->render('login_v', [], true)
 3 APPPATH\Controllers\Usuario.php(27): view('login_v', [...])
 4 SYSTEMPATH\CodeIgniter.php(896): App\Controllers\Usuario->index()
 5 SYSTEMPATH\CodeIgniter.php(466): CodeIgniter\CodeIgniter->runController(Object(App\Controllers\Usuario))
 6 SYSTEMPATH\CodeIgniter.php(349): CodeIgniter\CodeIgniter->handleRequest(null, Object(Config\Cache), false)
 7 FCPATH\index.php(55): CodeIgniter\CodeIgniter->run()
CRITICAL - 2022-07-24 14:55:29 --> Invalid file: upload_form.php
in SYSTEMPATH\Exceptions\FrameworkException.php on line 33.
 1 SYSTEMPATH\View\View.php(201): CodeIgniter\Exceptions\FrameworkException::forInvalidFile('upload_form.php')
 2 SYSTEMPATH\Common.php(1135): CodeIgniter\View\View->render('upload_form', [], true)
 3 APPPATH\Controllers\Usuario.php(46): view('upload_form', [...])
 4 SYSTEMPATH\CodeIgniter.php(896): App\Controllers\Usuario->upload()
 5 SYSTEMPATH\CodeIgniter.php(466): CodeIgniter\CodeIgniter->runController(Object(App\Controllers\Usuario))
 6 SYSTEMPATH\CodeIgniter.php(349): CodeIgniter\CodeIgniter->handleRequest(null, Object(Config\Cache), false)
 7 FCPATH\index.php(55): CodeIgniter\CodeIgniter->run()
CRITICAL - 2022-07-24 15:01:57 --> Class "App\Controllers\File" not found
in APPPATH\Controllers\Usuario.php on line 54.
 1 SYSTEMPATH\CodeIgniter.php(896): App\Controllers\Usuario->upload()
 2 SYSTEMPATH\CodeIgniter.php(466): CodeIgniter\CodeIgniter->runController(Object(App\Controllers\Usuario))
 3 SYSTEMPATH\CodeIgniter.php(349): CodeIgniter\CodeIgniter->handleRequest(null, Object(Config\Cache), false)
 4 FCPATH\index.php(55): CodeIgniter\CodeIgniter->run()
CRITICAL - 2022-07-24 15:05:13 --> Invalid file: upload_success.php
in SYSTEMPATH\Exceptions\FrameworkException.php on line 33.
 1 SYSTEMPATH\View\View.php(201): CodeIgniter\Exceptions\FrameworkException::forInvalidFile('upload_success.php')
 2 SYSTEMPATH\Common.php(1135): CodeIgniter\View\View->render('upload_success', [], true)
 3 APPPATH\Controllers\Usuario.php(58): view('upload_success', [...])
 4 SYSTEMPATH\CodeIgniter.php(896): App\Controllers\Usuario->upload()
 5 SYSTEMPATH\CodeIgniter.php(466): CodeIgniter\CodeIgniter->runController(Object(App\Controllers\Usuario))
 6 SYSTEMPATH\CodeIgniter.php(349): CodeIgniter\CodeIgniter->handleRequest(null, Object(Config\Cache), false)
 7 FCPATH\index.php(55): CodeIgniter\CodeIgniter->run()
CRITICAL - 2022-07-24 15:06:49 --> SplFileInfo::getSize(): stat failed for C:\xampp\htdocs\ci4\writable\imagens/20220724/1658693209_77a9d73ae5ea55de52f9.jpeg
in SYSTEMPATH\Files\File.php on line 64.
 1 SYSTEMPATH\Files\File.php(64): SplFileInfo->getSize()
 2 SYSTEMPATH\Files\File.php(76): CodeIgniter\Files\File->getSize()
 3 APPPATH\Views\upload_success.php(12): CodeIgniter\Files\File->getSizeByUnit('kb')
 4 SYSTEMPATH\View\View.php(213): include('APPPATH\\Views\\upload_success.php')
 5 SYSTEMPATH\View\View.php(216): CodeIgniter\View\View->CodeIgniter\View\{closure}()
 6 SYSTEMPATH\Common.php(1135): CodeIgniter\View\View->render('upload_success', [], true)
 7 APPPATH\Controllers\Usuario.php(58): view('upload_success', [...])
 8 SYSTEMPATH\CodeIgniter.php(896): App\Controllers\Usuario->upload()
 9 SYSTEMPATH\CodeIgniter.php(466): CodeIgniter\CodeIgniter->runController(Object(App\Controllers\Usuario))
10 SYSTEMPATH\CodeIgniter.php(349): CodeIgniter\CodeIgniter->handleRequest(null, Object(Config\Cache), false)
11 FCPATH\index.php(55): CodeIgniter\CodeIgniter->run()
CRITICAL - 2022-07-24 15:08:20 --> SplFileInfo::getSize(): stat failed for C:\xampp\htdocs\ci4\writable\../public/imagens/20220724/1658693300_142bfc8feab453b41dbe.jpeg
in SYSTEMPATH\Files\File.php on line 64.
 1 SYSTEMPATH\Files\File.php(64): SplFileInfo->getSize()
 2 SYSTEMPATH\Files\File.php(76): CodeIgniter\Files\File->getSize()
 3 APPPATH\Views\upload_success.php(12): CodeIgniter\Files\File->getSizeByUnit('kb')
 4 SYSTEMPATH\View\View.php(213): include('APPPATH\\Views\\upload_success.php')
 5 SYSTEMPATH\View\View.php(216): CodeIgniter\View\View->CodeIgniter\View\{closure}()
 6 SYSTEMPATH\Common.php(1135): CodeIgniter\View\View->render('upload_success', [], true)
 7 APPPATH\Controllers\Usuario.php(58): view('upload_success', [...])
 8 SYSTEMPATH\CodeIgniter.php(896): App\Controllers\Usuario->upload()
 9 SYSTEMPATH\CodeIgniter.php(466): CodeIgniter\CodeIgniter->runController(Object(App\Controllers\Usuario))
10 SYSTEMPATH\CodeIgniter.php(349): CodeIgniter\CodeIgniter->handleRequest(null, Object(Config\Cache), false)
11 FCPATH\index.php(55): CodeIgniter\CodeIgniter->run()
CRITICAL - 2022-07-24 15:11:10 --> SplFileInfo::getSize(): stat failed for C:\xampp\htdocs\ci4\writable\http://localhost/ci4/public/imagens20220724/1658693470_c5dd0aa779ed7a75713f.jpeg
in SYSTEMPATH\Files\File.php on line 64.
 1 SYSTEMPATH\Files\File.php(64): SplFileInfo->getSize()
 2 SYSTEMPATH\Files\File.php(76): CodeIgniter\Files\File->getSize()
 3 APPPATH\Views\upload_success.php(12): CodeIgniter\Files\File->getSizeByUnit('kb')
 4 SYSTEMPATH\View\View.php(213): include('APPPATH\\Views\\upload_success.php')
 5 SYSTEMPATH\View\View.php(216): CodeIgniter\View\View->CodeIgniter\View\{closure}()
 6 SYSTEMPATH\Common.php(1135): CodeIgniter\View\View->render('upload_success', [], true)
 7 APPPATH\Controllers\Usuario.php(60): view('upload_success', [...])
 8 SYSTEMPATH\CodeIgniter.php(896): App\Controllers\Usuario->upload()
 9 SYSTEMPATH\CodeIgniter.php(466): CodeIgniter\CodeIgniter->runController(Object(App\Controllers\Usuario))
10 SYSTEMPATH\CodeIgniter.php(349): CodeIgniter\CodeIgniter->handleRequest(null, Object(Config\Cache), false)
11 FCPATH\index.php(55): CodeIgniter\CodeIgniter->run()
CRITICAL - 2022-07-24 15:17:49 --> SplFileInfo::getSize(): stat failed for C:\xampp\htdocs\ci4\writable\uploads/imagens/20220724/1658693869_e143ef6542424720ad15.jpeg
in SYSTEMPATH\Files\File.php on line 64.
 1 SYSTEMPATH\Files\File.php(64): SplFileInfo->getSize()
 2 SYSTEMPATH\Files\File.php(76): CodeIgniter\Files\File->getSize()
 3 APPPATH\Views\upload_success.php(12): CodeIgniter\Files\File->getSizeByUnit('kb')
 4 SYSTEMPATH\View\View.php(213): include('APPPATH\\Views\\upload_success.php')
 5 SYSTEMPATH\View\View.php(216): CodeIgniter\View\View->CodeIgniter\View\{closure}()
 6 SYSTEMPATH\Common.php(1135): CodeIgniter\View\View->render('upload_success', [], true)
 7 APPPATH\Controllers\Usuario.php(60): view('upload_success', [...])
 8 SYSTEMPATH\CodeIgniter.php(896): App\Controllers\Usuario->upload()
 9 SYSTEMPATH\CodeIgniter.php(466): CodeIgniter\CodeIgniter->runController(Object(App\Controllers\Usuario))
10 SYSTEMPATH\CodeIgniter.php(349): CodeIgniter\CodeIgniter->handleRequest(null, Object(Config\Cache), false)
11 FCPATH\index.php(55): CodeIgniter\CodeIgniter->run()
CRITICAL - 2022-07-24 15:22:50 --> SplFileInfo::getSize(): stat failed for imagens/teste.jpg
in SYSTEMPATH\Files\File.php on line 64.
 1 SYSTEMPATH\Files\File.php(64): SplFileInfo->getSize()
 2 SYSTEMPATH\Files\File.php(76): CodeIgniter\Files\File->getSize()
 3 APPPATH\Views\upload_success.php(12): CodeIgniter\Files\File->getSizeByUnit('kb')
 4 SYSTEMPATH\View\View.php(213): include('APPPATH\\Views\\upload_success.php')
 5 SYSTEMPATH\View\View.php(216): CodeIgniter\View\View->CodeIgniter\View\{closure}()
 6 SYSTEMPATH\Common.php(1135): CodeIgniter\View\View->render('upload_success', [], true)
 7 APPPATH\Controllers\Usuario.php(62): view('upload_success', [...])
 8 SYSTEMPATH\CodeIgniter.php(896): App\Controllers\Usuario->upload()
 9 SYSTEMPATH\CodeIgniter.php(466): CodeIgniter\CodeIgniter->runController(Object(App\Controllers\Usuario))
10 SYSTEMPATH\CodeIgniter.php(349): CodeIgniter\CodeIgniter->handleRequest(null, Object(Config\Cache), false)
11 FCPATH\index.php(55): CodeIgniter\CodeIgniter->run()
CRITICAL - 2022-07-24 15:24:28 --> mkdir(): No such file or directory
in SYSTEMPATH\HTTP\Files\UploadedFile.php on line 176.
 1 [internal function]: CodeIgniter\Debug\Exceptions->errorHandler(2, 'mkdir(): No such file or directory', 'SYSTEMPATH\\HTTP\\Files\\UploadedFile.php', 176)
 2 SYSTEMPATH\HTTP\Files\UploadedFile.php(176): mkdir('ROOTPATH\\writable\\uploads/http://localhost/ci4/public/imagens/', 511, true)
 3 SYSTEMPATH\HTTP\Files\UploadedFile.php(130): CodeIgniter\HTTP\Files\UploadedFile->setPath('ROOTPATH\\writable\\uploads/http://localhost/ci4/public/imagens/')
 4 SYSTEMPATH\HTTP\Files\UploadedFile.php(341): CodeIgniter\HTTP\Files\UploadedFile->move('ROOTPATH\\writable\\uploads/http://localhost/ci4/public/imagens/', 'teste.jpg')
 5 APPPATH\Controllers\Usuario.php(56): CodeIgniter\HTTP\Files\UploadedFile->store('http://localhost/ci4/public/imagens/', 'teste.jpg')
 6 SYSTEMPATH\CodeIgniter.php(896): App\Controllers\Usuario->upload()
 7 SYSTEMPATH\CodeIgniter.php(466): CodeIgniter\CodeIgniter->runController(Object(App\Controllers\Usuario))
 8 SYSTEMPATH\CodeIgniter.php(349): CodeIgniter\CodeIgniter->handleRequest(null, Object(Config\Cache), false)
 9 FCPATH\index.php(55): CodeIgniter\CodeIgniter->run()
CRITICAL - 2022-07-24 15:28:34 --> mkdir(): No such file or directory
in SYSTEMPATH\HTTP\Files\UploadedFile.php on line 176.
 1 [internal function]: CodeIgniter\Debug\Exceptions->errorHandler(2, 'mkdir(): No such file or directory', 'SYSTEMPATH\\HTTP\\Files\\UploadedFile.php', 176)
 2 SYSTEMPATH\HTTP\Files\UploadedFile.php(176): mkdir('ROOTPATH\\writable\\uploads/http://localhost/ci4/public/imagens/', 511, true)
 3 SYSTEMPATH\HTTP\Files\UploadedFile.php(130): CodeIgniter\HTTP\Files\UploadedFile->setPath('ROOTPATH\\writable\\uploads/http://localhost/ci4/public/imagens/')
 4 SYSTEMPATH\HTTP\Files\UploadedFile.php(341): CodeIgniter\HTTP\Files\UploadedFile->move('ROOTPATH\\writable\\uploads/http://localhost/ci4/public/imagens/', 'teste.jpg')
 5 APPPATH\Controllers\Usuario.php(56): CodeIgniter\HTTP\Files\UploadedFile->store('http://localhost/ci4/public/imagens/', 'teste.jpg')
 6 SYSTEMPATH\CodeIgniter.php(896): App\Controllers\Usuario->upload()
 7 SYSTEMPATH\CodeIgniter.php(466): CodeIgniter\CodeIgniter->runController(Object(App\Controllers\Usuario))
 8 SYSTEMPATH\CodeIgniter.php(349): CodeIgniter\CodeIgniter->handleRequest(null, Object(Config\Cache), false)
 9 FCPATH\index.php(55): CodeIgniter\CodeIgniter->run()
CRITICAL - 2022-07-24 19:08:52 --> mkdir(): No such file or directory
in SYSTEMPATH\HTTP\Files\UploadedFile.php on line 176.
 1 [internal function]: CodeIgniter\Debug\Exceptions->errorHandler(2, 'mkdir(): No such file or directory', 'SYSTEMPATH\\HTTP\\Files\\UploadedFile.php', 176)
 2 SYSTEMPATH\HTTP\Files\UploadedFile.php(176): mkdir('ROOTPATH\\writable\\uploads/http://localhost/ci4/public/imagens/', 511, true)
 3 SYSTEMPATH\HTTP\Files\UploadedFile.php(130): CodeIgniter\HTTP\Files\UploadedFile->setPath('ROOTPATH\\writable\\uploads/http://localhost/ci4/public/imagens/')
 4 SYSTEMPATH\HTTP\Files\UploadedFile.php(341): CodeIgniter\HTTP\Files\UploadedFile->move('ROOTPATH\\writable\\uploads/http://localhost/ci4/public/imagens/', 'teste.jpg')
 5 APPPATH\Controllers\Usuario.php(56): CodeIgniter\HTTP\Files\UploadedFile->store('http://localhost/ci4/public/imagens/', 'teste.jpg')
 6 SYSTEMPATH\CodeIgniter.php(896): App\Controllers\Usuario->upload()
 7 SYSTEMPATH\CodeIgniter.php(466): CodeIgniter\CodeIgniter->runController(Object(App\Controllers\Usuario))
 8 SYSTEMPATH\CodeIgniter.php(349): CodeIgniter\CodeIgniter->handleRequest(null, Object(Config\Cache), false)
 9 FCPATH\index.php(55): CodeIgniter\CodeIgniter->run()
CRITICAL - 2022-07-24 19:10:21 --> mkdir(): No such file or directory
in SYSTEMPATH\HTTP\Files\UploadedFile.php on line 176.
 1 [internal function]: CodeIgniter\Debug\Exceptions->errorHandler(2, 'mkdir(): No such file or directory', 'SYSTEMPATH\\HTTP\\Files\\UploadedFile.php', 176)
 2 SYSTEMPATH\HTTP\Files\UploadedFile.php(176): mkdir('ROOTPATH\\writable\\uploads/http://localhost/ci4/public/imagens/', 511, true)
 3 SYSTEMPATH\HTTP\Files\UploadedFile.php(130): CodeIgniter\HTTP\Files\UploadedFile->setPath('ROOTPATH\\writable\\uploads/http://localhost/ci4/public/imagens/')
 4 SYSTEMPATH\HTTP\Files\UploadedFile.php(341): CodeIgniter\HTTP\Files\UploadedFile->move('ROOTPATH\\writable\\uploads/http://localhost/ci4/public/imagens/', 'teste2.jpg')
 5 APPPATH\Controllers\Usuario.php(56): CodeIgniter\HTTP\Files\UploadedFile->store('http://localhost/ci4/public/imagens/', 'teste2.jpg')
 6 SYSTEMPATH\CodeIgniter.php(896): App\Controllers\Usuario->upload()
 7 SYSTEMPATH\CodeIgniter.php(466): CodeIgniter\CodeIgniter->runController(Object(App\Controllers\Usuario))
 8 SYSTEMPATH\CodeIgniter.php(349): CodeIgniter\CodeIgniter->handleRequest(null, Object(Config\Cache), false)
 9 FCPATH\index.php(55): CodeIgniter\CodeIgniter->run()
CRITICAL - 2022-07-24 19:40:01 --> mkdir(): No such file or directory
in SYSTEMPATH\HTTP\Files\UploadedFile.php on line 176.
 1 [internal function]: CodeIgniter\Debug\Exceptions->errorHandler(2, 'mkdir(): No such file or directory', 'SYSTEMPATH\\HTTP\\Files\\UploadedFile.php', 176)
 2 SYSTEMPATH\HTTP\Files\UploadedFile.php(176): mkdir('ROOTPATH\\writable\\uploads/C:\\xampp\\htdocs\\ci4\\writable\\uploads/imagens/', 511, true)
 3 SYSTEMPATH\HTTP\Files\UploadedFile.php(130): CodeIgniter\HTTP\Files\UploadedFile->setPath('ROOTPATH\\writable\\uploads/C:\\xampp\\htdocs\\ci4\\writable\\uploads/imagens/')
 4 SYSTEMPATH\HTTP\Files\UploadedFile.php(341): CodeIgniter\HTTP\Files\UploadedFile->move('ROOTPATH\\writable\\uploads/C:\\xampp\\htdocs\\ci4\\writable\\uploads/imagens/', 'teste_atual.jpg')
 5 APPPATH\Controllers\Usuario.php(56): CodeIgniter\HTTP\Files\UploadedFile->store('ROOTPATH\\writable\\uploads\\imagens', 'teste_atual.jpg')
 6 SYSTEMPATH\CodeIgniter.php(896): App\Controllers\Usuario->upload()
 7 SYSTEMPATH\CodeIgniter.php(466): CodeIgniter\CodeIgniter->runController(Object(App\Controllers\Usuario))
 8 SYSTEMPATH\CodeIgniter.php(349): CodeIgniter\CodeIgniter->handleRequest(null, Object(Config\Cache), false)
 9 FCPATH\index.php(55): CodeIgniter\CodeIgniter->run()
CRITICAL - 2022-07-24 19:40:51 --> mkdir(): No such file or directory
in SYSTEMPATH\HTTP\Files\UploadedFile.php on line 176.
 1 [internal function]: CodeIgniter\Debug\Exceptions->errorHandler(2, 'mkdir(): No such file or directory', 'SYSTEMPATH\\HTTP\\Files\\UploadedFile.php', 176)
 2 SYSTEMPATH\HTTP\Files\UploadedFile.php(176): mkdir('ROOTPATH\\writable\\uploads/http://localhost/ci4/public/imagens/', 511, true)
 3 SYSTEMPATH\HTTP\Files\UploadedFile.php(130): CodeIgniter\HTTP\Files\UploadedFile->setPath('ROOTPATH\\writable\\uploads/http://localhost/ci4/public/imagens/')
 4 SYSTEMPATH\HTTP\Files\UploadedFile.php(341): CodeIgniter\HTTP\Files\UploadedFile->move('ROOTPATH\\writable\\uploads/http://localhost/ci4/public/imagens/', 'teste2.jpg')
 5 APPPATH\Controllers\Usuario.php(58): CodeIgniter\HTTP\Files\UploadedFile->store('http://localhost/ci4/public/imagens/', 'teste2.jpg')
 6 SYSTEMPATH\CodeIgniter.php(896): App\Controllers\Usuario->upload()
 7 SYSTEMPATH\CodeIgniter.php(466): CodeIgniter\CodeIgniter->runController(Object(App\Controllers\Usuario))
 8 SYSTEMPATH\CodeIgniter.php(349): CodeIgniter\CodeIgniter->handleRequest(null, Object(Config\Cache), false)
 9 FCPATH\index.php(55): CodeIgniter\CodeIgniter->run()
CRITICAL - 2022-07-24 19:42:24 --> SplFileInfo::getSize(): stat failed for imagens/teste_1.jpg
in SYSTEMPATH\Files\File.php on line 64.
 1 SYSTEMPATH\Files\File.php(64): SplFileInfo->getSize()
 2 SYSTEMPATH\Files\File.php(76): CodeIgniter\Files\File->getSize()
 3 APPPATH\Views\upload_success.php(12): CodeIgniter\Files\File->getSizeByUnit('kb')
 4 SYSTEMPATH\View\View.php(213): include('APPPATH\\Views\\upload_success.php')
 5 SYSTEMPATH\View\View.php(216): CodeIgniter\View\View->CodeIgniter\View\{closure}()
 6 SYSTEMPATH\Common.php(1135): CodeIgniter\View\View->render('upload_success', [], true)
 7 APPPATH\Controllers\Usuario.php(62): view('upload_success', [...])
 8 SYSTEMPATH\CodeIgniter.php(896): App\Controllers\Usuario->upload()
 9 SYSTEMPATH\CodeIgniter.php(466): CodeIgniter\CodeIgniter->runController(Object(App\Controllers\Usuario))
10 SYSTEMPATH\CodeIgniter.php(349): CodeIgniter\CodeIgniter->handleRequest(null, Object(Config\Cache), false)
11 FCPATH\index.php(55): CodeIgniter\CodeIgniter->run()
CRITICAL - 2022-07-24 19:43:37 --> SplFileInfo::getSize(): stat failed for imagens/teste.jpg
in SYSTEMPATH\Files\File.php on line 64.
 1 SYSTEMPATH\Files\File.php(64): SplFileInfo->getSize()
 2 SYSTEMPATH\Files\File.php(76): CodeIgniter\Files\File->getSize()
 3 APPPATH\Views\upload_success.php(12): CodeIgniter\Files\File->getSizeByUnit('kb')
 4 SYSTEMPATH\View\View.php(213): include('APPPATH\\Views\\upload_success.php')
 5 SYSTEMPATH\View\View.php(216): CodeIgniter\View\View->CodeIgniter\View\{closure}()
 6 SYSTEMPATH\Common.php(1135): CodeIgniter\View\View->render('upload_success', [], true)
 7 APPPATH\Controllers\Usuario.php(62): view('upload_success', [...])
 8 SYSTEMPATH\CodeIgniter.php(896): App\Controllers\Usuario->upload()
 9 SYSTEMPATH\CodeIgniter.php(466): CodeIgniter\CodeIgniter->runController(Object(App\Controllers\Usuario))
10 SYSTEMPATH\CodeIgniter.php(349): CodeIgniter\CodeIgniter->handleRequest(null, Object(Config\Cache), false)
11 FCPATH\index.php(55): CodeIgniter\CodeIgniter->run()
CRITICAL - 2022-07-24 19:45:35 --> SplFileInfo::getSize(): stat failed for imagens/teste.jpg
in SYSTEMPATH\Files\File.php on line 64.
 1 SYSTEMPATH\Files\File.php(64): SplFileInfo->getSize()
 2 SYSTEMPATH\Files\File.php(76): CodeIgniter\Files\File->getSize()
 3 APPPATH\Views\upload_success.php(12): CodeIgniter\Files\File->getSizeByUnit('kb')
 4 SYSTEMPATH\View\View.php(213): include('APPPATH\\Views\\upload_success.php')
 5 SYSTEMPATH\View\View.php(216): CodeIgniter\View\View->CodeIgniter\View\{closure}()
 6 SYSTEMPATH\Common.php(1135): CodeIgniter\View\View->render('upload_success', [], true)
 7 APPPATH\Controllers\Usuario.php(62): view('upload_success', [...])
 8 SYSTEMPATH\CodeIgniter.php(896): App\Controllers\Usuario->upload()
 9 SYSTEMPATH\CodeIgniter.php(466): CodeIgniter\CodeIgniter->runController(Object(App\Controllers\Usuario))
10 SYSTEMPATH\CodeIgniter.php(349): CodeIgniter\CodeIgniter->handleRequest(null, Object(Config\Cache), false)
11 FCPATH\index.php(55): CodeIgniter\CodeIgniter->run()
CRITICAL - 2022-07-24 19:46:44 --> syntax error, unexpected token ";"
in APPPATH\Views\upload_success.php on line 12.
 1 SYSTEMPATH\View\View.php(216): CodeIgniter\View\View->CodeIgniter\View\{closure}()
 2 SYSTEMPATH\Common.php(1135): CodeIgniter\View\View->render('upload_success', [], true)
 3 APPPATH\Controllers\Usuario.php(62): view('upload_success', [...])
 4 SYSTEMPATH\CodeIgniter.php(896): App\Controllers\Usuario->upload()
 5 SYSTEMPATH\CodeIgniter.php(466): CodeIgniter\CodeIgniter->runController(Object(App\Controllers\Usuario))
 6 SYSTEMPATH\CodeIgniter.php(349): CodeIgniter\CodeIgniter->handleRequest(null, Object(Config\Cache), false)
 7 FCPATH\index.php(55): CodeIgniter\CodeIgniter->run()
CRITICAL - 2022-07-24 19:47:18 --> finfo_file(imagens/teste.jpg): Failed to open stream: No such file or directory
in SYSTEMPATH\Files\File.php on line 114.
 1 [internal function]: CodeIgniter\Debug\Exceptions->errorHandler(2, 'finfo_file(imagens/teste.jpg): Failed to open stream: No such file or directory', 'SYSTEMPATH\\Files\\File.php', 114)
 2 SYSTEMPATH\Files\File.php(114): finfo_file(Object(finfo), 'imagens/teste.jpg')
 3 SYSTEMPATH\Files\File.php(97): CodeIgniter\Files\File->getMimeType()
 4 APPPATH\Views\upload_success.php(13): CodeIgniter\Files\File->guessExtension()
 5 SYSTEMPATH\View\View.php(213): include('APPPATH\\Views\\upload_success.php')
 6 SYSTEMPATH\View\View.php(216): CodeIgniter\View\View->CodeIgniter\View\{closure}()
 7 SYSTEMPATH\Common.php(1135): CodeIgniter\View\View->render('upload_success', [], true)
 8 APPPATH\Controllers\Usuario.php(62): view('upload_success', [...])
 9 SYSTEMPATH\CodeIgniter.php(896): App\Controllers\Usuario->upload()
10 SYSTEMPATH\CodeIgniter.php(466): CodeIgniter\CodeIgniter->runController(Object(App\Controllers\Usuario))
11 SYSTEMPATH\CodeIgniter.php(349): CodeIgniter\CodeIgniter->handleRequest(null, Object(Config\Cache), false)
12 FCPATH\index.php(55): CodeIgniter\CodeIgniter->run()
CRITICAL - 2022-07-24 19:48:24 --> mkdir(): No such file or directory
in SYSTEMPATH\HTTP\Files\UploadedFile.php on line 176.
 1 [internal function]: CodeIgniter\Debug\Exceptions->errorHandler(2, 'mkdir(): No such file or directory', 'SYSTEMPATH\\HTTP\\Files\\UploadedFile.php', 176)
 2 SYSTEMPATH\HTTP\Files\UploadedFile.php(176): mkdir('ROOTPATH\\writable\\uploads/C:\\xampp\\htdocs\\ci4\\writable\\imagens/', 511, true)
 3 SYSTEMPATH\HTTP\Files\UploadedFile.php(130): CodeIgniter\HTTP\Files\UploadedFile->setPath('ROOTPATH\\writable\\uploads/C:\\xampp\\htdocs\\ci4\\writable\\imagens/')
 4 SYSTEMPATH\HTTP\Files\UploadedFile.php(341): CodeIgniter\HTTP\Files\UploadedFile->move('ROOTPATH\\writable\\uploads/C:\\xampp\\htdocs\\ci4\\writable\\imagens/', 'teste.jpg')
 5 APPPATH\Controllers\Usuario.php(56): CodeIgniter\HTTP\Files\UploadedFile->store('ROOTPATH\\writable\\imagens/', 'teste.jpg')
 6 SYSTEMPATH\CodeIgniter.php(896): App\Controllers\Usuario->upload()
 7 SYSTEMPATH\CodeIgniter.php(466): CodeIgniter\CodeIgniter->runController(Object(App\Controllers\Usuario))
 8 SYSTEMPATH\CodeIgniter.php(349): CodeIgniter\CodeIgniter->handleRequest(null, Object(Config\Cache), false)
 9 FCPATH\index.php(55): CodeIgniter\CodeIgniter->run()
CRITICAL - 2022-07-24 19:49:51 --> mkdir(): No such file or directory
in SYSTEMPATH\HTTP\Files\UploadedFile.php on line 176.
 1 [internal function]: CodeIgniter\Debug\Exceptions->errorHandler(2, 'mkdir(): No such file or directory', 'SYSTEMPATH\\HTTP\\Files\\UploadedFile.php', 176)
 2 SYSTEMPATH\HTTP\Files\UploadedFile.php(176): mkdir('ROOTPATH\\writable\\uploads/C:\\xampp\\htdocs\\ci4\\writable\\imagens/', 511, true)
 3 SYSTEMPATH\HTTP\Files\UploadedFile.php(130): CodeIgniter\HTTP\Files\UploadedFile->setPath('ROOTPATH\\writable\\uploads/C:\\xampp\\htdocs\\ci4\\writable\\imagens/')
 4 SYSTEMPATH\HTTP\Files\UploadedFile.php(341): CodeIgniter\HTTP\Files\UploadedFile->move('ROOTPATH\\writable\\uploads/C:\\xampp\\htdocs\\ci4\\writable\\imagens/', 'teste.jpg')
 5 APPPATH\Controllers\Usuario.php(56): CodeIgniter\HTTP\Files\UploadedFile->store('ROOTPATH\\writable\\imagens/', 'teste.jpg')
 6 SYSTEMPATH\CodeIgniter.php(896): App\Controllers\Usuario->upload()
 7 SYSTEMPATH\CodeIgniter.php(466): CodeIgniter\CodeIgniter->runController(Object(App\Controllers\Usuario))
 8 SYSTEMPATH\CodeIgniter.php(349): CodeIgniter\CodeIgniter->handleRequest(null, Object(Config\Cache), false)
 9 FCPATH\index.php(55): CodeIgniter\CodeIgniter->run()
CRITICAL - 2022-07-24 19:50:20 --> foreach() argument must be of type array|object, string given
in APPPATH\Views\login_v.php on line 110.
 1 APPPATH\Views\login_v.php(110): CodeIgniter\Debug\Exceptions->errorHandler(2, 'foreach() argument must be of type array|object, string given', 'APPPATH\\Views\\login_v.php', 110)
 2 SYSTEMPATH\View\View.php(213): include('APPPATH\\Views\\login_v.php')
 3 SYSTEMPATH\View\View.php(216): CodeIgniter\View\View->CodeIgniter\View\{closure}()
 4 SYSTEMPATH\Common.php(1135): CodeIgniter\View\View->render('login_v', [], true)
 5 APPPATH\Controllers\Usuario.php(67): view('login_v', [...])
 6 SYSTEMPATH\CodeIgniter.php(896): App\Controllers\Usuario->upload()
 7 SYSTEMPATH\CodeIgniter.php(466): CodeIgniter\CodeIgniter->runController(Object(App\Controllers\Usuario))
 8 SYSTEMPATH\CodeIgniter.php(349): CodeIgniter\CodeIgniter->handleRequest(null, Object(Config\Cache), false)
 9 FCPATH\index.php(55): CodeIgniter\CodeIgniter->run()
CRITICAL - 2022-07-24 19:50:44 --> foreach() argument must be of type array|object, string given
in APPPATH\Views\login_v.php on line 110.
 1 APPPATH\Views\login_v.php(110): CodeIgniter\Debug\Exceptions->errorHandler(2, 'foreach() argument must be of type array|object, string given', 'APPPATH\\Views\\login_v.php', 110)
 2 SYSTEMPATH\View\View.php(213): include('APPPATH\\Views\\login_v.php')
 3 SYSTEMPATH\View\View.php(216): CodeIgniter\View\View->CodeIgniter\View\{closure}()
 4 SYSTEMPATH\Common.php(1135): CodeIgniter\View\View->render('login_v', [], true)
 5 APPPATH\Controllers\Usuario.php(67): view('login_v', [...])
 6 SYSTEMPATH\CodeIgniter.php(896): App\Controllers\Usuario->upload()
 7 SYSTEMPATH\CodeIgniter.php(466): CodeIgniter\CodeIgniter->runController(Object(App\Controllers\Usuario))
 8 SYSTEMPATH\CodeIgniter.php(349): CodeIgniter\CodeIgniter->handleRequest(null, Object(Config\Cache), false)
 9 FCPATH\index.php(55): CodeIgniter\CodeIgniter->run()
CRITICAL - 2022-07-24 19:51:16 --> mkdir(): No such file or directory
in SYSTEMPATH\HTTP\Files\UploadedFile.php on line 176.
 1 [internal function]: CodeIgniter\Debug\Exceptions->errorHandler(2, 'mkdir(): No such file or directory', 'SYSTEMPATH\\HTTP\\Files\\UploadedFile.php', 176)
 2 SYSTEMPATH\HTTP\Files\UploadedFile.php(176): mkdir('ROOTPATH\\writable\\uploads/C:\\xampp\\htdocs\\ci4\\writable\\uploads/imagens/', 511, true)
 3 SYSTEMPATH\HTTP\Files\UploadedFile.php(130): CodeIgniter\HTTP\Files\UploadedFile->setPath('ROOTPATH\\writable\\uploads/C:\\xampp\\htdocs\\ci4\\writable\\uploads/imagens/')
 4 SYSTEMPATH\HTTP\Files\UploadedFile.php(341): CodeIgniter\HTTP\Files\UploadedFile->move('ROOTPATH\\writable\\uploads/C:\\xampp\\htdocs\\ci4\\writable\\uploads/imagens/', 'teste.jpg')
 5 APPPATH\Controllers\Usuario.php(56): CodeIgniter\HTTP\Files\UploadedFile->store('ROOTPATH\\writable\\uploads\\imagens', 'teste.jpg')
 6 SYSTEMPATH\CodeIgniter.php(896): App\Controllers\Usuario->upload()
 7 SYSTEMPATH\CodeIgniter.php(466): CodeIgniter\CodeIgniter->runController(Object(App\Controllers\Usuario))
 8 SYSTEMPATH\CodeIgniter.php(349): CodeIgniter\CodeIgniter->handleRequest(null, Object(Config\Cache), false)
 9 FCPATH\index.php(55): CodeIgniter\CodeIgniter->run()
CRITICAL - 2022-07-24 19:53:06 --> SplFileInfo::getSize(): stat failed for C:\xampp\htdocs\ci4\writable\uploads/imagens/20220724/1658710386_c09e524668e991c79386.jpeg
in SYSTEMPATH\Files\File.php on line 64.
 1 SYSTEMPATH\Files\File.php(64): SplFileInfo->getSize()
 2 SYSTEMPATH\Files\File.php(76): CodeIgniter\Files\File->getSize()
 3 APPPATH\Views\upload_success.php(12): CodeIgniter\Files\File->getSizeByUnit('kb')
 4 SYSTEMPATH\View\View.php(213): include('APPPATH\\Views\\upload_success.php')
 5 SYSTEMPATH\View\View.php(216): CodeIgniter\View\View->CodeIgniter\View\{closure}()
 6 SYSTEMPATH\Common.php(1135): CodeIgniter\View\View->render('upload_success', [], true)
 7 APPPATH\Controllers\Usuario.php(60): view('upload_success', [...])
 8 SYSTEMPATH\CodeIgniter.php(896): App\Controllers\Usuario->upload()
 9 SYSTEMPATH\CodeIgniter.php(466): CodeIgniter\CodeIgniter->runController(Object(App\Controllers\Usuario))
10 SYSTEMPATH\CodeIgniter.php(349): CodeIgniter\CodeIgniter->handleRequest(null, Object(Config\Cache), false)
11 FCPATH\index.php(55): CodeIgniter\CodeIgniter->run()
CRITICAL - 2022-07-24 19:53:37 --> SplFileInfo::getSize(): stat failed for C:\xampp\htdocs\ci4\writable\uploads/imagens/20220724/1658710417_350d2148fd6674b72fd4.jpeg
in SYSTEMPATH\Files\File.php on line 64.
 1 SYSTEMPATH\Files\File.php(64): SplFileInfo->getSize()
 2 SYSTEMPATH\Files\File.php(76): CodeIgniter\Files\File->getSize()
 3 APPPATH\Views\upload_success.php(12): CodeIgniter\Files\File->getSizeByUnit('kb')
 4 SYSTEMPATH\View\View.php(213): include('APPPATH\\Views\\upload_success.php')
 5 SYSTEMPATH\View\View.php(216): CodeIgniter\View\View->CodeIgniter\View\{closure}()
 6 SYSTEMPATH\Common.php(1135): CodeIgniter\View\View->render('upload_success', [], true)
 7 APPPATH\Controllers\Usuario.php(60): view('upload_success', [...])
 8 SYSTEMPATH\CodeIgniter.php(896): App\Controllers\Usuario->upload()
 9 SYSTEMPATH\CodeIgniter.php(466): CodeIgniter\CodeIgniter->runController(Object(App\Controllers\Usuario))
10 SYSTEMPATH\CodeIgniter.php(349): CodeIgniter\CodeIgniter->handleRequest(null, Object(Config\Cache), false)
11 FCPATH\index.php(55): CodeIgniter\CodeIgniter->run()
CRITICAL - 2022-07-24 19:55:00 --> SplFileInfo::getSize(): stat failed for C:\xampp\htdocs\ci4\writable\uploads\imagens/20220724/1658710500_4ccde62fab1941ace2c2.jpeg
in SYSTEMPATH\Files\File.php on line 64.
 1 SYSTEMPATH\Files\File.php(64): SplFileInfo->getSize()
 2 SYSTEMPATH\Files\File.php(76): CodeIgniter\Files\File->getSize()
 3 APPPATH\Views\upload_success.php(12): CodeIgniter\Files\File->getSizeByUnit('kb')
 4 SYSTEMPATH\View\View.php(213): include('APPPATH\\Views\\upload_success.php')
 5 SYSTEMPATH\View\View.php(216): CodeIgniter\View\View->CodeIgniter\View\{closure}()
 6 SYSTEMPATH\Common.php(1135): CodeIgniter\View\View->render('upload_success', [], true)
 7 APPPATH\Controllers\Usuario.php(60): view('upload_success', [...])
 8 SYSTEMPATH\CodeIgniter.php(896): App\Controllers\Usuario->upload()
 9 SYSTEMPATH\CodeIgniter.php(466): CodeIgniter\CodeIgniter->runController(Object(App\Controllers\Usuario))
10 SYSTEMPATH\CodeIgniter.php(349): CodeIgniter\CodeIgniter->handleRequest(null, Object(Config\Cache), false)
11 FCPATH\index.php(55): CodeIgniter\CodeIgniter->run()
CRITICAL - 2022-07-24 19:57:25 --> mkdir(): No such file or directory
in SYSTEMPATH\HTTP\Files\UploadedFile.php on line 176.
 1 [internal function]: CodeIgniter\Debug\Exceptions->errorHandler(2, 'mkdir(): No such file or directory', 'SYSTEMPATH\\HTTP\\Files\\UploadedFile.php', 176)
 2 SYSTEMPATH\HTTP\Files\UploadedFile.php(176): mkdir('ROOTPATH\\writable\\uploads/C:\\xampp\\htdocs\\ci4\\writable\\uploads/imagens/', 511, true)
 3 SYSTEMPATH\HTTP\Files\UploadedFile.php(130): CodeIgniter\HTTP\Files\UploadedFile->setPath('ROOTPATH\\writable\\uploads/C:\\xampp\\htdocs\\ci4\\writable\\uploads/imagens/')
 4 SYSTEMPATH\HTTP\Files\UploadedFile.php(341): CodeIgniter\HTTP\Files\UploadedFile->move('ROOTPATH\\writable\\uploads/C:\\xampp\\htdocs\\ci4\\writable\\uploads/imagens/', 'user_name.jpg')
 5 APPPATH\Controllers\Usuario.php(56): CodeIgniter\HTTP\Files\UploadedFile->store('ROOTPATH\\writable\\uploads\\imagens', 'user_name.jpg')
 6 SYSTEMPATH\CodeIgniter.php(896): App\Controllers\Usuario->upload()
 7 SYSTEMPATH\CodeIgniter.php(466): CodeIgniter\CodeIgniter->runController(Object(App\Controllers\Usuario))
 8 SYSTEMPATH\CodeIgniter.php(349): CodeIgniter\CodeIgniter->handleRequest(null, Object(Config\Cache), false)
 9 FCPATH\index.php(55): CodeIgniter\CodeIgniter->run()
CRITICAL - 2022-07-24 19:58:44 --> mkdir(): No such file or directory
in SYSTEMPATH\HTTP\Files\UploadedFile.php on line 176.
 1 [internal function]: CodeIgniter\Debug\Exceptions->errorHandler(2, 'mkdir(): No such file or directory', 'SYSTEMPATH\\HTTP\\Files\\UploadedFile.php', 176)
 2 SYSTEMPATH\HTTP\Files\UploadedFile.php(176): mkdir('ROOTPATH\\writable\\uploads/C:\\xampp\\htdocs\\ci4\\writable\\uploads/imagens/', 511, true)
 3 SYSTEMPATH\HTTP\Files\UploadedFile.php(130): CodeIgniter\HTTP\Files\UploadedFile->setPath('ROOTPATH\\writable\\uploads/C:\\xampp\\htdocs\\ci4\\writable\\uploads/imagens/')
 4 SYSTEMPATH\HTTP\Files\UploadedFile.php(341): CodeIgniter\HTTP\Files\UploadedFile->move('ROOTPATH\\writable\\uploads/C:\\xampp\\htdocs\\ci4\\writable\\uploads/imagens/', 'user_name.jpg')
 5 APPPATH\Controllers\Usuario.php(56): CodeIgniter\HTTP\Files\UploadedFile->store('ROOTPATH\\writable\\uploads\\imagens', 'user_name.jpg')
 6 SYSTEMPATH\CodeIgniter.php(896): App\Controllers\Usuario->upload()
 7 SYSTEMPATH\CodeIgniter.php(466): CodeIgniter\CodeIgniter->runController(Object(App\Controllers\Usuario))
 8 SYSTEMPATH\CodeIgniter.php(349): CodeIgniter\CodeIgniter->handleRequest(null, Object(Config\Cache), false)
 9 FCPATH\index.php(55): CodeIgniter\CodeIgniter->run()
CRITICAL - 2022-07-24 19:59:04 --> foreach() argument must be of type array|object, string given
in APPPATH\Views\login_v.php on line 110.
 1 APPPATH\Views\login_v.php(110): CodeIgniter\Debug\Exceptions->errorHandler(2, 'foreach() argument must be of type array|object, string given', 'APPPATH\\Views\\login_v.php', 110)
 2 SYSTEMPATH\View\View.php(213): include('APPPATH\\Views\\login_v.php')
 3 SYSTEMPATH\View\View.php(216): CodeIgniter\View\View->CodeIgniter\View\{closure}()
 4 SYSTEMPATH\Common.php(1135): CodeIgniter\View\View->render('login_v', [], true)
 5 APPPATH\Controllers\Usuario.php(68): view('login_v', [...])
 6 SYSTEMPATH\CodeIgniter.php(896): App\Controllers\Usuario->upload()
 7 SYSTEMPATH\CodeIgniter.php(466): CodeIgniter\CodeIgniter->runController(Object(App\Controllers\Usuario))
 8 SYSTEMPATH\CodeIgniter.php(349): CodeIgniter\CodeIgniter->handleRequest(null, Object(Config\Cache), false)
 9 FCPATH\index.php(55): CodeIgniter\CodeIgniter->run()
CRITICAL - 2022-07-24 20:00:51 --> mkdir(): No such file or directory
in SYSTEMPATH\HTTP\Files\UploadedFile.php on line 176.
 1 [internal function]: CodeIgniter\Debug\Exceptions->errorHandler(2, 'mkdir(): No such file or directory', 'SYSTEMPATH\\HTTP\\Files\\UploadedFile.php', 176)
 2 SYSTEMPATH\HTTP\Files\UploadedFile.php(176): mkdir('ROOTPATH\\writable\\uploads/C:\\xampp\\htdocs\\ci4\\writable\\uploads/imagens/', 511, true)
 3 SYSTEMPATH\HTTP\Files\UploadedFile.php(130): CodeIgniter\HTTP\Files\UploadedFile->setPath('ROOTPATH\\writable\\uploads/C:\\xampp\\htdocs\\ci4\\writable\\uploads/imagens/')
 4 SYSTEMPATH\HTTP\Files\UploadedFile.php(341): CodeIgniter\HTTP\Files\UploadedFile->move('ROOTPATH\\writable\\uploads/C:\\xampp\\htdocs\\ci4\\writable\\uploads/imagens/', 'user_name.jpg')
 5 APPPATH\Controllers\Usuario.php(56): CodeIgniter\HTTP\Files\UploadedFile->store('ROOTPATH\\writable\\uploads\\imagens', 'user_name.jpg')
 6 SYSTEMPATH\CodeIgniter.php(896): App\Controllers\Usuario->upload()
 7 SYSTEMPATH\CodeIgniter.php(466): CodeIgniter\CodeIgniter->runController(Object(App\Controllers\Usuario))
 8 SYSTEMPATH\CodeIgniter.php(349): CodeIgniter\CodeIgniter->handleRequest(null, Object(Config\Cache), false)
 9 FCPATH\index.php(55): CodeIgniter\CodeIgniter->run()
CRITICAL - 2022-07-24 20:01:55 --> mkdir(): No such file or directory
in SYSTEMPATH\HTTP\Files\UploadedFile.php on line 176.
 1 [internal function]: CodeIgniter\Debug\Exceptions->errorHandler(2, 'mkdir(): No such file or directory', 'SYSTEMPATH\\HTTP\\Files\\UploadedFile.php', 176)
 2 SYSTEMPATH\HTTP\Files\UploadedFile.php(176): mkdir('ROOTPATH\\writable\\uploads/C:\\xampp\\htdocs\\ci4\\writable\\uploads/', 511, true)
 3 SYSTEMPATH\HTTP\Files\UploadedFile.php(130): CodeIgniter\HTTP\Files\UploadedFile->setPath('ROOTPATH\\writable\\uploads/C:\\xampp\\htdocs\\ci4\\writable\\uploads/')
 4 SYSTEMPATH\HTTP\Files\UploadedFile.php(341): CodeIgniter\HTTP\Files\UploadedFile->move('ROOTPATH\\writable\\uploads/C:\\xampp\\htdocs\\ci4\\writable\\uploads/', 'user_name.jpg')
 5 APPPATH\Controllers\Usuario.php(56): CodeIgniter\HTTP\Files\UploadedFile->store('ROOTPATH\\writable\\uploads', 'user_name.jpg')
 6 SYSTEMPATH\CodeIgniter.php(896): App\Controllers\Usuario->upload()
 7 SYSTEMPATH\CodeIgniter.php(466): CodeIgniter\CodeIgniter->runController(Object(App\Controllers\Usuario))
 8 SYSTEMPATH\CodeIgniter.php(349): CodeIgniter\CodeIgniter->handleRequest(null, Object(Config\Cache), false)
 9 FCPATH\index.php(55): CodeIgniter\CodeIgniter->run()
CRITICAL - 2022-07-24 20:10:43 --> Undefined variable $filepath
in APPPATH\Controllers\Usuario.php on line 63.
 1 APPPATH\Controllers\Usuario.php(63): CodeIgniter\Debug\Exceptions->errorHandler(2, 'Undefined variable $filepath', 'APPPATH\\Controllers\\Usuario.php', 63)
 2 SYSTEMPATH\CodeIgniter.php(896): App\Controllers\Usuario->upload()
 3 SYSTEMPATH\CodeIgniter.php(466): CodeIgniter\CodeIgniter->runController(Object(App\Controllers\Usuario))
 4 SYSTEMPATH\CodeIgniter.php(349): CodeIgniter\CodeIgniter->handleRequest(null, Object(Config\Cache), false)
 5 FCPATH\index.php(55): CodeIgniter\CodeIgniter->run()
CRITICAL - 2022-07-24 20:11:34 --> SplFileInfo::getSize(): stat failed for 1
in SYSTEMPATH\Files\File.php on line 64.
 1 SYSTEMPATH\Files\File.php(64): SplFileInfo->getSize()
 2 SYSTEMPATH\Files\File.php(76): CodeIgniter\Files\File->getSize()
 3 APPPATH\Views\upload_success.php(12): CodeIgniter\Files\File->getSizeByUnit('kb')
 4 SYSTEMPATH\View\View.php(213): include('APPPATH\\Views\\upload_success.php')
 5 SYSTEMPATH\View\View.php(216): CodeIgniter\View\View->CodeIgniter\View\{closure}()
 6 SYSTEMPATH\Common.php(1135): CodeIgniter\View\View->render('upload_success', [], true)
 7 APPPATH\Controllers\Usuario.php(65): view('upload_success', [...])
 8 SYSTEMPATH\CodeIgniter.php(896): App\Controllers\Usuario->upload()
 9 SYSTEMPATH\CodeIgniter.php(466): CodeIgniter\CodeIgniter->runController(Object(App\Controllers\Usuario))
10 SYSTEMPATH\CodeIgniter.php(349): CodeIgniter\CodeIgniter->handleRequest(null, Object(Config\Cache), false)
11 FCPATH\index.php(55): CodeIgniter\CodeIgniter->run()
CRITICAL - 2022-07-24 20:25:45 --> SplFileInfo::getSize(): stat failed for 1
in SYSTEMPATH\Files\File.php on line 64.
 1 SYSTEMPATH\Files\File.php(64): SplFileInfo->getSize()
 2 SYSTEMPATH\Files\File.php(76): CodeIgniter\Files\File->getSize()
 3 APPPATH\Views\upload_success.php(12): CodeIgniter\Files\File->getSizeByUnit('kb')
 4 SYSTEMPATH\View\View.php(213): include('APPPATH\\Views\\upload_success.php')
 5 SYSTEMPATH\View\View.php(216): CodeIgniter\View\View->CodeIgniter\View\{closure}()
 6 SYSTEMPATH\Common.php(1135): CodeIgniter\View\View->render('upload_success', [], true)
 7 APPPATH\Controllers\Usuario.php(65): view('upload_success', [...])
 8 SYSTEMPATH\CodeIgniter.php(896): App\Controllers\Usuario->upload()
 9 SYSTEMPATH\CodeIgniter.php(466): CodeIgniter\CodeIgniter->runController(Object(App\Controllers\Usuario))
10 SYSTEMPATH\CodeIgniter.php(349): CodeIgniter\CodeIgniter->handleRequest(null, Object(Config\Cache), false)
11 FCPATH\index.php(55): CodeIgniter\CodeIgniter->run()
CRITICAL - 2022-07-24 20:27:00 --> SplFileInfo::getSize(): stat failed for 1
in SYSTEMPATH\Files\File.php on line 64.
 1 SYSTEMPATH\Files\File.php(64): SplFileInfo->getSize()
 2 SYSTEMPATH\Files\File.php(76): CodeIgniter\Files\File->getSize()
 3 APPPATH\Views\upload_success.php(12): CodeIgniter\Files\File->getSizeByUnit('kb')
 4 SYSTEMPATH\View\View.php(213): include('APPPATH\\Views\\upload_success.php')
 5 SYSTEMPATH\View\View.php(216): CodeIgniter\View\View->CodeIgniter\View\{closure}()
 6 SYSTEMPATH\Common.php(1135): CodeIgniter\View\View->render('upload_success', [], true)
 7 APPPATH\Controllers\Usuario.php(65): view('upload_success', [...])
 8 SYSTEMPATH\CodeIgniter.php(896): App\Controllers\Usuario->upload()
 9 SYSTEMPATH\CodeIgniter.php(466): CodeIgniter\CodeIgniter->runController(Object(App\Controllers\Usuario))
10 SYSTEMPATH\CodeIgniter.php(349): CodeIgniter\CodeIgniter->handleRequest(null, Object(Config\Cache), false)
11 FCPATH\index.php(55): CodeIgniter\CodeIgniter->run()
CRITICAL - 2022-07-24 20:28:23 --> finfo_file(1): Failed to open stream: No such file or directory
in SYSTEMPATH\Files\File.php on line 114.
 1 [internal function]: CodeIgniter\Debug\Exceptions->errorHandler(2, 'finfo_file(1): Failed to open stream: No such file or directory', 'SYSTEMPATH\\Files\\File.php', 114)
 2 SYSTEMPATH\Files\File.php(114): finfo_file(Object(finfo), '1')
 3 SYSTEMPATH\Files\File.php(97): CodeIgniter\Files\File->getMimeType()
 4 APPPATH\Views\upload_success.php(13): CodeIgniter\Files\File->guessExtension()
 5 SYSTEMPATH\View\View.php(213): include('APPPATH\\Views\\upload_success.php')
 6 SYSTEMPATH\View\View.php(216): CodeIgniter\View\View->CodeIgniter\View\{closure}()
 7 SYSTEMPATH\Common.php(1135): CodeIgniter\View\View->render('upload_success', [], true)
 8 APPPATH\Controllers\Usuario.php(65): view('upload_success', [...])
 9 SYSTEMPATH\CodeIgniter.php(896): App\Controllers\Usuario->upload()
10 SYSTEMPATH\CodeIgniter.php(466): CodeIgniter\CodeIgniter->runController(Object(App\Controllers\Usuario))
11 SYSTEMPATH\CodeIgniter.php(349): CodeIgniter\CodeIgniter->handleRequest(null, Object(Config\Cache), false)
12 FCPATH\index.php(55): CodeIgniter\CodeIgniter->run()
CRITICAL - 2022-07-24 20:45:44 --> Undefined variable $filmes
in APPPATH\Controllers\Filme.php on line 33.
 1 APPPATH\Controllers\Filme.php(33): CodeIgniter\Debug\Exceptions->errorHandler(2, 'Undefined variable $filmes', 'APPPATH\\Controllers\\Filme.php', 33)
 2 SYSTEMPATH\CodeIgniter.php(896): App\Controllers\Filme->formulario_filme()
 3 SYSTEMPATH\CodeIgniter.php(466): CodeIgniter\CodeIgniter->runController(Object(App\Controllers\Filme))
 4 SYSTEMPATH\CodeIgniter.php(349): CodeIgniter\CodeIgniter->handleRequest(null, Object(Config\Cache), false)
 5 FCPATH\index.php(55): CodeIgniter\CodeIgniter->run()
CRITICAL - 2022-07-24 20:45:58 --> Undefined variable $filmes
in APPPATH\Controllers\Filme.php on line 33.
 1 APPPATH\Controllers\Filme.php(33): CodeIgniter\Debug\Exceptions->errorHandler(2, 'Undefined variable $filmes', 'APPPATH\\Controllers\\Filme.php', 33)
 2 SYSTEMPATH\CodeIgniter.php(896): App\Controllers\Filme->formulario_filme()
 3 SYSTEMPATH\CodeIgniter.php(466): CodeIgniter\CodeIgniter->runController(Object(App\Controllers\Filme))
 4 SYSTEMPATH\CodeIgniter.php(349): CodeIgniter\CodeIgniter->handleRequest(null, Object(Config\Cache), false)
 5 FCPATH\index.php(55): CodeIgniter\CodeIgniter->run()
CRITICAL - 2022-07-24 20:47:03 --> Undefined variable $filmes
in APPPATH\Controllers\Filme.php on line 33.
 1 APPPATH\Controllers\Filme.php(33): CodeIgniter\Debug\Exceptions->errorHandler(2, 'Undefined variable $filmes', 'APPPATH\\Controllers\\Filme.php', 33)
 2 SYSTEMPATH\CodeIgniter.php(896): App\Controllers\Filme->formulario_filme()
 3 SYSTEMPATH\CodeIgniter.php(466): CodeIgniter\CodeIgniter->runController(Object(App\Controllers\Filme))
 4 SYSTEMPATH\CodeIgniter.php(349): CodeIgniter\CodeIgniter->handleRequest(null, Object(Config\Cache), false)
 5 FCPATH\index.php(55): CodeIgniter\CodeIgniter->run()
CRITICAL - 2022-07-24 20:47:30 --> Undefined variable $i
in APPPATH\Views\administracao\form_filme_v.php on line 20.
 1 APPPATH\Views\administracao\form_filme_v.php(20): CodeIgniter\Debug\Exceptions->errorHandler(2, 'Undefined variable $i', 'APPPATH\\Views\\administracao\\form_filme_v.php', 20)
 2 SYSTEMPATH\View\View.php(213): include('APPPATH\\Views\\administracao\\form_filme_v.php')
 3 SYSTEMPATH\View\View.php(216): CodeIgniter\View\View->CodeIgniter\View\{closure}()
 4 SYSTEMPATH\Common.php(1135): CodeIgniter\View\View->render('administracao/form_filme_v', [], true)
 5 APPPATH\Controllers\Filme.php(35): view('administracao/form_filme_v', [...])
 6 SYSTEMPATH\CodeIgniter.php(896): App\Controllers\Filme->formulario_filme()
 7 SYSTEMPATH\CodeIgniter.php(466): CodeIgniter\CodeIgniter->runController(Object(App\Controllers\Filme))
 8 SYSTEMPATH\CodeIgniter.php(349): CodeIgniter\CodeIgniter->handleRequest(null, Object(Config\Cache), false)
 9 FCPATH\index.php(55): CodeIgniter\CodeIgniter->run()
CRITICAL - 2022-07-24 21:03:15 --> Undefined variable $errors
in APPPATH\Views\login_v.php on line 110.
 1 APPPATH\Views\login_v.php(110): CodeIgniter\Debug\Exceptions->errorHandler(2, 'Undefined variable $errors', 'APPPATH\\Views\\login_v.php', 110)
 2 SYSTEMPATH\View\View.php(213): include('APPPATH\\Views\\login_v.php')
 3 SYSTEMPATH\View\View.php(216): CodeIgniter\View\View->CodeIgniter\View\{closure}()
 4 SYSTEMPATH\Common.php(1135): CodeIgniter\View\View->render('login_v', [], true)
 5 APPPATH\Controllers\Usuario.php(28): view('login_v', [...])
 6 SYSTEMPATH\CodeIgniter.php(896): App\Controllers\Usuario->index()
 7 SYSTEMPATH\CodeIgniter.php(466): CodeIgniter\CodeIgniter->runController(Object(App\Controllers\Usuario))
 8 SYSTEMPATH\CodeIgniter.php(349): CodeIgniter\CodeIgniter->handleRequest(null, Object(Config\Cache), false)
 9 FCPATH\index.php(55): CodeIgniter\CodeIgniter->run()
CRITICAL - 2022-07-24 21:05:46 --> Undefined variable $i
in APPPATH\Views\administracao\form_filme_v.php on line 35.
 1 APPPATH\Views\administracao\form_filme_v.php(35): CodeIgniter\Debug\Exceptions->errorHandler(2, 'Undefined variable $i', 'APPPATH\\Views\\administracao\\form_filme_v.php', 35)
 2 SYSTEMPATH\View\View.php(213): include('APPPATH\\Views\\administracao\\form_filme_v.php')
 3 SYSTEMPATH\View\View.php(216): CodeIgniter\View\View->CodeIgniter\View\{closure}()
 4 SYSTEMPATH\Common.php(1135): CodeIgniter\View\View->render('administracao/form_filme_v', [], true)
 5 APPPATH\Controllers\Filme.php(35): view('administracao/form_filme_v', [...])
 6 SYSTEMPATH\CodeIgniter.php(896): App\Controllers\Filme->novo_filme()
 7 SYSTEMPATH\CodeIgniter.php(466): CodeIgniter\CodeIgniter->runController(Object(App\Controllers\Filme))
 8 SYSTEMPATH\CodeIgniter.php(349): CodeIgniter\CodeIgniter->handleRequest(null, Object(Config\Cache), false)
 9 FCPATH\index.php(55): CodeIgniter\CodeIgniter->run()
